2025-05-31 02:32:24,478 - INFO - url: https://raw.githubusercontent.com/YanG-1989/m3u/refs/heads/main/Gather.m3u è·å–æˆåŠŸï¼Œåˆ¤æ–­ä¸ºm3uæ ¼å¼
2025-05-31 02:32:24,478 - INFO - url: https://raw.githubusercontent.com/YanG-1989/m3u/refs/heads/main/Gather.m3u çˆ¬å–æˆåŠŸâœ…ï¼ŒåŒ…å«é¢‘é“åˆ†ç±»: â€¢æ¸©é¦¨ã€Œæç¤ºã€, â€¢å’ªå’•ã€ŒIPV4ã€, â€¢æ¸¸æˆã€Œèµ›äº‹ã€, â€¢å½±è§†ã€Œè½®æ’­ã€
2025-05-31 02:33:04,103 - ERROR - url: http://aktv.top/live.txt çˆ¬å–å¤±è´¥âŒ, Error: 522 Server Error:  for url: http://aktv.top/live.txt
2025-05-31 02:33:04,283 - INFO - url: https://live.fanmingming.com/tv/m3u/ipv6.m3u è·å–æˆåŠŸï¼Œåˆ¤æ–­ä¸ºm3uæ ¼å¼
2025-05-31 02:33:04,283 - INFO - url: https://live.fanmingming.com/tv/m3u/ipv6.m3u çˆ¬å–æˆåŠŸâœ…ï¼ŒåŒ…å«é¢‘é“åˆ†ç±»: å¤®è§†é¢‘é“, å«è§†é¢‘é“, æµ™æ±Ÿé¢‘é“, å†…è’™é¢‘é“
2025-05-31 02:33:04,453 - INFO - url: https://raw.githubusercontent.com/yuanzl77/IPTV/main/ç›´æ’­/å¤®è§†é¢‘é“.txt è·å–æˆåŠŸï¼Œåˆ¤æ–­ä¸ºtxtæ ¼å¼
2025-05-31 02:33:04,453 - INFO - url: https://raw.githubusercontent.com/yuanzl77/IPTV/main/ç›´æ’­/å¤®è§†é¢‘é“.txt çˆ¬å–æˆåŠŸâœ…ï¼ŒåŒ…å«é¢‘é“åˆ†ç±»: å¤®è§†é¢‘é“
2025-05-31 02:35:17,442 - ERROR - url: http://120.79.4.185/new/mdlive.txt çˆ¬å–å¤±è´¥âŒ, Error: HTTPConnectionPool(host='120.79.4.185', port=80): Max retries exceeded with url: /new/mdlive.txt (Caused by ConnectTimeoutError(<urllib3.connection.HTTPConnection object at 0x7f3f89370310>, 'Connection to 120.79.4.185 timed out. (connect timeout=None)'))
2025-05-31 02:35:17,536 - ERROR - url: https://raw.githubusercontent.com/Fairy8o/IPTV/main/PDX-V4.txt çˆ¬å–å¤±è´¥âŒ, Error: 404 Client Error: Not Found for url: https://raw.githubusercontent.com/Fairy8o/IPTV/main/PDX-V4.txt
2025-05-31 02:35:17,648 - ERROR - url: https://raw.githubusercontent.com/Fairy8o/IPTV/main/PDX-V6.txt çˆ¬å–å¤±è´¥âŒ, Error: 404 Client Error: Not Found for url: https://raw.githubusercontent.com/Fairy8o/IPTV/main/PDX-V6.txt
2025-05-31 02:35:18,833 - INFO - url: https://live.zhoujie218.top/tv/iptv6.txt è·å–æˆåŠŸï¼Œåˆ¤æ–­ä¸ºtxtæ ¼å¼
2025-05-31 02:35:18,833 - INFO - url: https://live.zhoujie218.top/tv/iptv6.txt çˆ¬å–æˆåŠŸâœ…ï¼ŒåŒ…å«é¢‘é“åˆ†ç±»: å¤®è§†é¢‘é“, å«è§†é¢‘é“, ç”µå½±é¢‘é“, å„¿ç«¥é¢‘é“, åœ°æ–¹é¢‘é“, ä½“è‚²é¢‘é“, æ›´æ–°æ—¶é—´
2025-05-31 02:35:20,178 - INFO - url: https://live.zhoujie218.top/tv/iptv4.txt è·å–æˆåŠŸï¼Œåˆ¤æ–­ä¸ºtxtæ ¼å¼
2025-05-31 02:35:20,181 - INFO - url: https://live.zhoujie218.top/tv/iptv4.txt çˆ¬å–æˆåŠŸâœ…ï¼ŒåŒ…å«é¢‘é“åˆ†ç±»: å¤®è§†é¢‘é“, å«è§†é¢‘é“, ç”µå½±é¢‘é“, æ•°å­—é¢‘é“, å„¿ç«¥é¢‘é“, åœ°æ–¹é¢‘é“, çºªå½•é¢‘é“, ä½“è‚²é¢‘é“, è§£è¯´é¢‘é“, éŸ³ä¹é¢‘é“, æ˜¥æ™šé¢‘é“, ç›´æ’­ä¸­å›½, æ›´æ–°æ—¶é—´
2025-05-31 02:35:20,244 - ERROR - url: https://www.mytvsuper.xyz/m3u/Live.m3u çˆ¬å–å¤±è´¥âŒ, Error: HTTPSConnectionPool(host='www.mytvsuper.xyz', port=443): Max retries exceeded with url: /m3u/Live.m3u (Caused by SSLError(SSLCertVerificationError(1, "[SSL: CERTIFICATE_VERIFY_FAILED] certificate verify failed: Hostname mismatch, certificate is not valid for 'www.mytvsuper.xyz'. (_ssl.c:1017)")))
2025-05-31 02:35:21,897 - INFO - url: https://tv.youdu.fan:666/live/ è·å–æˆåŠŸï¼Œåˆ¤æ–­ä¸ºtxtæ ¼å¼
2025-05-31 02:35:21,915 - INFO - url: https://tv.youdu.fan:666/live/ çˆ¬å–æˆåŠŸâœ…ï¼ŒåŒ…å«é¢‘é“åˆ†ç±»: ğŸŒ¹é˜²å¤±è”, ğŸ“¡æ¸¸å±±ç©æ°´, å¤®è§†èŠ‚ç›®, å«è§†èŠ‚ç›®, IPV6å¤®è§†é¢‘é“, IPV6å«è§†é¢‘é“, å¤®è§†é¢‘é“, å«è§†é¢‘é“, åœ°æ–¹é¢‘é“, ğŸ“¡å„¿ç«¥é¢‘é“, ğŸ“¡æ¸¯æ¾³å°é¢‘é“, ğŸ“¡å†å±Šæ˜¥æ™š, ğŸ“¡ç›´æ’­ä¸­å›½, ğŸŒå›½é™…é¢‘é“, ğŸ’ç”µå½±é¢‘é“, ğŸ’ƒä¸¨MTVç°ä»£, ğŸ“›ä¸¨MTVæ€€æ—§, ğŸ“¡æµ‹è¯•
2025-05-31 02:35:22,361 - ERROR - url: http://ww.weidonglong.com/dsj.txt çˆ¬å–å¤±è´¥âŒ, Error: HTTPConnectionPool(host='ww.weidonglong.com', port=80): Max retries exceeded with url: /dsj.txt (Caused by NameResolutionError("<urllib3.connection.HTTPConnection object at 0x7f3f89373220>: Failed to resolve 'ww.weidonglong.com' ([Errno -2] Name or service not known)"))
2025-05-31 02:35:22,553 - ERROR - url: http://xhztv.top/zbc.txt çˆ¬å–å¤±è´¥âŒ, Error: 404 Client Error: Not Found for url: http://xhztv.top/zbc.txt
2025-05-31 02:35:22,786 - INFO - url: https://raw.githubusercontent.com/qingwen07/awesome-iptv/main/tvbox_live_all.txt è·å–æˆåŠŸï¼Œåˆ¤æ–­ä¸ºtxtæ ¼å¼
2025-05-31 02:35:22,806 - INFO - url: https://raw.githubusercontent.com/qingwen07/awesome-iptv/main/tvbox_live_all.txt çˆ¬å–æˆåŠŸâœ…ï¼ŒåŒ…å«é¢‘é“åˆ†ç±»: å¤®è§†, æ–°é—», å«è§†å°, åœ°æ–¹å°, æ¸¯æ¾³å°, åŸ‹å †å †, å½±è§†, ä½“è‚², éŸ³ä¹, å°å“, å’ªå’•, æ–—é±¼, å°‘å„¿, å›½å¤–, IPV6, 
2025-05-31 02:35:23,003 - INFO - url: https://raw.githubusercontent.com/Guovin/TV/gd/output/result.txt è·å–æˆåŠŸï¼Œåˆ¤æ–­ä¸ºtxtæ ¼å¼
2025-05-31 02:35:23,010 - INFO - url: https://raw.githubusercontent.com/Guovin/TV/gd/output/result.txt çˆ¬å–æˆåŠŸâœ…ï¼ŒåŒ…å«é¢‘é“åˆ†ç±»: ğŸ•˜ï¸æ›´æ–°æ—¶é—´, ğŸ“ºå¤®è§†é¢‘é“, ğŸ’°å¤®è§†ä»˜è´¹é¢‘é“, ğŸ“¡å«è§†é¢‘é“, â˜˜ï¸å¹¿ä¸œé¢‘é“, â˜˜ï¸æµ™æ±Ÿé¢‘é“, â˜˜ï¸åŒ—äº¬é¢‘é“, â˜˜ï¸ä¸Šæµ·é¢‘é“, â˜˜ï¸é‡åº†é¢‘é“, â˜˜ï¸æ±Ÿè‹é¢‘é“, â˜˜ï¸è¾½å®é¢‘é“, â˜˜ï¸æ¹–å—é¢‘é“, â˜˜ï¸æ¹–åŒ—é¢‘é“, â˜˜ï¸å¹¿è¥¿é¢‘é“, â˜˜ï¸å¤©æ´¥é¢‘é“, â˜˜ï¸å››å·é¢‘é“, â˜˜ï¸é™•è¥¿é¢‘é“, â˜˜ï¸ç¦å»ºé¢‘é“, â˜˜ï¸æµ·å—é¢‘é“, â˜˜ï¸æ²³å—é¢‘é“, â˜˜ï¸æ²³åŒ—é¢‘é“, â˜˜ï¸è´µå·é¢‘é“, â˜˜ï¸ç”˜è‚ƒé¢‘é“, â˜˜ï¸æ–°ç–†é¢‘é“, â˜˜ï¸å±±ä¸œé¢‘é“, â˜˜ï¸å±±è¥¿é¢‘é“, â˜˜ï¸å®‰å¾½é¢‘é“, â˜˜ï¸å®å¤é¢‘é“, â˜˜ï¸å‰æ—é¢‘é“, â˜˜ï¸å†…è’™å¤é¢‘é“, â˜˜ï¸äº‘å—é¢‘é“, â˜˜ï¸é’æµ·é¢‘é“, â˜˜ï¸é»‘é¾™æ±Ÿé¢‘é“, ğŸŒŠæ¸¯Â·æ¾³Â·å°, ğŸ¬ç”µå½±é¢‘é“, ğŸ¥å’ªå’•ç›´æ’­, ğŸ€ä½“è‚²é¢‘é“, ğŸªåŠ¨ç”»é¢‘é“, ğŸ®æ¸¸æˆé¢‘é“, ğŸµéŸ³ä¹é¢‘é“, ğŸ›ç»å…¸å‰§åœº
2025-05-31 02:35:24,010 - INFO - url: http://home.jundie.top:81/Cat/tv/live.txt è·å–æˆåŠŸï¼Œåˆ¤æ–­ä¸ºtxtæ ¼å¼
2025-05-31 02:35:24,014 - INFO - url: http://home.jundie.top:81/Cat/tv/live.txt çˆ¬å–æˆåŠŸâœ…ï¼ŒåŒ…å«é¢‘é“åˆ†ç±»: ğŸ“ºå¤®è§†é¢‘é“, ğŸ’°å¤®è§†ä»˜è´¹é¢‘é“, ğŸ“¡å«è§†é¢‘é“, â˜˜ï¸å¹¿ä¸œé¢‘é“, â˜˜ï¸æµ™æ±Ÿé¢‘é“, â˜˜ï¸åŒ—äº¬é¢‘é“, â˜˜ï¸ä¸Šæµ·é¢‘é“, â˜˜ï¸é‡åº†é¢‘é“, â˜˜ï¸æ±Ÿè‹é¢‘é“, â˜˜ï¸è¾½å®é¢‘é“, â˜˜ï¸æ¹–å—é¢‘é“, â˜˜ï¸æ¹–åŒ—é¢‘é“, â˜˜ï¸å¹¿è¥¿é¢‘é“, â˜˜ï¸å¤©æ´¥é¢‘é“, â˜˜ï¸å››å·é¢‘é“, â˜˜ï¸é™•è¥¿é¢‘é“, â˜˜ï¸ç¦å»ºé¢‘é“, â˜˜ï¸æ²³å—é¢‘é“, â˜˜ï¸æ²³åŒ—é¢‘é“, â˜˜ï¸è´µå·é¢‘é“, â˜˜ï¸ç”˜è‚ƒé¢‘é“, â˜˜ï¸æ–°ç–†é¢‘é“, â˜˜ï¸å±±ä¸œé¢‘é“, â˜˜ï¸å±±è¥¿é¢‘é“, â˜˜ï¸å®‰å¾½é¢‘é“, â˜˜ï¸å®å¤é¢‘é“, â˜˜ï¸å‰æ—é¢‘é“, â˜˜ï¸äº‘å—é¢‘é“, â˜˜ï¸é’æµ·é¢‘é“, â˜˜ï¸é»‘é¾™æ±Ÿé¢‘é“, ğŸŒŠæ¸¯Â·æ¾³Â·å°, ğŸ¬ç”µå½±é¢‘é“, ğŸ¥å’ªå’•ç›´æ’­, ğŸ€ä½“è‚²é¢‘é“, ğŸªåŠ¨ç”»é¢‘é“, ğŸ®æ¸¸æˆé¢‘é“, ğŸµéŸ³ä¹é¢‘é“, ğŸ›ç»å…¸å‰§åœº, åŸ‹å †å †
2025-05-31 02:35:24,344 - INFO - url: https://raw.githubusercontent.com/vbskycn/iptv/master/tv/hd.txt è·å–æˆåŠŸï¼Œåˆ¤æ–­ä¸ºtxtæ ¼å¼
2025-05-31 02:35:24,348 - INFO - url: https://raw.githubusercontent.com/vbskycn/iptv/master/tv/hd.txt çˆ¬å–æˆåŠŸâœ…ï¼ŒåŒ…å«é¢‘é“åˆ†ç±»: å¤®è§†é¢‘é“jyd, æ¸¯æ¾³å°jyd, å«è§†é¢‘é“jyd, æ±Ÿè¥¿æœ¬åœ°jyd, å„¿ç«¥é¢‘é“jyd, ç”µå½±é¢‘é“jyd, å…¶ä»–é¢‘é“jyd, å¤®è§†é¢‘é“jdx, æ±Ÿè¥¿æœ¬åœ°jdx, å«è§†é¢‘é“jdx, ç”µå½±é¢‘é“jdx, ä½“è‚²é¢‘é“jdx, å„¿ç«¥é¢‘é“jdx, ç‰¹è‰²é¢‘é“jdx, å…¶ä»–é¢‘é“jdx, å¤®è§†é¢‘é“ip6, å«è§†é¢‘é“ip6, ç”µå½±é¢‘é“ip6, å„¿ç«¥é¢‘é“ip6, åœ°æ–¹é¢‘é“ip6, ä½“è‚²é¢‘é“ip6, æ›´æ–°æ—¶é—´ip6, å¤®è§†é¢‘é“ip4, å«è§†é¢‘é“ip4, ç”µå½±é¢‘é“ip4, æ•°å­—é¢‘é“ip4, å„¿ç«¥é¢‘é“ip4, åœ°æ–¹é¢‘é“ip4, çºªå½•é¢‘é“ip4, ä½“è‚²é¢‘é“ip4, è§£è¯´é¢‘é“ip4, éŸ³ä¹é¢‘é“ip4, æ˜¥æ™šé¢‘é“ip4, ç›´æ’­ä¸­å›½ip4, æ›´æ–°æ—¶é—´ip4
2025-05-31 02:35:24,384 - INFO - url: https://cdn.jsdelivr.net/gh/YueChan/live@main/IPTV.m3u è·å–æˆåŠŸï¼Œåˆ¤æ–­ä¸ºm3uæ ¼å¼
2025-05-31 02:35:24,384 - INFO - url: https://cdn.jsdelivr.net/gh/YueChan/live@main/IPTV.m3u çˆ¬å–æˆåŠŸâœ…ï¼ŒåŒ…å«é¢‘é“åˆ†ç±»: å¤®è§†, å«è§†, åœ°æ–¹, æ•°å­—
2025-05-31 02:35:24,478 - INFO - url: https://raw.githubusercontent.com/cymz6/AutoIPTV-Hotel/main/lives.txt è·å–æˆåŠŸï¼Œåˆ¤æ–­ä¸ºtxtæ ¼å¼
2025-05-31 02:35:24,478 - INFO - url: https://raw.githubusercontent.com/cymz6/AutoIPTV-Hotel/main/lives.txt çˆ¬å–æˆåŠŸâœ…ï¼ŒåŒ…å«é¢‘é“åˆ†ç±»: å¤®è§†é¢‘é“, å«è§†é¢‘é“, å…¶ä»–é¢‘é“
2025-05-31 02:35:24,654 - INFO - url: https://raw.githubusercontent.com/PizazzGY/TVBox_warehouse/main/live.txt è·å–æˆåŠŸï¼Œåˆ¤æ–­ä¸ºtxtæ ¼å¼
2025-05-31 02:35:24,654 - INFO - url: https://raw.githubusercontent.com/PizazzGY/TVBox_warehouse/main/live.txt çˆ¬å–æˆåŠŸâœ…ï¼ŒåŒ…å«é¢‘é“åˆ†ç±»: å¤®è§†
2025-05-31 02:35:25,874 - INFO - url: https://fm1077.serv00.net/SmartTV.m3u è·å–æˆåŠŸï¼Œåˆ¤æ–­ä¸ºm3uæ ¼å¼
2025-05-31 02:35:25,876 - INFO - url: https://fm1077.serv00.net/SmartTV.m3u çˆ¬å–æˆåŠŸâœ…ï¼ŒåŒ…å«é¢‘é“åˆ†ç±»: è‡ºç£ Taiwan, é¦¬ä¾†è¥¿äº Malaysia, æ–°åŠ å¡ Singapore, å°å°¼ Indonesia, é¦™æ¸¯ Hongkong, ä¸­åœ‹ China, é«”è‚² Sports, å°åº¦ Indian, é›»å½± Movie, ç´€éŒ„ Documentary, æ–°è News, å…’ç«¥ Kids, æ³°åœ‹ Thailand, è‹±åœ‹ United Kingdom, è¶Šå— Vietnam, éŸ“åœ‹ Korea, æ—¥æœ¬ Japan
2025-05-31 02:35:26,019 - INFO - url: https://raw.githubusercontent.com/ssili126/tv/main/itvlist.txt è·å–æˆåŠŸï¼Œåˆ¤æ–­ä¸ºtxtæ ¼å¼
2025-05-31 02:35:26,020 - INFO - url: https://raw.githubusercontent.com/ssili126/tv/main/itvlist.txt çˆ¬å–æˆåŠŸâœ…ï¼ŒåŒ…å«é¢‘é“åˆ†ç±»: å¤®è§†é¢‘é“, å«è§†é¢‘é“, å…¶ä»–é¢‘é“
2025-05-31 02:35:26,028 - INFO - url: https://raw.githubusercontent.com/kimwang1978/collect-tv-txt/main/merged_output.txt è·å–æˆåŠŸï¼Œåˆ¤æ–­ä¸ºtxtæ ¼å¼
2025-05-31 02:35:26,028 - INFO - url: https://raw.githubusercontent.com/kimwang1978/collect-tv-txt/main/merged_output.txt çˆ¬å–æˆåŠŸâœ…ï¼ŒåŒ…å«é¢‘é“åˆ†ç±»: æ›´æ–°æ—¶é—´
2025-05-31 02:35:28,150 - INFO - url: https://ghp.ci/raw.githubusercontent.com/MemoryCollection/IPTV/refs/heads/main/itvlist.m3u è·å–æˆåŠŸï¼Œåˆ¤æ–­ä¸ºtxtæ ¼å¼
2025-05-31 02:35:28,579 - INFO - url: https://github.moeyy.xyz/https://raw.githubusercontent.com/Ftindy/IPTV-URL/main/huyayqk.m3u è·å–æˆåŠŸï¼Œåˆ¤æ–­ä¸ºm3uæ ¼å¼
2025-05-31 02:35:28,581 - INFO - url: https://github.moeyy.xyz/https://raw.githubusercontent.com/Ftindy/IPTV-URL/main/huyayqk.m3u çˆ¬å–æˆåŠŸâœ…ï¼ŒåŒ…å«é¢‘é“åˆ†ç±»: ä¸€èµ·çœ‹, åŸåˆ›, ç§‘æŠ€
2025-05-31 02:35:29,322 - INFO - url: http://www.lyyytv.cn/yt/zhibo/1.txt è·å–æˆåŠŸï¼Œåˆ¤æ–­ä¸ºtxtæ ¼å¼
2025-05-31 02:35:29,324 - INFO - url: http://www.lyyytv.cn/yt/zhibo/1.txt çˆ¬å–æˆåŠŸâœ…ï¼ŒåŒ…å«é¢‘é“åˆ†ç±»: å¤®å«é¢‘é“, â˜˜ï¸æµ™æ±Ÿé¢‘é“, â˜˜ï¸åŒ—äº¬é¢‘é“, â˜˜ï¸ä¸Šæµ·é¢‘é“, â˜˜ï¸é‡åº†é¢‘é“, â˜˜ï¸æ±Ÿè‹é¢‘é“, â˜˜ï¸è¾½å®é¢‘é“, â˜˜ï¸æ¹–å—é¢‘é“, â˜˜ï¸æ¹–åŒ—é¢‘é“, â˜˜ï¸å¹¿è¥¿é¢‘é“, â˜˜ï¸å¤©æ´¥é¢‘é“, â˜˜ï¸å››å·é¢‘é“, â˜˜ï¸é™•è¥¿é¢‘é“, â˜˜ï¸ç¦å»ºé¢‘é“, â˜˜ï¸æµ·å—é¢‘é“, â˜˜ï¸æ²³å—é¢‘é“, â˜˜ï¸æ²³åŒ—é¢‘é“, â˜˜ï¸è´µå·é¢‘é“, â˜˜ï¸ç”˜è‚ƒé¢‘é“, â˜˜ï¸æ–°ç–†é¢‘é“, â˜˜ï¸å±±ä¸œé¢‘é“, â˜˜ï¸å±±è¥¿é¢‘é“, â˜˜ï¸å®‰å¾½é¢‘é“, â˜˜ï¸å®å¤é¢‘é“, â˜˜ï¸å‰æ—é¢‘é“, â˜˜ï¸å†…è’™å¤é¢‘é“, â˜˜ï¸äº‘å—é¢‘é“, â˜˜ï¸é’æµ·é¢‘é“, â˜˜ï¸é»‘é¾™æ±Ÿé¢‘é“, ğŸŒŠæ¸¯Â·æ¾³Â·å°, ğŸ¬ç”µå½±é¢‘é“, ğŸ¥å’ªå’•ç›´æ’­, ğŸ€ä½“è‚²é¢‘é“, ğŸªåŠ¨ç”»é¢‘é“, ğŸ®æ¸¸æˆé¢‘é“, ğŸµéŸ³ä¹é¢‘é“, å†å±Šæ˜¥æ™š
2025-05-31 02:35:30,809 - INFO - url: http://live.nctv.top/x.txt è·å–æˆåŠŸï¼Œåˆ¤æ–­ä¸ºtxtæ ¼å¼
2025-05-31 02:35:30,851 - INFO - url: http://live.nctv.top/x.txt çˆ¬å–æˆåŠŸâœ…ï¼ŒåŒ…å«é¢‘é“åˆ†ç±»: ğŸ“¡  æ›´æ–°æ—¥æœŸ, ğŸ“¡  å¤®è§†é¢‘é“, ğŸ“¡  å«è§†é¢‘é“, ğŸ“¡  æ±Ÿè¥¿é¢‘é“, ğŸ“¡  ç§»åŠ¨å¤®è§†, ğŸ“¡  ç§»åŠ¨å«è§†, ğŸ“¡  å°æ¹¾4GTV, ğŸ“¡  æ¸¯å°é¢‘é“, ğŸ“¡  åŠ¨ä½œé¢‘é“, ğŸ“¡  ç§‘å¹»é¢‘é“, ğŸ“¡  ææ€–é¢‘é“, ğŸ“¡  æˆ˜äº‰é¢‘é“, ğŸ“¡  ä¸Šæµ·é¢‘é“, ğŸ“¡  åŒ—äº¬é¢‘é“, ğŸ“¡  å¹¿ä¸œé¢‘é“, ğŸ“¡  æ¹–å—é¢‘é“, ğŸ“¡  æµ™æ±Ÿé¢‘é“, ğŸ“¡  æ±Ÿè‹é¢‘é“, ğŸ“¡  å®‰å¾½é¢‘é“, ğŸ“¡  é™•è¥¿é¢‘é“, ğŸ“¡  ç¦å»ºé¢‘é“, ğŸ“¡  æ²³å—é¢‘é“, ğŸ“¡  æ²³åŒ—é¢‘é“, ğŸ“¡  æ¹–åŒ—é¢‘é“, ğŸ“¡  å››å·é¢‘é“, ğŸ“¡  é‡åº†é¢‘é“, ğŸ“¡  å±±ä¸œé¢‘é“, ğŸ“¡  å†…è’™é¢‘é“, ğŸ“¡  è´µå·é¢‘é“, ğŸ“¡  è¾½å®é¢‘é“, ğŸ“¡  é»‘é¾™æ±Ÿé¢‘é“, ğŸ“¡  å›½é™…, ğŸ‡­ğŸ‡°æ¸¯å°, ğŸ‡¨ğŸ‡³è™ç‰™ç›´æ’­, ğŸ‡¨ğŸ‡³æ–—é±¼ç›´æ’­, ğŸ‡¨ğŸ‡³å’ªå’•é¢‘é“, ğŸ‡¨ğŸ‡³è½®æ’­, ğŸ‡¨ğŸ‡³ç”µè§†å‰§è½®æ’­, ğŸ‡¨ğŸ‡³ YYé¢‘é“, ğŸ‡¨ğŸ‡³åŸ‹å †å †ï¼ˆæ¸¯å‰§ï¼‰, ğŸ‡¨ğŸ‡³æ•°å­—ç”µè§†, ğŸ‡¨ğŸ‡³å†å¹´æ˜¥æ™š, ğŸ‡¨ğŸ‡³ç›´æ’­ä¸­å›½, ğŸ’« ç»å…¸ç”µå½±, ğŸ’« è¥¿æ¸¸è®°, ğŸ’« ç»å…¸å°å“, ğŸ’«ç”µå°å¹¿æ’­, ğŸ’« å¹¿åœºèˆ, ğŸ’«æ­Œæ˜Ÿé‡‘æ›², ğŸ’«MTV, ğŸ’«DJéŸ³ä¹, ğŸ’«æ¼”å”±ä¼š
2025-05-31 02:35:31,525 - INFO - url: http://www.lyyytv.cn/yt/zhibo/1.txt è·å–æˆåŠŸï¼Œåˆ¤æ–­ä¸ºtxtæ ¼å¼
2025-05-31 02:35:31,527 - INFO - url: http://www.lyyytv.cn/yt/zhibo/1.txt çˆ¬å–æˆåŠŸâœ…ï¼ŒåŒ…å«é¢‘é“åˆ†ç±»: å¤®å«é¢‘é“, â˜˜ï¸æµ™æ±Ÿé¢‘é“, â˜˜ï¸åŒ—äº¬é¢‘é“, â˜˜ï¸ä¸Šæµ·é¢‘é“, â˜˜ï¸é‡åº†é¢‘é“, â˜˜ï¸æ±Ÿè‹é¢‘é“, â˜˜ï¸è¾½å®é¢‘é“, â˜˜ï¸æ¹–å—é¢‘é“, â˜˜ï¸æ¹–åŒ—é¢‘é“, â˜˜ï¸å¹¿è¥¿é¢‘é“, â˜˜ï¸å¤©æ´¥é¢‘é“, â˜˜ï¸å››å·é¢‘é“, â˜˜ï¸é™•è¥¿é¢‘é“, â˜˜ï¸ç¦å»ºé¢‘é“, â˜˜ï¸æµ·å—é¢‘é“, â˜˜ï¸æ²³å—é¢‘é“, â˜˜ï¸æ²³åŒ—é¢‘é“, â˜˜ï¸è´µå·é¢‘é“, â˜˜ï¸ç”˜è‚ƒé¢‘é“, â˜˜ï¸æ–°ç–†é¢‘é“, â˜˜ï¸å±±ä¸œé¢‘é“, â˜˜ï¸å±±è¥¿é¢‘é“, â˜˜ï¸å®‰å¾½é¢‘é“, â˜˜ï¸å®å¤é¢‘é“, â˜˜ï¸å‰æ—é¢‘é“, â˜˜ï¸å†…è’™å¤é¢‘é“, â˜˜ï¸äº‘å—é¢‘é“, â˜˜ï¸é’æµ·é¢‘é“, â˜˜ï¸é»‘é¾™æ±Ÿé¢‘é“, ğŸŒŠæ¸¯Â·æ¾³Â·å°, ğŸ¬ç”µå½±é¢‘é“, ğŸ¥å’ªå’•ç›´æ’­, ğŸ€ä½“è‚²é¢‘é“, ğŸªåŠ¨ç”»é¢‘é“, ğŸ®æ¸¸æˆé¢‘é“, ğŸµéŸ³ä¹é¢‘é“, å†å±Šæ˜¥æ™š
2025-05-31 02:35:31,720 - ERROR - url: https://tv.iill.top/m3u/Live çˆ¬å–å¤±è´¥âŒ, Error: 403 Client Error: Forbidden for url: https://tv.iill.top/m3u/Live
2025-05-31 02:35:32,412 - ERROR - url: http://tipu.xjqxz.top/live1213.txt çˆ¬å–å¤±è´¥âŒ, Error: ('Connection aborted.', RemoteDisconnected('Remote end closed connection without response'))
2025-05-31 02:35:37,691 - ERROR - Future exception was never retrieved
future: <Future finished exception=ClientConnectionError('Connection lost: [SSL: APPLICATION_DATA_AFTER_CLOSE_NOTIFY] application data after close notify (_ssl.c:2712)')>
Traceback (most recent call last):
  File "/opt/hostedtoolcache/Python/3.10.17/x64/lib/python3.10/asyncio/sslproto.py", line 534, in data_received
    ssldata, appdata = self._sslpipe.feed_ssldata(data)
  File "/opt/hostedtoolcache/Python/3.10.17/x64/lib/python3.10/asyncio/sslproto.py", line 206, in feed_ssldata
    self._sslobj.unwrap()
  File "/opt/hostedtoolcache/Python/3.10.17/x64/lib/python3.10/ssl.py", line 979, in unwrap
    return self._sslobj.shutdown()
ssl.SSLError: [SSL: APPLICATION_DATA_AFTER_CLOSE_NOTIFY] application data after close notify (_ssl.c:2712)

The above exception was the direct cause of the following exception:

aiohttp.client_exceptions.ClientConnectionError: Connection lost: [SSL: APPLICATION_DATA_AFTER_CLOSE_NOTIFY] application data after close notify (_ssl.c:2712)
2025-05-31 02:35:40,524 - ERROR - Future exception was never retrieved
future: <Future finished exception=ClientConnectionError('Connection lost: [SSL: APPLICATION_DATA_AFTER_CLOSE_NOTIFY] application data after close notify (_ssl.c:2712)')>
Traceback (most recent call last):
  File "/opt/hostedtoolcache/Python/3.10.17/x64/lib/python3.10/asyncio/sslproto.py", line 534, in data_received
    ssldata, appdata = self._sslpipe.feed_ssldata(data)
  File "/opt/hostedtoolcache/Python/3.10.17/x64/lib/python3.10/asyncio/sslproto.py", line 206, in feed_ssldata
    self._sslobj.unwrap()
  File "/opt/hostedtoolcache/Python/3.10.17/x64/lib/python3.10/ssl.py", line 979, in unwrap
    return self._sslobj.shutdown()
ssl.SSLError: [SSL: APPLICATION_DATA_AFTER_CLOSE_NOTIFY] application data after close notify (_ssl.c:2712)

The above exception was the direct cause of the following exception:

aiohttp.client_exceptions.ClientConnectionError: Connection lost: [SSL: APPLICATION_DATA_AFTER_CLOSE_NOTIFY] application data after close notify (_ssl.c:2712)
2025-05-31 02:35:40,533 - ERROR - Future exception was never retrieved
future: <Future finished exception=ClientConnectionError('Connection lost: [SSL: APPLICATION_DATA_AFTER_CLOSE_NOTIFY] application data after close notify (_ssl.c:2712)')>
Traceback (most recent call last):
  File "/opt/hostedtoolcache/Python/3.10.17/x64/lib/python3.10/asyncio/sslproto.py", line 534, in data_received
    ssldata, appdata = self._sslpipe.feed_ssldata(data)
  File "/opt/hostedtoolcache/Python/3.10.17/x64/lib/python3.10/asyncio/sslproto.py", line 206, in feed_ssldata
    self._sslobj.unwrap()
  File "/opt/hostedtoolcache/Python/3.10.17/x64/lib/python3.10/ssl.py", line 979, in unwrap
    return self._sslobj.shutdown()
ssl.SSLError: [SSL: APPLICATION_DATA_AFTER_CLOSE_NOTIFY] application data after close notify (_ssl.c:2712)

The above exception was the direct cause of the following exception:

aiohttp.client_exceptions.ClientConnectionError: Connection lost: [SSL: APPLICATION_DATA_AFTER_CLOSE_NOTIFY] application data after close notify (_ssl.c:2712)
2025-05-31 02:35:43,257 - ERROR - Future exception was never retrieved
future: <Future finished exception=ClientConnectionError('Connection lost: [SSL: APPLICATION_DATA_AFTER_CLOSE_NOTIFY] application data after close notify (_ssl.c:2712)')>
Traceback (most recent call last):
  File "/opt/hostedtoolcache/Python/3.10.17/x64/lib/python3.10/asyncio/sslproto.py", line 534, in data_received
    ssldata, appdata = self._sslpipe.feed_ssldata(data)
  File "/opt/hostedtoolcache/Python/3.10.17/x64/lib/python3.10/asyncio/sslproto.py", line 206, in feed_ssldata
    self._sslobj.unwrap()
  File "/opt/hostedtoolcache/Python/3.10.17/x64/lib/python3.10/ssl.py", line 979, in unwrap
    return self._sslobj.shutdown()
ssl.SSLError: [SSL: APPLICATION_DATA_AFTER_CLOSE_NOTIFY] application data after close notify (_ssl.c:2712)

The above exception was the direct cause of the following exception:

aiohttp.client_exceptions.ClientConnectionError: Connection lost: [SSL: APPLICATION_DATA_AFTER_CLOSE_NOTIFY] application data after close notify (_ssl.c:2712)
2025-05-31 02:35:43,258 - ERROR - Future exception was never retrieved
future: <Future finished exception=ClientConnectionError('Connection lost: [SSL: APPLICATION_DATA_AFTER_CLOSE_NOTIFY] application data after close notify (_ssl.c:2712)')>
Traceback (most recent call last):
  File "/opt/hostedtoolcache/Python/3.10.17/x64/lib/python3.10/asyncio/sslproto.py", line 534, in data_received
    ssldata, appdata = self._sslpipe.feed_ssldata(data)
  File "/opt/hostedtoolcache/Python/3.10.17/x64/lib/python3.10/asyncio/sslproto.py", line 206, in feed_ssldata
    self._sslobj.unwrap()
  File "/opt/hostedtoolcache/Python/3.10.17/x64/lib/python3.10/ssl.py", line 979, in unwrap
    return self._sslobj.shutdown()
ssl.SSLError: [SSL: APPLICATION_DATA_AFTER_CLOSE_NOTIFY] application data after close notify (_ssl.c:2712)

The above exception was the direct cause of the following exception:

aiohttp.client_exceptions.ClientConnectionError: Connection lost: [SSL: APPLICATION_DATA_AFTER_CLOSE_NOTIFY] application data after close notify (_ssl.c:2712)
2025-05-31 02:35:43,261 - ERROR - Future exception was never retrieved
future: <Future finished exception=ClientConnectionError('Connection lost: [SSL: APPLICATION_DATA_AFTER_CLOSE_NOTIFY] application data after close notify (_ssl.c:2712)')>
Traceback (most recent call last):
  File "/opt/hostedtoolcache/Python/3.10.17/x64/lib/python3.10/asyncio/sslproto.py", line 534, in data_received
    ssldata, appdata = self._sslpipe.feed_ssldata(data)
  File "/opt/hostedtoolcache/Python/3.10.17/x64/lib/python3.10/asyncio/sslproto.py", line 206, in feed_ssldata
    self._sslobj.unwrap()
  File "/opt/hostedtoolcache/Python/3.10.17/x64/lib/python3.10/ssl.py", line 979, in unwrap
    return self._sslobj.shutdown()
ssl.SSLError: [SSL: APPLICATION_DATA_AFTER_CLOSE_NOTIFY] application data after close notify (_ssl.c:2712)

The above exception was the direct cause of the following exception:

aiohttp.client_exceptions.ClientConnectionError: Connection lost: [SSL: APPLICATION_DATA_AFTER_CLOSE_NOTIFY] application data after close notify (_ssl.c:2712)
2025-05-31 02:35:43,262 - ERROR - Future exception was never retrieved
future: <Future finished exception=ClientConnectionError('Connection lost: [SSL: APPLICATION_DATA_AFTER_CLOSE_NOTIFY] application data after close notify (_ssl.c:2712)')>
Traceback (most recent call last):
  File "/opt/hostedtoolcache/Python/3.10.17/x64/lib/python3.10/asyncio/sslproto.py", line 534, in data_received
    ssldata, appdata = self._sslpipe.feed_ssldata(data)
  File "/opt/hostedtoolcache/Python/3.10.17/x64/lib/python3.10/asyncio/sslproto.py", line 206, in feed_ssldata
    self._sslobj.unwrap()
  File "/opt/hostedtoolcache/Python/3.10.17/x64/lib/python3.10/ssl.py", line 979, in unwrap
    return self._sslobj.shutdown()
ssl.SSLError: [SSL: APPLICATION_DATA_AFTER_CLOSE_NOTIFY] application data after close notify (_ssl.c:2712)

The above exception was the direct cause of the following exception:

aiohttp.client_exceptions.ClientConnectionError: Connection lost: [SSL: APPLICATION_DATA_AFTER_CLOSE_NOTIFY] application data after close notify (_ssl.c:2712)
2025-05-31 02:35:43,267 - ERROR - Future exception was never retrieved
future: <Future finished exception=ClientConnectionError('Connection lost: [SSL: APPLICATION_DATA_AFTER_CLOSE_NOTIFY] application data after close notify (_ssl.c:2712)')>
Traceback (most recent call last):
  File "/opt/hostedtoolcache/Python/3.10.17/x64/lib/python3.10/asyncio/sslproto.py", line 534, in data_received
    ssldata, appdata = self._sslpipe.feed_ssldata(data)
  File "/opt/hostedtoolcache/Python/3.10.17/x64/lib/python3.10/asyncio/sslproto.py", line 206, in feed_ssldata
    self._sslobj.unwrap()
  File "/opt/hostedtoolcache/Python/3.10.17/x64/lib/python3.10/ssl.py", line 979, in unwrap
    return self._sslobj.shutdown()
ssl.SSLError: [SSL: APPLICATION_DATA_AFTER_CLOSE_NOTIFY] application data after close notify (_ssl.c:2712)

The above exception was the direct cause of the following exception:

aiohttp.client_exceptions.ClientConnectionError: Connection lost: [SSL: APPLICATION_DATA_AFTER_CLOSE_NOTIFY] application data after close notify (_ssl.c:2712)
2025-05-31 02:35:43,270 - ERROR - Future exception was never retrieved
future: <Future finished exception=ClientConnectionError('Connection lost: [SSL: APPLICATION_DATA_AFTER_CLOSE_NOTIFY] application data after close notify (_ssl.c:2712)')>
Traceback (most recent call last):
  File "/opt/hostedtoolcache/Python/3.10.17/x64/lib/python3.10/asyncio/sslproto.py", line 534, in data_received
    ssldata, appdata = self._sslpipe.feed_ssldata(data)
  File "/opt/hostedtoolcache/Python/3.10.17/x64/lib/python3.10/asyncio/sslproto.py", line 206, in feed_ssldata
    self._sslobj.unwrap()
  File "/opt/hostedtoolcache/Python/3.10.17/x64/lib/python3.10/ssl.py", line 979, in unwrap
    return self._sslobj.shutdown()
ssl.SSLError: [SSL: APPLICATION_DATA_AFTER_CLOSE_NOTIFY] application data after close notify (_ssl.c:2712)

The above exception was the direct cause of the following exception:

aiohttp.client_exceptions.ClientConnectionError: Connection lost: [SSL: APPLICATION_DATA_AFTER_CLOSE_NOTIFY] application data after close notify (_ssl.c:2712)
2025-05-31 02:35:43,276 - ERROR - Future exception was never retrieved
future: <Future finished exception=ClientConnectionError('Connection lost: [SSL: APPLICATION_DATA_AFTER_CLOSE_NOTIFY] application data after close notify (_ssl.c:2712)')>
Traceback (most recent call last):
  File "/opt/hostedtoolcache/Python/3.10.17/x64/lib/python3.10/asyncio/sslproto.py", line 534, in data_received
    ssldata, appdata = self._sslpipe.feed_ssldata(data)
  File "/opt/hostedtoolcache/Python/3.10.17/x64/lib/python3.10/asyncio/sslproto.py", line 206, in feed_ssldata
    self._sslobj.unwrap()
  File "/opt/hostedtoolcache/Python/3.10.17/x64/lib/python3.10/ssl.py", line 979, in unwrap
    return self._sslobj.shutdown()
ssl.SSLError: [SSL: APPLICATION_DATA_AFTER_CLOSE_NOTIFY] application data after close notify (_ssl.c:2712)

The above exception was the direct cause of the following exception:

aiohttp.client_exceptions.ClientConnectionError: Connection lost: [SSL: APPLICATION_DATA_AFTER_CLOSE_NOTIFY] application data after close notify (_ssl.c:2712)
2025-05-31 02:35:43,277 - ERROR - Future exception was never retrieved
future: <Future finished exception=ClientConnectionError('Connection lost: [SSL: APPLICATION_DATA_AFTER_CLOSE_NOTIFY] application data after close notify (_ssl.c:2712)')>
Traceback (most recent call last):
  File "/opt/hostedtoolcache/Python/3.10.17/x64/lib/python3.10/asyncio/sslproto.py", line 534, in data_received
    ssldata, appdata = self._sslpipe.feed_ssldata(data)
  File "/opt/hostedtoolcache/Python/3.10.17/x64/lib/python3.10/asyncio/sslproto.py", line 206, in feed_ssldata
    self._sslobj.unwrap()
  File "/opt/hostedtoolcache/Python/3.10.17/x64/lib/python3.10/ssl.py", line 979, in unwrap
    return self._sslobj.shutdown()
ssl.SSLError: [SSL: APPLICATION_DATA_AFTER_CLOSE_NOTIFY] application data after close notify (_ssl.c:2712)

The above exception was the direct cause of the following exception:

aiohttp.client_exceptions.ClientConnectionError: Connection lost: [SSL: APPLICATION_DATA_AFTER_CLOSE_NOTIFY] application data after close notify (_ssl.c:2712)
2025-05-31 02:35:43,331 - ERROR - Future exception was never retrieved
future: <Future finished exception=ClientConnectionError('Connection lost: [SSL: APPLICATION_DATA_AFTER_CLOSE_NOTIFY] application data after close notify (_ssl.c:2712)')>
Traceback (most recent call last):
  File "/opt/hostedtoolcache/Python/3.10.17/x64/lib/python3.10/asyncio/sslproto.py", line 534, in data_received
    ssldata, appdata = self._sslpipe.feed_ssldata(data)
  File "/opt/hostedtoolcache/Python/3.10.17/x64/lib/python3.10/asyncio/sslproto.py", line 206, in feed_ssldata
    self._sslobj.unwrap()
  File "/opt/hostedtoolcache/Python/3.10.17/x64/lib/python3.10/ssl.py", line 979, in unwrap
    return self._sslobj.shutdown()
ssl.SSLError: [SSL: APPLICATION_DATA_AFTER_CLOSE_NOTIFY] application data after close notify (_ssl.c:2712)

The above exception was the direct cause of the following exception:

aiohttp.client_exceptions.ClientConnectionError: Connection lost: [SSL: APPLICATION_DATA_AFTER_CLOSE_NOTIFY] application data after close notify (_ssl.c:2712)
2025-05-31 02:35:43,425 - ERROR - Future exception was never retrieved
future: <Future finished exception=ClientConnectionError('Connection lost: [SSL: APPLICATION_DATA_AFTER_CLOSE_NOTIFY] application data after close notify (_ssl.c:2712)')>
Traceback (most recent call last):
  File "/opt/hostedtoolcache/Python/3.10.17/x64/lib/python3.10/asyncio/sslproto.py", line 534, in data_received
    ssldata, appdata = self._sslpipe.feed_ssldata(data)
  File "/opt/hostedtoolcache/Python/3.10.17/x64/lib/python3.10/asyncio/sslproto.py", line 206, in feed_ssldata
    self._sslobj.unwrap()
  File "/opt/hostedtoolcache/Python/3.10.17/x64/lib/python3.10/ssl.py", line 979, in unwrap
    return self._sslobj.shutdown()
ssl.SSLError: [SSL: APPLICATION_DATA_AFTER_CLOSE_NOTIFY] application data after close notify (_ssl.c:2712)

The above exception was the direct cause of the following exception:

aiohttp.client_exceptions.ClientConnectionError: Connection lost: [SSL: APPLICATION_DATA_AFTER_CLOSE_NOTIFY] application data after close notify (_ssl.c:2712)
2025-05-31 02:35:45,512 - ERROR - Future exception was never retrieved
future: <Future finished exception=ClientConnectionError('Connection lost: [SSL: APPLICATION_DATA_AFTER_CLOSE_NOTIFY] application data after close notify (_ssl.c:2712)')>
Traceback (most recent call last):
  File "/opt/hostedtoolcache/Python/3.10.17/x64/lib/python3.10/asyncio/sslproto.py", line 534, in data_received
    ssldata, appdata = self._sslpipe.feed_ssldata(data)
  File "/opt/hostedtoolcache/Python/3.10.17/x64/lib/python3.10/asyncio/sslproto.py", line 206, in feed_ssldata
    self._sslobj.unwrap()
  File "/opt/hostedtoolcache/Python/3.10.17/x64/lib/python3.10/ssl.py", line 979, in unwrap
    return self._sslobj.shutdown()
ssl.SSLError: [SSL: APPLICATION_DATA_AFTER_CLOSE_NOTIFY] application data after close notify (_ssl.c:2712)

The above exception was the direct cause of the following exception:

aiohttp.client_exceptions.ClientConnectionError: Connection lost: [SSL: APPLICATION_DATA_AFTER_CLOSE_NOTIFY] application data after close notify (_ssl.c:2712)
2025-05-31 02:35:53,308 - ERROR - Future exception was never retrieved
future: <Future finished exception=ClientConnectionError('Connection lost: [SSL: APPLICATION_DATA_AFTER_CLOSE_NOTIFY] application data after close notify (_ssl.c:2712)')>
Traceback (most recent call last):
  File "/opt/hostedtoolcache/Python/3.10.17/x64/lib/python3.10/asyncio/sslproto.py", line 534, in data_received
    ssldata, appdata = self._sslpipe.feed_ssldata(data)
  File "/opt/hostedtoolcache/Python/3.10.17/x64/lib/python3.10/asyncio/sslproto.py", line 206, in feed_ssldata
    self._sslobj.unwrap()
  File "/opt/hostedtoolcache/Python/3.10.17/x64/lib/python3.10/ssl.py", line 979, in unwrap
    return self._sslobj.shutdown()
ssl.SSLError: [SSL: APPLICATION_DATA_AFTER_CLOSE_NOTIFY] application data after close notify (_ssl.c:2712)

The above exception was the direct cause of the following exception:

aiohttp.client_exceptions.ClientConnectionError: Connection lost: [SSL: APPLICATION_DATA_AFTER_CLOSE_NOTIFY] application data after close notify (_ssl.c:2712)
2025-05-31 02:35:53,314 - ERROR - Future exception was never retrieved
future: <Future finished exception=ClientConnectionError('Connection lost: [SSL: APPLICATION_DATA_AFTER_CLOSE_NOTIFY] application data after close notify (_ssl.c:2712)')>
Traceback (most recent call last):
  File "/opt/hostedtoolcache/Python/3.10.17/x64/lib/python3.10/asyncio/sslproto.py", line 534, in data_received
    ssldata, appdata = self._sslpipe.feed_ssldata(data)
  File "/opt/hostedtoolcache/Python/3.10.17/x64/lib/python3.10/asyncio/sslproto.py", line 206, in feed_ssldata
    self._sslobj.unwrap()
  File "/opt/hostedtoolcache/Python/3.10.17/x64/lib/python3.10/ssl.py", line 979, in unwrap
    return self._sslobj.shutdown()
ssl.SSLError: [SSL: APPLICATION_DATA_AFTER_CLOSE_NOTIFY] application data after close notify (_ssl.c:2712)

The above exception was the direct cause of the following exception:

aiohttp.client_exceptions.ClientConnectionError: Connection lost: [SSL: APPLICATION_DATA_AFTER_CLOSE_NOTIFY] application data after close notify (_ssl.c:2712)
2025-05-31 02:35:53,318 - ERROR - Future exception was never retrieved
future: <Future finished exception=ClientConnectionError('Connection lost: [SSL: APPLICATION_DATA_AFTER_CLOSE_NOTIFY] application data after close notify (_ssl.c:2712)')>
Traceback (most recent call last):
  File "/opt/hostedtoolcache/Python/3.10.17/x64/lib/python3.10/asyncio/sslproto.py", line 534, in data_received
    ssldata, appdata = self._sslpipe.feed_ssldata(data)
  File "/opt/hostedtoolcache/Python/3.10.17/x64/lib/python3.10/asyncio/sslproto.py", line 206, in feed_ssldata
    self._sslobj.unwrap()
  File "/opt/hostedtoolcache/Python/3.10.17/x64/lib/python3.10/ssl.py", line 979, in unwrap
    return self._sslobj.shutdown()
ssl.SSLError: [SSL: APPLICATION_DATA_AFTER_CLOSE_NOTIFY] application data after close notify (_ssl.c:2712)

The above exception was the direct cause of the following exception:

aiohttp.client_exceptions.ClientConnectionError: Connection lost: [SSL: APPLICATION_DATA_AFTER_CLOSE_NOTIFY] application data after close notify (_ssl.c:2712)
2025-05-31 02:35:55,499 - ERROR - Future exception was never retrieved
future: <Future finished exception=ClientConnectionError('Connection lost: [SSL: APPLICATION_DATA_AFTER_CLOSE_NOTIFY] application data after close notify (_ssl.c:2712)')>
Traceback (most recent call last):
  File "/opt/hostedtoolcache/Python/3.10.17/x64/lib/python3.10/asyncio/sslproto.py", line 534, in data_received
    ssldata, appdata = self._sslpipe.feed_ssldata(data)
  File "/opt/hostedtoolcache/Python/3.10.17/x64/lib/python3.10/asyncio/sslproto.py", line 206, in feed_ssldata
    self._sslobj.unwrap()
  File "/opt/hostedtoolcache/Python/3.10.17/x64/lib/python3.10/ssl.py", line 979, in unwrap
    return self._sslobj.shutdown()
ssl.SSLError: [SSL: APPLICATION_DATA_AFTER_CLOSE_NOTIFY] application data after close notify (_ssl.c:2712)

The above exception was the direct cause of the following exception:

aiohttp.client_exceptions.ClientConnectionError: Connection lost: [SSL: APPLICATION_DATA_AFTER_CLOSE_NOTIFY] application data after close notify (_ssl.c:2712)
2025-05-31 02:36:00,013 - ERROR - Future exception was never retrieved
future: <Future finished exception=ClientConnectionError('Connection lost: [SSL: APPLICATION_DATA_AFTER_CLOSE_NOTIFY] application data after close notify (_ssl.c:2712)')>
Traceback (most recent call last):
  File "/opt/hostedtoolcache/Python/3.10.17/x64/lib/python3.10/asyncio/sslproto.py", line 534, in data_received
    ssldata, appdata = self._sslpipe.feed_ssldata(data)
  File "/opt/hostedtoolcache/Python/3.10.17/x64/lib/python3.10/asyncio/sslproto.py", line 206, in feed_ssldata
    self._sslobj.unwrap()
  File "/opt/hostedtoolcache/Python/3.10.17/x64/lib/python3.10/ssl.py", line 979, in unwrap
    return self._sslobj.shutdown()
ssl.SSLError: [SSL: APPLICATION_DATA_AFTER_CLOSE_NOTIFY] application data after close notify (_ssl.c:2712)

The above exception was the direct cause of the following exception:

aiohttp.client_exceptions.ClientConnectionError: Connection lost: [SSL: APPLICATION_DATA_AFTER_CLOSE_NOTIFY] application data after close notify (_ssl.c:2712)
2025-05-31 02:36:00,015 - ERROR - Future exception was never retrieved
future: <Future finished exception=ClientConnectionError('Connection lost: [SSL: APPLICATION_DATA_AFTER_CLOSE_NOTIFY] application data after close notify (_ssl.c:2712)')>
Traceback (most recent call last):
  File "/opt/hostedtoolcache/Python/3.10.17/x64/lib/python3.10/asyncio/sslproto.py", line 534, in data_received
    ssldata, appdata = self._sslpipe.feed_ssldata(data)
  File "/opt/hostedtoolcache/Python/3.10.17/x64/lib/python3.10/asyncio/sslproto.py", line 206, in feed_ssldata
    self._sslobj.unwrap()
  File "/opt/hostedtoolcache/Python/3.10.17/x64/lib/python3.10/ssl.py", line 979, in unwrap
    return self._sslobj.shutdown()
ssl.SSLError: [SSL: APPLICATION_DATA_AFTER_CLOSE_NOTIFY] application data after close notify (_ssl.c:2712)

The above exception was the direct cause of the following exception:

aiohttp.client_exceptions.ClientConnectionError: Connection lost: [SSL: APPLICATION_DATA_AFTER_CLOSE_NOTIFY] application data after close notify (_ssl.c:2712)
2025-05-31 02:36:00,021 - ERROR - Future exception was never retrieved
future: <Future finished exception=ClientConnectionError('Connection lost: [SSL: APPLICATION_DATA_AFTER_CLOSE_NOTIFY] application data after close notify (_ssl.c:2712)')>
Traceback (most recent call last):
  File "/opt/hostedtoolcache/Python/3.10.17/x64/lib/python3.10/asyncio/sslproto.py", line 534, in data_received
    ssldata, appdata = self._sslpipe.feed_ssldata(data)
  File "/opt/hostedtoolcache/Python/3.10.17/x64/lib/python3.10/asyncio/sslproto.py", line 206, in feed_ssldata
    self._sslobj.unwrap()
  File "/opt/hostedtoolcache/Python/3.10.17/x64/lib/python3.10/ssl.py", line 979, in unwrap
    return self._sslobj.shutdown()
ssl.SSLError: [SSL: APPLICATION_DATA_AFTER_CLOSE_NOTIFY] application data after close notify (_ssl.c:2712)

The above exception was the direct cause of the following exception:

aiohttp.client_exceptions.ClientConnectionError: Connection lost: [SSL: APPLICATION_DATA_AFTER_CLOSE_NOTIFY] application data after close notify (_ssl.c:2712)
2025-05-31 02:36:00,031 - ERROR - Future exception was never retrieved
future: <Future finished exception=ClientConnectionError('Connection lost: [SSL: APPLICATION_DATA_AFTER_CLOSE_NOTIFY] application data after close notify (_ssl.c:2712)')>
Traceback (most recent call last):
  File "/opt/hostedtoolcache/Python/3.10.17/x64/lib/python3.10/asyncio/sslproto.py", line 534, in data_received
    ssldata, appdata = self._sslpipe.feed_ssldata(data)
  File "/opt/hostedtoolcache/Python/3.10.17/x64/lib/python3.10/asyncio/sslproto.py", line 206, in feed_ssldata
    self._sslobj.unwrap()
  File "/opt/hostedtoolcache/Python/3.10.17/x64/lib/python3.10/ssl.py", line 979, in unwrap
    return self._sslobj.shutdown()
ssl.SSLError: [SSL: APPLICATION_DATA_AFTER_CLOSE_NOTIFY] application data after close notify (_ssl.c:2712)

The above exception was the direct cause of the following exception:

aiohttp.client_exceptions.ClientConnectionError: Connection lost: [SSL: APPLICATION_DATA_AFTER_CLOSE_NOTIFY] application data after close notify (_ssl.c:2712)
2025-05-31 02:36:02,155 - ERROR - Future exception was never retrieved
future: <Future finished exception=ClientConnectionError('Connection lost: [SSL: APPLICATION_DATA_AFTER_CLOSE_NOTIFY] application data after close notify (_ssl.c:2712)')>
Traceback (most recent call last):
  File "/opt/hostedtoolcache/Python/3.10.17/x64/lib/python3.10/asyncio/sslproto.py", line 534, in data_received
    ssldata, appdata = self._sslpipe.feed_ssldata(data)
  File "/opt/hostedtoolcache/Python/3.10.17/x64/lib/python3.10/asyncio/sslproto.py", line 206, in feed_ssldata
    self._sslobj.unwrap()
  File "/opt/hostedtoolcache/Python/3.10.17/x64/lib/python3.10/ssl.py", line 979, in unwrap
    return self._sslobj.shutdown()
ssl.SSLError: [SSL: APPLICATION_DATA_AFTER_CLOSE_NOTIFY] application data after close notify (_ssl.c:2712)

The above exception was the direct cause of the following exception:

aiohttp.client_exceptions.ClientConnectionError: Connection lost: [SSL: APPLICATION_DATA_AFTER_CLOSE_NOTIFY] application data after close notify (_ssl.c:2712)
2025-05-31 02:36:02,155 - ERROR - Future exception was never retrieved
future: <Future finished exception=ClientConnectionError('Connection lost: [SSL: APPLICATION_DATA_AFTER_CLOSE_NOTIFY] application data after close notify (_ssl.c:2712)')>
Traceback (most recent call last):
  File "/opt/hostedtoolcache/Python/3.10.17/x64/lib/python3.10/asyncio/sslproto.py", line 534, in data_received
    ssldata, appdata = self._sslpipe.feed_ssldata(data)
  File "/opt/hostedtoolcache/Python/3.10.17/x64/lib/python3.10/asyncio/sslproto.py", line 206, in feed_ssldata
    self._sslobj.unwrap()
  File "/opt/hostedtoolcache/Python/3.10.17/x64/lib/python3.10/ssl.py", line 979, in unwrap
    return self._sslobj.shutdown()
ssl.SSLError: [SSL: APPLICATION_DATA_AFTER_CLOSE_NOTIFY] application data after close notify (_ssl.c:2712)

The above exception was the direct cause of the following exception:

aiohttp.client_exceptions.ClientConnectionError: Connection lost: [SSL: APPLICATION_DATA_AFTER_CLOSE_NOTIFY] application data after close notify (_ssl.c:2712)
2025-05-31 02:36:02,155 - ERROR - Future exception was never retrieved
future: <Future finished exception=ClientConnectionError('Connection lost: [SSL: APPLICATION_DATA_AFTER_CLOSE_NOTIFY] application data after close notify (_ssl.c:2712)')>
Traceback (most recent call last):
  File "/opt/hostedtoolcache/Python/3.10.17/x64/lib/python3.10/asyncio/sslproto.py", line 534, in data_received
    ssldata, appdata = self._sslpipe.feed_ssldata(data)
  File "/opt/hostedtoolcache/Python/3.10.17/x64/lib/python3.10/asyncio/sslproto.py", line 206, in feed_ssldata
    self._sslobj.unwrap()
  File "/opt/hostedtoolcache/Python/3.10.17/x64/lib/python3.10/ssl.py", line 979, in unwrap
    return self._sslobj.shutdown()
ssl.SSLError: [SSL: APPLICATION_DATA_AFTER_CLOSE_NOTIFY] application data after close notify (_ssl.c:2712)

The above exception was the direct cause of the following exception:

aiohttp.client_exceptions.ClientConnectionError: Connection lost: [SSL: APPLICATION_DATA_AFTER_CLOSE_NOTIFY] application data after close notify (_ssl.c:2712)
2025-05-31 02:36:02,156 - ERROR - Future exception was never retrieved
future: <Future finished exception=ClientConnectionError('Connection lost: [SSL: APPLICATION_DATA_AFTER_CLOSE_NOTIFY] application data after close notify (_ssl.c:2712)')>
Traceback (most recent call last):
  File "/opt/hostedtoolcache/Python/3.10.17/x64/lib/python3.10/asyncio/sslproto.py", line 534, in data_received
    ssldata, appdata = self._sslpipe.feed_ssldata(data)
  File "/opt/hostedtoolcache/Python/3.10.17/x64/lib/python3.10/asyncio/sslproto.py", line 206, in feed_ssldata
    self._sslobj.unwrap()
  File "/opt/hostedtoolcache/Python/3.10.17/x64/lib/python3.10/ssl.py", line 979, in unwrap
    return self._sslobj.shutdown()
ssl.SSLError: [SSL: APPLICATION_DATA_AFTER_CLOSE_NOTIFY] application data after close notify (_ssl.c:2712)

The above exception was the direct cause of the following exception:

aiohttp.client_exceptions.ClientConnectionError: Connection lost: [SSL: APPLICATION_DATA_AFTER_CLOSE_NOTIFY] application data after close notify (_ssl.c:2712)
2025-05-31 02:36:02,158 - ERROR - Future exception was never retrieved
future: <Future finished exception=ClientConnectionError('Connection lost: [SSL: APPLICATION_DATA_AFTER_CLOSE_NOTIFY] application data after close notify (_ssl.c:2712)')>
Traceback (most recent call last):
  File "/opt/hostedtoolcache/Python/3.10.17/x64/lib/python3.10/asyncio/sslproto.py", line 534, in data_received
    ssldata, appdata = self._sslpipe.feed_ssldata(data)
  File "/opt/hostedtoolcache/Python/3.10.17/x64/lib/python3.10/asyncio/sslproto.py", line 206, in feed_ssldata
    self._sslobj.unwrap()
  File "/opt/hostedtoolcache/Python/3.10.17/x64/lib/python3.10/ssl.py", line 979, in unwrap
    return self._sslobj.shutdown()
ssl.SSLError: [SSL: APPLICATION_DATA_AFTER_CLOSE_NOTIFY] application data after close notify (_ssl.c:2712)

The above exception was the direct cause of the following exception:

aiohttp.client_exceptions.ClientConnectionError: Connection lost: [SSL: APPLICATION_DATA_AFTER_CLOSE_NOTIFY] application data after close notify (_ssl.c:2712)
2025-05-31 02:36:04,311 - ERROR - Future exception was never retrieved
future: <Future finished exception=ClientConnectionError('Connection lost: [SSL: APPLICATION_DATA_AFTER_CLOSE_NOTIFY] application data after close notify (_ssl.c:2712)')>
Traceback (most recent call last):
  File "/opt/hostedtoolcache/Python/3.10.17/x64/lib/python3.10/asyncio/sslproto.py", line 534, in data_received
    ssldata, appdata = self._sslpipe.feed_ssldata(data)
  File "/opt/hostedtoolcache/Python/3.10.17/x64/lib/python3.10/asyncio/sslproto.py", line 206, in feed_ssldata
    self._sslobj.unwrap()
  File "/opt/hostedtoolcache/Python/3.10.17/x64/lib/python3.10/ssl.py", line 979, in unwrap
    return self._sslobj.shutdown()
ssl.SSLError: [SSL: APPLICATION_DATA_AFTER_CLOSE_NOTIFY] application data after close notify (_ssl.c:2712)

The above exception was the direct cause of the following exception:

aiohttp.client_exceptions.ClientConnectionError: Connection lost: [SSL: APPLICATION_DATA_AFTER_CLOSE_NOTIFY] application data after close notify (_ssl.c:2712)
2025-05-31 02:36:04,312 - ERROR - Future exception was never retrieved
future: <Future finished exception=ClientConnectionError('Connection lost: [SSL: APPLICATION_DATA_AFTER_CLOSE_NOTIFY] application data after close notify (_ssl.c:2712)')>
Traceback (most recent call last):
  File "/opt/hostedtoolcache/Python/3.10.17/x64/lib/python3.10/asyncio/sslproto.py", line 534, in data_received
    ssldata, appdata = self._sslpipe.feed_ssldata(data)
  File "/opt/hostedtoolcache/Python/3.10.17/x64/lib/python3.10/asyncio/sslproto.py", line 206, in feed_ssldata
    self._sslobj.unwrap()
  File "/opt/hostedtoolcache/Python/3.10.17/x64/lib/python3.10/ssl.py", line 979, in unwrap
    return self._sslobj.shutdown()
ssl.SSLError: [SSL: APPLICATION_DATA_AFTER_CLOSE_NOTIFY] application data after close notify (_ssl.c:2712)

The above exception was the direct cause of the following exception:

aiohttp.client_exceptions.ClientConnectionError: Connection lost: [SSL: APPLICATION_DATA_AFTER_CLOSE_NOTIFY] application data after close notify (_ssl.c:2712)
2025-05-31 02:36:04,312 - ERROR - Future exception was never retrieved
future: <Future finished exception=ClientConnectionError('Connection lost: [SSL: APPLICATION_DATA_AFTER_CLOSE_NOTIFY] application data after close notify (_ssl.c:2712)')>
Traceback (most recent call last):
  File "/opt/hostedtoolcache/Python/3.10.17/x64/lib/python3.10/asyncio/sslproto.py", line 534, in data_received
    ssldata, appdata = self._sslpipe.feed_ssldata(data)
  File "/opt/hostedtoolcache/Python/3.10.17/x64/lib/python3.10/asyncio/sslproto.py", line 206, in feed_ssldata
    self._sslobj.unwrap()
  File "/opt/hostedtoolcache/Python/3.10.17/x64/lib/python3.10/ssl.py", line 979, in unwrap
    return self._sslobj.shutdown()
ssl.SSLError: [SSL: APPLICATION_DATA_AFTER_CLOSE_NOTIFY] application data after close notify (_ssl.c:2712)

The above exception was the direct cause of the following exception:

aiohttp.client_exceptions.ClientConnectionError: Connection lost: [SSL: APPLICATION_DATA_AFTER_CLOSE_NOTIFY] application data after close notify (_ssl.c:2712)
2025-05-31 02:36:04,313 - ERROR - Future exception was never retrieved
future: <Future finished exception=ClientConnectionError('Connection lost: [SSL: APPLICATION_DATA_AFTER_CLOSE_NOTIFY] application data after close notify (_ssl.c:2712)')>
Traceback (most recent call last):
  File "/opt/hostedtoolcache/Python/3.10.17/x64/lib/python3.10/asyncio/sslproto.py", line 534, in data_received
    ssldata, appdata = self._sslpipe.feed_ssldata(data)
  File "/opt/hostedtoolcache/Python/3.10.17/x64/lib/python3.10/asyncio/sslproto.py", line 206, in feed_ssldata
    self._sslobj.unwrap()
  File "/opt/hostedtoolcache/Python/3.10.17/x64/lib/python3.10/ssl.py", line 979, in unwrap
    return self._sslobj.shutdown()
ssl.SSLError: [SSL: APPLICATION_DATA_AFTER_CLOSE_NOTIFY] application data after close notify (_ssl.c:2712)

The above exception was the direct cause of the following exception:

aiohttp.client_exceptions.ClientConnectionError: Connection lost: [SSL: APPLICATION_DATA_AFTER_CLOSE_NOTIFY] application data after close notify (_ssl.c:2712)
2025-05-31 02:36:04,314 - ERROR - Future exception was never retrieved
future: <Future finished exception=ClientConnectionError('Connection lost: [SSL: APPLICATION_DATA_AFTER_CLOSE_NOTIFY] application data after close notify (_ssl.c:2712)')>
Traceback (most recent call last):
  File "/opt/hostedtoolcache/Python/3.10.17/x64/lib/python3.10/asyncio/sslproto.py", line 534, in data_received
    ssldata, appdata = self._sslpipe.feed_ssldata(data)
  File "/opt/hostedtoolcache/Python/3.10.17/x64/lib/python3.10/asyncio/sslproto.py", line 206, in feed_ssldata
    self._sslobj.unwrap()
  File "/opt/hostedtoolcache/Python/3.10.17/x64/lib/python3.10/ssl.py", line 979, in unwrap
    return self._sslobj.shutdown()
ssl.SSLError: [SSL: APPLICATION_DATA_AFTER_CLOSE_NOTIFY] application data after close notify (_ssl.c:2712)

The above exception was the direct cause of the following exception:

aiohttp.client_exceptions.ClientConnectionError: Connection lost: [SSL: APPLICATION_DATA_AFTER_CLOSE_NOTIFY] application data after close notify (_ssl.c:2712)
2025-05-31 02:36:06,784 - ERROR - Future exception was never retrieved
future: <Future finished exception=ClientConnectionError('Connection lost: [SSL: APPLICATION_DATA_AFTER_CLOSE_NOTIFY] application data after close notify (_ssl.c:2712)')>
Traceback (most recent call last):
  File "/opt/hostedtoolcache/Python/3.10.17/x64/lib/python3.10/asyncio/sslproto.py", line 534, in data_received
    ssldata, appdata = self._sslpipe.feed_ssldata(data)
  File "/opt/hostedtoolcache/Python/3.10.17/x64/lib/python3.10/asyncio/sslproto.py", line 206, in feed_ssldata
    self._sslobj.unwrap()
  File "/opt/hostedtoolcache/Python/3.10.17/x64/lib/python3.10/ssl.py", line 979, in unwrap
    return self._sslobj.shutdown()
ssl.SSLError: [SSL: APPLICATION_DATA_AFTER_CLOSE_NOTIFY] application data after close notify (_ssl.c:2712)

The above exception was the direct cause of the following exception:

aiohttp.client_exceptions.ClientConnectionError: Connection lost: [SSL: APPLICATION_DATA_AFTER_CLOSE_NOTIFY] application data after close notify (_ssl.c:2712)
2025-05-31 02:36:06,937 - ERROR - Future exception was never retrieved
future: <Future finished exception=ClientConnectionError('Connection lost: [SSL: APPLICATION_DATA_AFTER_CLOSE_NOTIFY] application data after close notify (_ssl.c:2712)')>
Traceback (most recent call last):
  File "/opt/hostedtoolcache/Python/3.10.17/x64/lib/python3.10/asyncio/sslproto.py", line 534, in data_received
    ssldata, appdata = self._sslpipe.feed_ssldata(data)
  File "/opt/hostedtoolcache/Python/3.10.17/x64/lib/python3.10/asyncio/sslproto.py", line 206, in feed_ssldata
    self._sslobj.unwrap()
  File "/opt/hostedtoolcache/Python/3.10.17/x64/lib/python3.10/ssl.py", line 979, in unwrap
    return self._sslobj.shutdown()
ssl.SSLError: [SSL: APPLICATION_DATA_AFTER_CLOSE_NOTIFY] application data after close notify (_ssl.c:2712)

The above exception was the direct cause of the following exception:

aiohttp.client_exceptions.ClientConnectionError: Connection lost: [SSL: APPLICATION_DATA_AFTER_CLOSE_NOTIFY] application data after close notify (_ssl.c:2712)
2025-05-31 02:36:06,949 - ERROR - Future exception was never retrieved
future: <Future finished exception=ClientConnectionError('Connection lost: [SSL: APPLICATION_DATA_AFTER_CLOSE_NOTIFY] application data after close notify (_ssl.c:2712)')>
Traceback (most recent call last):
  File "/opt/hostedtoolcache/Python/3.10.17/x64/lib/python3.10/asyncio/sslproto.py", line 534, in data_received
    ssldata, appdata = self._sslpipe.feed_ssldata(data)
  File "/opt/hostedtoolcache/Python/3.10.17/x64/lib/python3.10/asyncio/sslproto.py", line 206, in feed_ssldata
    self._sslobj.unwrap()
  File "/opt/hostedtoolcache/Python/3.10.17/x64/lib/python3.10/ssl.py", line 979, in unwrap
    return self._sslobj.shutdown()
ssl.SSLError: [SSL: APPLICATION_DATA_AFTER_CLOSE_NOTIFY] application data after close notify (_ssl.c:2712)

The above exception was the direct cause of the following exception:

aiohttp.client_exceptions.ClientConnectionError: Connection lost: [SSL: APPLICATION_DATA_AFTER_CLOSE_NOTIFY] application data after close notify (_ssl.c:2712)
2025-05-31 02:36:07,107 - ERROR - Future exception was never retrieved
future: <Future finished exception=ClientConnectionError('Connection lost: [SSL: APPLICATION_DATA_AFTER_CLOSE_NOTIFY] application data after close notify (_ssl.c:2712)')>
Traceback (most recent call last):
  File "/opt/hostedtoolcache/Python/3.10.17/x64/lib/python3.10/asyncio/sslproto.py", line 534, in data_received
    ssldata, appdata = self._sslpipe.feed_ssldata(data)
  File "/opt/hostedtoolcache/Python/3.10.17/x64/lib/python3.10/asyncio/sslproto.py", line 206, in feed_ssldata
    self._sslobj.unwrap()
  File "/opt/hostedtoolcache/Python/3.10.17/x64/lib/python3.10/ssl.py", line 979, in unwrap
    return self._sslobj.shutdown()
ssl.SSLError: [SSL: APPLICATION_DATA_AFTER_CLOSE_NOTIFY] application data after close notify (_ssl.c:2712)

The above exception was the direct cause of the following exception:

aiohttp.client_exceptions.ClientConnectionError: Connection lost: [SSL: APPLICATION_DATA_AFTER_CLOSE_NOTIFY] application data after close notify (_ssl.c:2712)
2025-05-31 02:36:13,183 - ERROR - Future exception was never retrieved
future: <Future finished exception=ClientConnectionError('Connection lost: [SSL: APPLICATION_DATA_AFTER_CLOSE_NOTIFY] application data after close notify (_ssl.c:2712)')>
Traceback (most recent call last):
  File "/opt/hostedtoolcache/Python/3.10.17/x64/lib/python3.10/asyncio/sslproto.py", line 534, in data_received
    ssldata, appdata = self._sslpipe.feed_ssldata(data)
  File "/opt/hostedtoolcache/Python/3.10.17/x64/lib/python3.10/asyncio/sslproto.py", line 206, in feed_ssldata
    self._sslobj.unwrap()
  File "/opt/hostedtoolcache/Python/3.10.17/x64/lib/python3.10/ssl.py", line 979, in unwrap
    return self._sslobj.shutdown()
ssl.SSLError: [SSL: APPLICATION_DATA_AFTER_CLOSE_NOTIFY] application data after close notify (_ssl.c:2712)

The above exception was the direct cause of the following exception:

aiohttp.client_exceptions.ClientConnectionError: Connection lost: [SSL: APPLICATION_DATA_AFTER_CLOSE_NOTIFY] application data after close notify (_ssl.c:2712)
2025-05-31 02:36:13,184 - ERROR - Future exception was never retrieved
future: <Future finished exception=ClientConnectionError('Connection lost: [SSL: APPLICATION_DATA_AFTER_CLOSE_NOTIFY] application data after close notify (_ssl.c:2712)')>
Traceback (most recent call last):
  File "/opt/hostedtoolcache/Python/3.10.17/x64/lib/python3.10/asyncio/sslproto.py", line 534, in data_received
    ssldata, appdata = self._sslpipe.feed_ssldata(data)
  File "/opt/hostedtoolcache/Python/3.10.17/x64/lib/python3.10/asyncio/sslproto.py", line 206, in feed_ssldata
    self._sslobj.unwrap()
  File "/opt/hostedtoolcache/Python/3.10.17/x64/lib/python3.10/ssl.py", line 979, in unwrap
    return self._sslobj.shutdown()
ssl.SSLError: [SSL: APPLICATION_DATA_AFTER_CLOSE_NOTIFY] application data after close notify (_ssl.c:2712)

The above exception was the direct cause of the following exception:

aiohttp.client_exceptions.ClientConnectionError: Connection lost: [SSL: APPLICATION_DATA_AFTER_CLOSE_NOTIFY] application data after close notify (_ssl.c:2712)
2025-05-31 02:36:13,190 - ERROR - Future exception was never retrieved
future: <Future finished exception=ClientConnectionError('Connection lost: [SSL: APPLICATION_DATA_AFTER_CLOSE_NOTIFY] application data after close notify (_ssl.c:2712)')>
Traceback (most recent call last):
  File "/opt/hostedtoolcache/Python/3.10.17/x64/lib/python3.10/asyncio/sslproto.py", line 534, in data_received
    ssldata, appdata = self._sslpipe.feed_ssldata(data)
  File "/opt/hostedtoolcache/Python/3.10.17/x64/lib/python3.10/asyncio/sslproto.py", line 206, in feed_ssldata
    self._sslobj.unwrap()
  File "/opt/hostedtoolcache/Python/3.10.17/x64/lib/python3.10/ssl.py", line 979, in unwrap
    return self._sslobj.shutdown()
ssl.SSLError: [SSL: APPLICATION_DATA_AFTER_CLOSE_NOTIFY] application data after close notify (_ssl.c:2712)

The above exception was the direct cause of the following exception:

aiohttp.client_exceptions.ClientConnectionError: Connection lost: [SSL: APPLICATION_DATA_AFTER_CLOSE_NOTIFY] application data after close notify (_ssl.c:2712)
2025-05-31 02:36:13,488 - ERROR - Future exception was never retrieved
future: <Future finished exception=ClientConnectionError('Connection lost: [SSL: APPLICATION_DATA_AFTER_CLOSE_NOTIFY] application data after close notify (_ssl.c:2712)')>
Traceback (most recent call last):
  File "/opt/hostedtoolcache/Python/3.10.17/x64/lib/python3.10/asyncio/sslproto.py", line 534, in data_received
    ssldata, appdata = self._sslpipe.feed_ssldata(data)
  File "/opt/hostedtoolcache/Python/3.10.17/x64/lib/python3.10/asyncio/sslproto.py", line 206, in feed_ssldata
    self._sslobj.unwrap()
  File "/opt/hostedtoolcache/Python/3.10.17/x64/lib/python3.10/ssl.py", line 979, in unwrap
    return self._sslobj.shutdown()
ssl.SSLError: [SSL: APPLICATION_DATA_AFTER_CLOSE_NOTIFY] application data after close notify (_ssl.c:2712)

The above exception was the direct cause of the following exception:

aiohttp.client_exceptions.ClientConnectionError: Connection lost: [SSL: APPLICATION_DATA_AFTER_CLOSE_NOTIFY] application data after close notify (_ssl.c:2712)
2025-05-31 02:36:16,478 - ERROR - Future exception was never retrieved
future: <Future finished exception=ClientConnectionError('Connection lost: [SSL: APPLICATION_DATA_AFTER_CLOSE_NOTIFY] application data after close notify (_ssl.c:2712)')>
Traceback (most recent call last):
  File "/opt/hostedtoolcache/Python/3.10.17/x64/lib/python3.10/asyncio/sslproto.py", line 534, in data_received
    ssldata, appdata = self._sslpipe.feed_ssldata(data)
  File "/opt/hostedtoolcache/Python/3.10.17/x64/lib/python3.10/asyncio/sslproto.py", line 206, in feed_ssldata
    self._sslobj.unwrap()
  File "/opt/hostedtoolcache/Python/3.10.17/x64/lib/python3.10/ssl.py", line 979, in unwrap
    return self._sslobj.shutdown()
ssl.SSLError: [SSL: APPLICATION_DATA_AFTER_CLOSE_NOTIFY] application data after close notify (_ssl.c:2712)

The above exception was the direct cause of the following exception:

aiohttp.client_exceptions.ClientConnectionError: Connection lost: [SSL: APPLICATION_DATA_AFTER_CLOSE_NOTIFY] application data after close notify (_ssl.c:2712)
2025-05-31 02:36:16,488 - ERROR - Future exception was never retrieved
future: <Future finished exception=ClientConnectionError('Connection lost: [SSL: APPLICATION_DATA_AFTER_CLOSE_NOTIFY] application data after close notify (_ssl.c:2712)')>
Traceback (most recent call last):
  File "/opt/hostedtoolcache/Python/3.10.17/x64/lib/python3.10/asyncio/sslproto.py", line 534, in data_received
    ssldata, appdata = self._sslpipe.feed_ssldata(data)
  File "/opt/hostedtoolcache/Python/3.10.17/x64/lib/python3.10/asyncio/sslproto.py", line 206, in feed_ssldata
    self._sslobj.unwrap()
  File "/opt/hostedtoolcache/Python/3.10.17/x64/lib/python3.10/ssl.py", line 979, in unwrap
    return self._sslobj.shutdown()
ssl.SSLError: [SSL: APPLICATION_DATA_AFTER_CLOSE_NOTIFY] application data after close notify (_ssl.c:2712)

The above exception was the direct cause of the following exception:

aiohttp.client_exceptions.ClientConnectionError: Connection lost: [SSL: APPLICATION_DATA_AFTER_CLOSE_NOTIFY] application data after close notify (_ssl.c:2712)
2025-05-31 02:36:22,917 - ERROR - Future exception was never retrieved
future: <Future finished exception=ClientConnectionError('Connection lost: [SSL: APPLICATION_DATA_AFTER_CLOSE_NOTIFY] application data after close notify (_ssl.c:2712)')>
Traceback (most recent call last):
  File "/opt/hostedtoolcache/Python/3.10.17/x64/lib/python3.10/asyncio/sslproto.py", line 534, in data_received
    ssldata, appdata = self._sslpipe.feed_ssldata(data)
  File "/opt/hostedtoolcache/Python/3.10.17/x64/lib/python3.10/asyncio/sslproto.py", line 206, in feed_ssldata
    self._sslobj.unwrap()
  File "/opt/hostedtoolcache/Python/3.10.17/x64/lib/python3.10/ssl.py", line 979, in unwrap
    return self._sslobj.shutdown()
ssl.SSLError: [SSL: APPLICATION_DATA_AFTER_CLOSE_NOTIFY] application data after close notify (_ssl.c:2712)

The above exception was the direct cause of the following exception:

aiohttp.client_exceptions.ClientConnectionError: Connection lost: [SSL: APPLICATION_DATA_AFTER_CLOSE_NOTIFY] application data after close notify (_ssl.c:2712)
2025-05-31 02:36:22,924 - ERROR - Future exception was never retrieved
future: <Future finished exception=ClientConnectionError('Connection lost: [SSL: APPLICATION_DATA_AFTER_CLOSE_NOTIFY] application data after close notify (_ssl.c:2712)')>
Traceback (most recent call last):
  File "/opt/hostedtoolcache/Python/3.10.17/x64/lib/python3.10/asyncio/sslproto.py", line 534, in data_received
    ssldata, appdata = self._sslpipe.feed_ssldata(data)
  File "/opt/hostedtoolcache/Python/3.10.17/x64/lib/python3.10/asyncio/sslproto.py", line 206, in feed_ssldata
    self._sslobj.unwrap()
  File "/opt/hostedtoolcache/Python/3.10.17/x64/lib/python3.10/ssl.py", line 979, in unwrap
    return self._sslobj.shutdown()
ssl.SSLError: [SSL: APPLICATION_DATA_AFTER_CLOSE_NOTIFY] application data after close notify (_ssl.c:2712)

The above exception was the direct cause of the following exception:

aiohttp.client_exceptions.ClientConnectionError: Connection lost: [SSL: APPLICATION_DATA_AFTER_CLOSE_NOTIFY] application data after close notify (_ssl.c:2712)
2025-05-31 02:36:22,928 - ERROR - Future exception was never retrieved
future: <Future finished exception=ClientConnectionError('Connection lost: [SSL: APPLICATION_DATA_AFTER_CLOSE_NOTIFY] application data after close notify (_ssl.c:2712)')>
Traceback (most recent call last):
  File "/opt/hostedtoolcache/Python/3.10.17/x64/lib/python3.10/asyncio/sslproto.py", line 534, in data_received
    ssldata, appdata = self._sslpipe.feed_ssldata(data)
  File "/opt/hostedtoolcache/Python/3.10.17/x64/lib/python3.10/asyncio/sslproto.py", line 206, in feed_ssldata
    self._sslobj.unwrap()
  File "/opt/hostedtoolcache/Python/3.10.17/x64/lib/python3.10/ssl.py", line 979, in unwrap
    return self._sslobj.shutdown()
ssl.SSLError: [SSL: APPLICATION_DATA_AFTER_CLOSE_NOTIFY] application data after close notify (_ssl.c:2712)

The above exception was the direct cause of the following exception:

aiohttp.client_exceptions.ClientConnectionError: Connection lost: [SSL: APPLICATION_DATA_AFTER_CLOSE_NOTIFY] application data after close notify (_ssl.c:2712)
2025-05-31 02:36:22,929 - ERROR - Future exception was never retrieved
future: <Future finished exception=ClientConnectionError('Connection lost: [SSL: APPLICATION_DATA_AFTER_CLOSE_NOTIFY] application data after close notify (_ssl.c:2712)')>
Traceback (most recent call last):
  File "/opt/hostedtoolcache/Python/3.10.17/x64/lib/python3.10/asyncio/sslproto.py", line 534, in data_received
    ssldata, appdata = self._sslpipe.feed_ssldata(data)
  File "/opt/hostedtoolcache/Python/3.10.17/x64/lib/python3.10/asyncio/sslproto.py", line 206, in feed_ssldata
    self._sslobj.unwrap()
  File "/opt/hostedtoolcache/Python/3.10.17/x64/lib/python3.10/ssl.py", line 979, in unwrap
    return self._sslobj.shutdown()
ssl.SSLError: [SSL: APPLICATION_DATA_AFTER_CLOSE_NOTIFY] application data after close notify (_ssl.c:2712)

The above exception was the direct cause of the following exception:

aiohttp.client_exceptions.ClientConnectionError: Connection lost: [SSL: APPLICATION_DATA_AFTER_CLOSE_NOTIFY] application data after close notify (_ssl.c:2712)
2025-05-31 02:36:22,933 - ERROR - Future exception was never retrieved
future: <Future finished exception=ClientConnectionError('Connection lost: [SSL: APPLICATION_DATA_AFTER_CLOSE_NOTIFY] application data after close notify (_ssl.c:2712)')>
Traceback (most recent call last):
  File "/opt/hostedtoolcache/Python/3.10.17/x64/lib/python3.10/asyncio/sslproto.py", line 534, in data_received
    ssldata, appdata = self._sslpipe.feed_ssldata(data)
  File "/opt/hostedtoolcache/Python/3.10.17/x64/lib/python3.10/asyncio/sslproto.py", line 206, in feed_ssldata
    self._sslobj.unwrap()
  File "/opt/hostedtoolcache/Python/3.10.17/x64/lib/python3.10/ssl.py", line 979, in unwrap
    return self._sslobj.shutdown()
ssl.SSLError: [SSL: APPLICATION_DATA_AFTER_CLOSE_NOTIFY] application data after close notify (_ssl.c:2712)

The above exception was the direct cause of the following exception:

aiohttp.client_exceptions.ClientConnectionError: Connection lost: [SSL: APPLICATION_DATA_AFTER_CLOSE_NOTIFY] application data after close notify (_ssl.c:2712)
2025-05-31 02:36:22,933 - ERROR - Future exception was never retrieved
future: <Future finished exception=ClientConnectionError('Connection lost: [SSL: APPLICATION_DATA_AFTER_CLOSE_NOTIFY] application data after close notify (_ssl.c:2712)')>
Traceback (most recent call last):
  File "/opt/hostedtoolcache/Python/3.10.17/x64/lib/python3.10/asyncio/sslproto.py", line 534, in data_received
    ssldata, appdata = self._sslpipe.feed_ssldata(data)
  File "/opt/hostedtoolcache/Python/3.10.17/x64/lib/python3.10/asyncio/sslproto.py", line 206, in feed_ssldata
    self._sslobj.unwrap()
  File "/opt/hostedtoolcache/Python/3.10.17/x64/lib/python3.10/ssl.py", line 979, in unwrap
    return self._sslobj.shutdown()
ssl.SSLError: [SSL: APPLICATION_DATA_AFTER_CLOSE_NOTIFY] application data after close notify (_ssl.c:2712)

The above exception was the direct cause of the following exception:

aiohttp.client_exceptions.ClientConnectionError: Connection lost: [SSL: APPLICATION_DATA_AFTER_CLOSE_NOTIFY] application data after close notify (_ssl.c:2712)
2025-05-31 02:36:22,935 - ERROR - Future exception was never retrieved
future: <Future finished exception=ClientConnectionError('Connection lost: [SSL: APPLICATION_DATA_AFTER_CLOSE_NOTIFY] application data after close notify (_ssl.c:2712)')>
Traceback (most recent call last):
  File "/opt/hostedtoolcache/Python/3.10.17/x64/lib/python3.10/asyncio/sslproto.py", line 534, in data_received
    ssldata, appdata = self._sslpipe.feed_ssldata(data)
  File "/opt/hostedtoolcache/Python/3.10.17/x64/lib/python3.10/asyncio/sslproto.py", line 206, in feed_ssldata
    self._sslobj.unwrap()
  File "/opt/hostedtoolcache/Python/3.10.17/x64/lib/python3.10/ssl.py", line 979, in unwrap
    return self._sslobj.shutdown()
ssl.SSLError: [SSL: APPLICATION_DATA_AFTER_CLOSE_NOTIFY] application data after close notify (_ssl.c:2712)

The above exception was the direct cause of the following exception:

aiohttp.client_exceptions.ClientConnectionError: Connection lost: [SSL: APPLICATION_DATA_AFTER_CLOSE_NOTIFY] application data after close notify (_ssl.c:2712)
2025-05-31 02:36:22,936 - ERROR - Future exception was never retrieved
future: <Future finished exception=ClientConnectionError('Connection lost: [SSL: APPLICATION_DATA_AFTER_CLOSE_NOTIFY] application data after close notify (_ssl.c:2712)')>
Traceback (most recent call last):
  File "/opt/hostedtoolcache/Python/3.10.17/x64/lib/python3.10/asyncio/sslproto.py", line 534, in data_received
    ssldata, appdata = self._sslpipe.feed_ssldata(data)
  File "/opt/hostedtoolcache/Python/3.10.17/x64/lib/python3.10/asyncio/sslproto.py", line 206, in feed_ssldata
    self._sslobj.unwrap()
  File "/opt/hostedtoolcache/Python/3.10.17/x64/lib/python3.10/ssl.py", line 979, in unwrap
    return self._sslobj.shutdown()
ssl.SSLError: [SSL: APPLICATION_DATA_AFTER_CLOSE_NOTIFY] application data after close notify (_ssl.c:2712)

The above exception was the direct cause of the following exception:

aiohttp.client_exceptions.ClientConnectionError: Connection lost: [SSL: APPLICATION_DATA_AFTER_CLOSE_NOTIFY] application data after close notify (_ssl.c:2712)
2025-05-31 02:36:22,937 - ERROR - Future exception was never retrieved
future: <Future finished exception=ClientConnectionError('Connection lost: [SSL: APPLICATION_DATA_AFTER_CLOSE_NOTIFY] application data after close notify (_ssl.c:2712)')>
Traceback (most recent call last):
  File "/opt/hostedtoolcache/Python/3.10.17/x64/lib/python3.10/asyncio/sslproto.py", line 534, in data_received
    ssldata, appdata = self._sslpipe.feed_ssldata(data)
  File "/opt/hostedtoolcache/Python/3.10.17/x64/lib/python3.10/asyncio/sslproto.py", line 206, in feed_ssldata
    self._sslobj.unwrap()
  File "/opt/hostedtoolcache/Python/3.10.17/x64/lib/python3.10/ssl.py", line 979, in unwrap
    return self._sslobj.shutdown()
ssl.SSLError: [SSL: APPLICATION_DATA_AFTER_CLOSE_NOTIFY] application data after close notify (_ssl.c:2712)

The above exception was the direct cause of the following exception:

aiohttp.client_exceptions.ClientConnectionError: Connection lost: [SSL: APPLICATION_DATA_AFTER_CLOSE_NOTIFY] application data after close notify (_ssl.c:2712)
2025-05-31 02:36:22,938 - ERROR - Future exception was never retrieved
future: <Future finished exception=ClientConnectionError('Connection lost: [SSL: APPLICATION_DATA_AFTER_CLOSE_NOTIFY] application data after close notify (_ssl.c:2712)')>
Traceback (most recent call last):
  File "/opt/hostedtoolcache/Python/3.10.17/x64/lib/python3.10/asyncio/sslproto.py", line 534, in data_received
    ssldata, appdata = self._sslpipe.feed_ssldata(data)
  File "/opt/hostedtoolcache/Python/3.10.17/x64/lib/python3.10/asyncio/sslproto.py", line 206, in feed_ssldata
    self._sslobj.unwrap()
  File "/opt/hostedtoolcache/Python/3.10.17/x64/lib/python3.10/ssl.py", line 979, in unwrap
    return self._sslobj.shutdown()
ssl.SSLError: [SSL: APPLICATION_DATA_AFTER_CLOSE_NOTIFY] application data after close notify (_ssl.c:2712)

The above exception was the direct cause of the following exception:

aiohttp.client_exceptions.ClientConnectionError: Connection lost: [SSL: APPLICATION_DATA_AFTER_CLOSE_NOTIFY] application data after close notify (_ssl.c:2712)
2025-05-31 02:36:22,939 - ERROR - Future exception was never retrieved
future: <Future finished exception=ClientConnectionError('Connection lost: [SSL: APPLICATION_DATA_AFTER_CLOSE_NOTIFY] application data after close notify (_ssl.c:2712)')>
Traceback (most recent call last):
  File "/opt/hostedtoolcache/Python/3.10.17/x64/lib/python3.10/asyncio/sslproto.py", line 534, in data_received
    ssldata, appdata = self._sslpipe.feed_ssldata(data)
  File "/opt/hostedtoolcache/Python/3.10.17/x64/lib/python3.10/asyncio/sslproto.py", line 206, in feed_ssldata
    self._sslobj.unwrap()
  File "/opt/hostedtoolcache/Python/3.10.17/x64/lib/python3.10/ssl.py", line 979, in unwrap
    return self._sslobj.shutdown()
ssl.SSLError: [SSL: APPLICATION_DATA_AFTER_CLOSE_NOTIFY] application data after close notify (_ssl.c:2712)

The above exception was the direct cause of the following exception:

aiohttp.client_exceptions.ClientConnectionError: Connection lost: [SSL: APPLICATION_DATA_AFTER_CLOSE_NOTIFY] application data after close notify (_ssl.c:2712)
2025-05-31 02:36:22,939 - ERROR - Future exception was never retrieved
future: <Future finished exception=ClientConnectionError('Connection lost: [SSL: APPLICATION_DATA_AFTER_CLOSE_NOTIFY] application data after close notify (_ssl.c:2712)')>
Traceback (most recent call last):
  File "/opt/hostedtoolcache/Python/3.10.17/x64/lib/python3.10/asyncio/sslproto.py", line 534, in data_received
    ssldata, appdata = self._sslpipe.feed_ssldata(data)
  File "/opt/hostedtoolcache/Python/3.10.17/x64/lib/python3.10/asyncio/sslproto.py", line 206, in feed_ssldata
    self._sslobj.unwrap()
  File "/opt/hostedtoolcache/Python/3.10.17/x64/lib/python3.10/ssl.py", line 979, in unwrap
    return self._sslobj.shutdown()
ssl.SSLError: [SSL: APPLICATION_DATA_AFTER_CLOSE_NOTIFY] application data after close notify (_ssl.c:2712)

The above exception was the direct cause of the following exception:

aiohttp.client_exceptions.ClientConnectionError: Connection lost: [SSL: APPLICATION_DATA_AFTER_CLOSE_NOTIFY] application data after close notify (_ssl.c:2712)
2025-05-31 02:36:22,940 - ERROR - Future exception was never retrieved
future: <Future finished exception=ClientConnectionError('Connection lost: [SSL: APPLICATION_DATA_AFTER_CLOSE_NOTIFY] application data after close notify (_ssl.c:2712)')>
Traceback (most recent call last):
  File "/opt/hostedtoolcache/Python/3.10.17/x64/lib/python3.10/asyncio/sslproto.py", line 534, in data_received
    ssldata, appdata = self._sslpipe.feed_ssldata(data)
  File "/opt/hostedtoolcache/Python/3.10.17/x64/lib/python3.10/asyncio/sslproto.py", line 206, in feed_ssldata
    self._sslobj.unwrap()
  File "/opt/hostedtoolcache/Python/3.10.17/x64/lib/python3.10/ssl.py", line 979, in unwrap
    return self._sslobj.shutdown()
ssl.SSLError: [SSL: APPLICATION_DATA_AFTER_CLOSE_NOTIFY] application data after close notify (_ssl.c:2712)

The above exception was the direct cause of the following exception:

aiohttp.client_exceptions.ClientConnectionError: Connection lost: [SSL: APPLICATION_DATA_AFTER_CLOSE_NOTIFY] application data after close notify (_ssl.c:2712)
2025-05-31 02:36:22,943 - ERROR - Future exception was never retrieved
future: <Future finished exception=ClientConnectionError('Connection lost: [SSL: APPLICATION_DATA_AFTER_CLOSE_NOTIFY] application data after close notify (_ssl.c:2712)')>
Traceback (most recent call last):
  File "/opt/hostedtoolcache/Python/3.10.17/x64/lib/python3.10/asyncio/sslproto.py", line 534, in data_received
    ssldata, appdata = self._sslpipe.feed_ssldata(data)
  File "/opt/hostedtoolcache/Python/3.10.17/x64/lib/python3.10/asyncio/sslproto.py", line 206, in feed_ssldata
    self._sslobj.unwrap()
  File "/opt/hostedtoolcache/Python/3.10.17/x64/lib/python3.10/ssl.py", line 979, in unwrap
    return self._sslobj.shutdown()
ssl.SSLError: [SSL: APPLICATION_DATA_AFTER_CLOSE_NOTIFY] application data after close notify (_ssl.c:2712)

The above exception was the direct cause of the following exception:

aiohttp.client_exceptions.ClientConnectionError: Connection lost: [SSL: APPLICATION_DATA_AFTER_CLOSE_NOTIFY] application data after close notify (_ssl.c:2712)
2025-05-31 02:36:27,481 - ERROR - Future exception was never retrieved
future: <Future finished exception=ClientConnectionError('Connection lost: [SSL: APPLICATION_DATA_AFTER_CLOSE_NOTIFY] application data after close notify (_ssl.c:2712)')>
Traceback (most recent call last):
  File "/opt/hostedtoolcache/Python/3.10.17/x64/lib/python3.10/asyncio/sslproto.py", line 534, in data_received
    ssldata, appdata = self._sslpipe.feed_ssldata(data)
  File "/opt/hostedtoolcache/Python/3.10.17/x64/lib/python3.10/asyncio/sslproto.py", line 206, in feed_ssldata
    self._sslobj.unwrap()
  File "/opt/hostedtoolcache/Python/3.10.17/x64/lib/python3.10/ssl.py", line 979, in unwrap
    return self._sslobj.shutdown()
ssl.SSLError: [SSL: APPLICATION_DATA_AFTER_CLOSE_NOTIFY] application data after close notify (_ssl.c:2712)

The above exception was the direct cause of the following exception:

aiohttp.client_exceptions.ClientConnectionError: Connection lost: [SSL: APPLICATION_DATA_AFTER_CLOSE_NOTIFY] application data after close notify (_ssl.c:2712)
2025-05-31 02:36:27,638 - ERROR - Future exception was never retrieved
future: <Future finished exception=ClientConnectionError('Connection lost: [SSL: APPLICATION_DATA_AFTER_CLOSE_NOTIFY] application data after close notify (_ssl.c:2712)')>
Traceback (most recent call last):
  File "/opt/hostedtoolcache/Python/3.10.17/x64/lib/python3.10/asyncio/sslproto.py", line 534, in data_received
    ssldata, appdata = self._sslpipe.feed_ssldata(data)
  File "/opt/hostedtoolcache/Python/3.10.17/x64/lib/python3.10/asyncio/sslproto.py", line 206, in feed_ssldata
    self._sslobj.unwrap()
  File "/opt/hostedtoolcache/Python/3.10.17/x64/lib/python3.10/ssl.py", line 979, in unwrap
    return self._sslobj.shutdown()
ssl.SSLError: [SSL: APPLICATION_DATA_AFTER_CLOSE_NOTIFY] application data after close notify (_ssl.c:2712)

The above exception was the direct cause of the following exception:

aiohttp.client_exceptions.ClientConnectionError: Connection lost: [SSL: APPLICATION_DATA_AFTER_CLOSE_NOTIFY] application data after close notify (_ssl.c:2712)
2025-05-31 02:36:27,639 - ERROR - Future exception was never retrieved
future: <Future finished exception=ClientConnectionError('Connection lost: [SSL: APPLICATION_DATA_AFTER_CLOSE_NOTIFY] application data after close notify (_ssl.c:2712)')>
Traceback (most recent call last):
  File "/opt/hostedtoolcache/Python/3.10.17/x64/lib/python3.10/asyncio/sslproto.py", line 534, in data_received
    ssldata, appdata = self._sslpipe.feed_ssldata(data)
  File "/opt/hostedtoolcache/Python/3.10.17/x64/lib/python3.10/asyncio/sslproto.py", line 206, in feed_ssldata
    self._sslobj.unwrap()
  File "/opt/hostedtoolcache/Python/3.10.17/x64/lib/python3.10/ssl.py", line 979, in unwrap
    return self._sslobj.shutdown()
ssl.SSLError: [SSL: APPLICATION_DATA_AFTER_CLOSE_NOTIFY] application data after close notify (_ssl.c:2712)

The above exception was the direct cause of the following exception:

aiohttp.client_exceptions.ClientConnectionError: Connection lost: [SSL: APPLICATION_DATA_AFTER_CLOSE_NOTIFY] application data after close notify (_ssl.c:2712)
2025-05-31 02:36:27,646 - ERROR - Future exception was never retrieved
future: <Future finished exception=ClientConnectionError('Connection lost: [SSL: APPLICATION_DATA_AFTER_CLOSE_NOTIFY] application data after close notify (_ssl.c:2712)')>
Traceback (most recent call last):
  File "/opt/hostedtoolcache/Python/3.10.17/x64/lib/python3.10/asyncio/sslproto.py", line 534, in data_received
    ssldata, appdata = self._sslpipe.feed_ssldata(data)
  File "/opt/hostedtoolcache/Python/3.10.17/x64/lib/python3.10/asyncio/sslproto.py", line 206, in feed_ssldata
    self._sslobj.unwrap()
  File "/opt/hostedtoolcache/Python/3.10.17/x64/lib/python3.10/ssl.py", line 979, in unwrap
    return self._sslobj.shutdown()
ssl.SSLError: [SSL: APPLICATION_DATA_AFTER_CLOSE_NOTIFY] application data after close notify (_ssl.c:2712)

The above exception was the direct cause of the following exception:

aiohttp.client_exceptions.ClientConnectionError: Connection lost: [SSL: APPLICATION_DATA_AFTER_CLOSE_NOTIFY] application data after close notify (_ssl.c:2712)
2025-05-31 02:36:32,013 - ERROR - Future exception was never retrieved
future: <Future finished exception=ClientConnectionError('Connection lost: [SSL: APPLICATION_DATA_AFTER_CLOSE_NOTIFY] application data after close notify (_ssl.c:2712)')>
Traceback (most recent call last):
  File "/opt/hostedtoolcache/Python/3.10.17/x64/lib/python3.10/asyncio/sslproto.py", line 534, in data_received
    ssldata, appdata = self._sslpipe.feed_ssldata(data)
  File "/opt/hostedtoolcache/Python/3.10.17/x64/lib/python3.10/asyncio/sslproto.py", line 206, in feed_ssldata
    self._sslobj.unwrap()
  File "/opt/hostedtoolcache/Python/3.10.17/x64/lib/python3.10/ssl.py", line 979, in unwrap
    return self._sslobj.shutdown()
ssl.SSLError: [SSL: APPLICATION_DATA_AFTER_CLOSE_NOTIFY] application data after close notify (_ssl.c:2712)

The above exception was the direct cause of the following exception:

aiohttp.client_exceptions.ClientConnectionError: Connection lost: [SSL: APPLICATION_DATA_AFTER_CLOSE_NOTIFY] application data after close notify (_ssl.c:2712)
2025-05-31 02:36:32,014 - ERROR - Future exception was never retrieved
future: <Future finished exception=ClientConnectionError('Connection lost: [SSL: APPLICATION_DATA_AFTER_CLOSE_NOTIFY] application data after close notify (_ssl.c:2712)')>
Traceback (most recent call last):
  File "/opt/hostedtoolcache/Python/3.10.17/x64/lib/python3.10/asyncio/sslproto.py", line 534, in data_received
    ssldata, appdata = self._sslpipe.feed_ssldata(data)
  File "/opt/hostedtoolcache/Python/3.10.17/x64/lib/python3.10/asyncio/sslproto.py", line 206, in feed_ssldata
    self._sslobj.unwrap()
  File "/opt/hostedtoolcache/Python/3.10.17/x64/lib/python3.10/ssl.py", line 979, in unwrap
    return self._sslobj.shutdown()
ssl.SSLError: [SSL: APPLICATION_DATA_AFTER_CLOSE_NOTIFY] application data after close notify (_ssl.c:2712)

The above exception was the direct cause of the following exception:

aiohttp.client_exceptions.ClientConnectionError: Connection lost: [SSL: APPLICATION_DATA_AFTER_CLOSE_NOTIFY] application data after close notify (_ssl.c:2712)
2025-05-31 02:36:34,064 - ERROR - Future exception was never retrieved
future: <Future finished exception=ClientConnectionError('Connection lost: [SSL: APPLICATION_DATA_AFTER_CLOSE_NOTIFY] application data after close notify (_ssl.c:2712)')>
Traceback (most recent call last):
  File "/opt/hostedtoolcache/Python/3.10.17/x64/lib/python3.10/asyncio/sslproto.py", line 534, in data_received
    ssldata, appdata = self._sslpipe.feed_ssldata(data)
  File "/opt/hostedtoolcache/Python/3.10.17/x64/lib/python3.10/asyncio/sslproto.py", line 206, in feed_ssldata
    self._sslobj.unwrap()
  File "/opt/hostedtoolcache/Python/3.10.17/x64/lib/python3.10/ssl.py", line 979, in unwrap
    return self._sslobj.shutdown()
ssl.SSLError: [SSL: APPLICATION_DATA_AFTER_CLOSE_NOTIFY] application data after close notify (_ssl.c:2712)

The above exception was the direct cause of the following exception:

aiohttp.client_exceptions.ClientConnectionError: Connection lost: [SSL: APPLICATION_DATA_AFTER_CLOSE_NOTIFY] application data after close notify (_ssl.c:2712)
2025-05-31 02:36:34,070 - ERROR - Future exception was never retrieved
future: <Future finished exception=ClientConnectionError('Connection lost: [SSL: APPLICATION_DATA_AFTER_CLOSE_NOTIFY] application data after close notify (_ssl.c:2712)')>
Traceback (most recent call last):
  File "/opt/hostedtoolcache/Python/3.10.17/x64/lib/python3.10/asyncio/sslproto.py", line 534, in data_received
    ssldata, appdata = self._sslpipe.feed_ssldata(data)
  File "/opt/hostedtoolcache/Python/3.10.17/x64/lib/python3.10/asyncio/sslproto.py", line 206, in feed_ssldata
    self._sslobj.unwrap()
  File "/opt/hostedtoolcache/Python/3.10.17/x64/lib/python3.10/ssl.py", line 979, in unwrap
    return self._sslobj.shutdown()
ssl.SSLError: [SSL: APPLICATION_DATA_AFTER_CLOSE_NOTIFY] application data after close notify (_ssl.c:2712)

The above exception was the direct cause of the following exception:

aiohttp.client_exceptions.ClientConnectionError: Connection lost: [SSL: APPLICATION_DATA_AFTER_CLOSE_NOTIFY] application data after close notify (_ssl.c:2712)
2025-05-31 02:36:34,073 - ERROR - Future exception was never retrieved
future: <Future finished exception=ClientConnectionError('Connection lost: [SSL: APPLICATION_DATA_AFTER_CLOSE_NOTIFY] application data after close notify (_ssl.c:2712)')>
Traceback (most recent call last):
  File "/opt/hostedtoolcache/Python/3.10.17/x64/lib/python3.10/asyncio/sslproto.py", line 534, in data_received
    ssldata, appdata = self._sslpipe.feed_ssldata(data)
  File "/opt/hostedtoolcache/Python/3.10.17/x64/lib/python3.10/asyncio/sslproto.py", line 206, in feed_ssldata
    self._sslobj.unwrap()
  File "/opt/hostedtoolcache/Python/3.10.17/x64/lib/python3.10/ssl.py", line 979, in unwrap
    return self._sslobj.shutdown()
ssl.SSLError: [SSL: APPLICATION_DATA_AFTER_CLOSE_NOTIFY] application data after close notify (_ssl.c:2712)

The above exception was the direct cause of the following exception:

aiohttp.client_exceptions.ClientConnectionError: Connection lost: [SSL: APPLICATION_DATA_AFTER_CLOSE_NOTIFY] application data after close notify (_ssl.c:2712)
2025-05-31 02:36:34,074 - ERROR - Future exception was never retrieved
future: <Future finished exception=ClientConnectionError('Connection lost: [SSL: APPLICATION_DATA_AFTER_CLOSE_NOTIFY] application data after close notify (_ssl.c:2712)')>
Traceback (most recent call last):
  File "/opt/hostedtoolcache/Python/3.10.17/x64/lib/python3.10/asyncio/sslproto.py", line 534, in data_received
    ssldata, appdata = self._sslpipe.feed_ssldata(data)
  File "/opt/hostedtoolcache/Python/3.10.17/x64/lib/python3.10/asyncio/sslproto.py", line 206, in feed_ssldata
    self._sslobj.unwrap()
  File "/opt/hostedtoolcache/Python/3.10.17/x64/lib/python3.10/ssl.py", line 979, in unwrap
    return self._sslobj.shutdown()
ssl.SSLError: [SSL: APPLICATION_DATA_AFTER_CLOSE_NOTIFY] application data after close notify (_ssl.c:2712)

The above exception was the direct cause of the following exception:

aiohttp.client_exceptions.ClientConnectionError: Connection lost: [SSL: APPLICATION_DATA_AFTER_CLOSE_NOTIFY] application data after close notify (_ssl.c:2712)
2025-05-31 02:36:34,081 - ERROR - Future exception was never retrieved
future: <Future finished exception=ClientConnectionError('Connection lost: [SSL: APPLICATION_DATA_AFTER_CLOSE_NOTIFY] application data after close notify (_ssl.c:2712)')>
Traceback (most recent call last):
  File "/opt/hostedtoolcache/Python/3.10.17/x64/lib/python3.10/asyncio/sslproto.py", line 534, in data_received
    ssldata, appdata = self._sslpipe.feed_ssldata(data)
  File "/opt/hostedtoolcache/Python/3.10.17/x64/lib/python3.10/asyncio/sslproto.py", line 206, in feed_ssldata
    self._sslobj.unwrap()
  File "/opt/hostedtoolcache/Python/3.10.17/x64/lib/python3.10/ssl.py", line 979, in unwrap
    return self._sslobj.shutdown()
ssl.SSLError: [SSL: APPLICATION_DATA_AFTER_CLOSE_NOTIFY] application data after close notify (_ssl.c:2712)

The above exception was the direct cause of the following exception:

aiohttp.client_exceptions.ClientConnectionError: Connection lost: [SSL: APPLICATION_DATA_AFTER_CLOSE_NOTIFY] application data after close notify (_ssl.c:2712)
2025-05-31 02:36:49,107 - ERROR - Future exception was never retrieved
future: <Future finished exception=ClientConnectionError('Connection lost: [SSL: APPLICATION_DATA_AFTER_CLOSE_NOTIFY] application data after close notify (_ssl.c:2712)')>
Traceback (most recent call last):
  File "/opt/hostedtoolcache/Python/3.10.17/x64/lib/python3.10/asyncio/sslproto.py", line 534, in data_received
    ssldata, appdata = self._sslpipe.feed_ssldata(data)
  File "/opt/hostedtoolcache/Python/3.10.17/x64/lib/python3.10/asyncio/sslproto.py", line 206, in feed_ssldata
    self._sslobj.unwrap()
  File "/opt/hostedtoolcache/Python/3.10.17/x64/lib/python3.10/ssl.py", line 979, in unwrap
    return self._sslobj.shutdown()
ssl.SSLError: [SSL: APPLICATION_DATA_AFTER_CLOSE_NOTIFY] application data after close notify (_ssl.c:2712)

The above exception was the direct cause of the following exception:

aiohttp.client_exceptions.ClientConnectionError: Connection lost: [SSL: APPLICATION_DATA_AFTER_CLOSE_NOTIFY] application data after close notify (_ssl.c:2712)
2025-05-31 02:37:15,674 - ERROR - Future exception was never retrieved
future: <Future finished exception=ClientConnectionError('Connection lost: [SSL: APPLICATION_DATA_AFTER_CLOSE_NOTIFY] application data after close notify (_ssl.c:2712)')>
Traceback (most recent call last):
  File "/opt/hostedtoolcache/Python/3.10.17/x64/lib/python3.10/asyncio/sslproto.py", line 534, in data_received
    ssldata, appdata = self._sslpipe.feed_ssldata(data)
  File "/opt/hostedtoolcache/Python/3.10.17/x64/lib/python3.10/asyncio/sslproto.py", line 206, in feed_ssldata
    self._sslobj.unwrap()
  File "/opt/hostedtoolcache/Python/3.10.17/x64/lib/python3.10/ssl.py", line 979, in unwrap
    return self._sslobj.shutdown()
ssl.SSLError: [SSL: APPLICATION_DATA_AFTER_CLOSE_NOTIFY] application data after close notify (_ssl.c:2712)

The above exception was the direct cause of the following exception:

aiohttp.client_exceptions.ClientConnectionError: Connection lost: [SSL: APPLICATION_DATA_AFTER_CLOSE_NOTIFY] application data after close notify (_ssl.c:2712)
2025-05-31 02:37:15,675 - ERROR - Future exception was never retrieved
future: <Future finished exception=ClientConnectionError('Connection lost: [SSL: APPLICATION_DATA_AFTER_CLOSE_NOTIFY] application data after close notify (_ssl.c:2712)')>
Traceback (most recent call last):
  File "/opt/hostedtoolcache/Python/3.10.17/x64/lib/python3.10/asyncio/sslproto.py", line 534, in data_received
    ssldata, appdata = self._sslpipe.feed_ssldata(data)
  File "/opt/hostedtoolcache/Python/3.10.17/x64/lib/python3.10/asyncio/sslproto.py", line 206, in feed_ssldata
    self._sslobj.unwrap()
  File "/opt/hostedtoolcache/Python/3.10.17/x64/lib/python3.10/ssl.py", line 979, in unwrap
    return self._sslobj.shutdown()
ssl.SSLError: [SSL: APPLICATION_DATA_AFTER_CLOSE_NOTIFY] application data after close notify (_ssl.c:2712)

The above exception was the direct cause of the following exception:

aiohttp.client_exceptions.ClientConnectionError: Connection lost: [SSL: APPLICATION_DATA_AFTER_CLOSE_NOTIFY] application data after close notify (_ssl.c:2712)
2025-05-31 02:37:15,679 - ERROR - Future exception was never retrieved
future: <Future finished exception=ClientConnectionError('Connection lost: [SSL: APPLICATION_DATA_AFTER_CLOSE_NOTIFY] application data after close notify (_ssl.c:2712)')>
Traceback (most recent call last):
  File "/opt/hostedtoolcache/Python/3.10.17/x64/lib/python3.10/asyncio/sslproto.py", line 534, in data_received
    ssldata, appdata = self._sslpipe.feed_ssldata(data)
  File "/opt/hostedtoolcache/Python/3.10.17/x64/lib/python3.10/asyncio/sslproto.py", line 206, in feed_ssldata
    self._sslobj.unwrap()
  File "/opt/hostedtoolcache/Python/3.10.17/x64/lib/python3.10/ssl.py", line 979, in unwrap
    return self._sslobj.shutdown()
ssl.SSLError: [SSL: APPLICATION_DATA_AFTER_CLOSE_NOTIFY] application data after close notify (_ssl.c:2712)

The above exception was the direct cause of the following exception:

aiohttp.client_exceptions.ClientConnectionError: Connection lost: [SSL: APPLICATION_DATA_AFTER_CLOSE_NOTIFY] application data after close notify (_ssl.c:2712)
2025-05-31 02:37:15,686 - ERROR - Future exception was never retrieved
future: <Future finished exception=ClientConnectionError('Connection lost: [SSL: APPLICATION_DATA_AFTER_CLOSE_NOTIFY] application data after close notify (_ssl.c:2712)')>
Traceback (most recent call last):
  File "/opt/hostedtoolcache/Python/3.10.17/x64/lib/python3.10/asyncio/sslproto.py", line 534, in data_received
    ssldata, appdata = self._sslpipe.feed_ssldata(data)
  File "/opt/hostedtoolcache/Python/3.10.17/x64/lib/python3.10/asyncio/sslproto.py", line 206, in feed_ssldata
    self._sslobj.unwrap()
  File "/opt/hostedtoolcache/Python/3.10.17/x64/lib/python3.10/ssl.py", line 979, in unwrap
    return self._sslobj.shutdown()
ssl.SSLError: [SSL: APPLICATION_DATA_AFTER_CLOSE_NOTIFY] application data after close notify (_ssl.c:2712)

The above exception was the direct cause of the following exception:

aiohttp.client_exceptions.ClientConnectionError: Connection lost: [SSL: APPLICATION_DATA_AFTER_CLOSE_NOTIFY] application data after close notify (_ssl.c:2712)
2025-05-31 02:37:15,688 - ERROR - Future exception was never retrieved
future: <Future finished exception=ClientConnectionError('Connection lost: [SSL: APPLICATION_DATA_AFTER_CLOSE_NOTIFY] application data after close notify (_ssl.c:2712)')>
Traceback (most recent call last):
  File "/opt/hostedtoolcache/Python/3.10.17/x64/lib/python3.10/asyncio/sslproto.py", line 534, in data_received
    ssldata, appdata = self._sslpipe.feed_ssldata(data)
  File "/opt/hostedtoolcache/Python/3.10.17/x64/lib/python3.10/asyncio/sslproto.py", line 206, in feed_ssldata
    self._sslobj.unwrap()
  File "/opt/hostedtoolcache/Python/3.10.17/x64/lib/python3.10/ssl.py", line 979, in unwrap
    return self._sslobj.shutdown()
ssl.SSLError: [SSL: APPLICATION_DATA_AFTER_CLOSE_NOTIFY] application data after close notify (_ssl.c:2712)

The above exception was the direct cause of the following exception:

aiohttp.client_exceptions.ClientConnectionError: Connection lost: [SSL: APPLICATION_DATA_AFTER_CLOSE_NOTIFY] application data after close notify (_ssl.c:2712)
2025-05-31 02:37:37,647 - ERROR - Future exception was never retrieved
future: <Future finished exception=ClientConnectionError('Connection lost: [SSL: APPLICATION_DATA_AFTER_CLOSE_NOTIFY] application data after close notify (_ssl.c:2712)')>
Traceback (most recent call last):
  File "/opt/hostedtoolcache/Python/3.10.17/x64/lib/python3.10/asyncio/sslproto.py", line 534, in data_received
    ssldata, appdata = self._sslpipe.feed_ssldata(data)
  File "/opt/hostedtoolcache/Python/3.10.17/x64/lib/python3.10/asyncio/sslproto.py", line 206, in feed_ssldata
    self._sslobj.unwrap()
  File "/opt/hostedtoolcache/Python/3.10.17/x64/lib/python3.10/ssl.py", line 979, in unwrap
    return self._sslobj.shutdown()
ssl.SSLError: [SSL: APPLICATION_DATA_AFTER_CLOSE_NOTIFY] application data after close notify (_ssl.c:2712)

The above exception was the direct cause of the following exception:

aiohttp.client_exceptions.ClientConnectionError: Connection lost: [SSL: APPLICATION_DATA_AFTER_CLOSE_NOTIFY] application data after close notify (_ssl.c:2712)
2025-05-31 02:38:06,494 - ERROR - Future exception was never retrieved
future: <Future finished exception=ClientConnectionError('Connection lost: [SSL: APPLICATION_DATA_AFTER_CLOSE_NOTIFY] application data after close notify (_ssl.c:2712)')>
Traceback (most recent call last):
  File "/opt/hostedtoolcache/Python/3.10.17/x64/lib/python3.10/asyncio/sslproto.py", line 534, in data_received
    ssldata, appdata = self._sslpipe.feed_ssldata(data)
  File "/opt/hostedtoolcache/Python/3.10.17/x64/lib/python3.10/asyncio/sslproto.py", line 206, in feed_ssldata
    self._sslobj.unwrap()
  File "/opt/hostedtoolcache/Python/3.10.17/x64/lib/python3.10/ssl.py", line 979, in unwrap
    return self._sslobj.shutdown()
ssl.SSLError: [SSL: APPLICATION_DATA_AFTER_CLOSE_NOTIFY] application data after close notify (_ssl.c:2712)

The above exception was the direct cause of the following exception:

aiohttp.client_exceptions.ClientConnectionError: Connection lost: [SSL: APPLICATION_DATA_AFTER_CLOSE_NOTIFY] application data after close notify (_ssl.c:2712)
2025-05-31 02:45:29,637 - ERROR - Future exception was never retrieved
future: <Future finished exception=ClientConnectionError('Connection lost: [SSL: APPLICATION_DATA_AFTER_CLOSE_NOTIFY] application data after close notify (_ssl.c:2712)')>
Traceback (most recent call last):
  File "/opt/hostedtoolcache/Python/3.10.17/x64/lib/python3.10/asyncio/sslproto.py", line 534, in data_received
    ssldata, appdata = self._sslpipe.feed_ssldata(data)
  File "/opt/hostedtoolcache/Python/3.10.17/x64/lib/python3.10/asyncio/sslproto.py", line 206, in feed_ssldata
    self._sslobj.unwrap()
  File "/opt/hostedtoolcache/Python/3.10.17/x64/lib/python3.10/ssl.py", line 979, in unwrap
    return self._sslobj.shutdown()
ssl.SSLError: [SSL: APPLICATION_DATA_AFTER_CLOSE_NOTIFY] application data after close notify (_ssl.c:2712)

The above exception was the direct cause of the following exception:

aiohttp.client_exceptions.ClientConnectionError: Connection lost: [SSL: APPLICATION_DATA_AFTER_CLOSE_NOTIFY] application data after close notify (_ssl.c:2712)
2025-05-31 02:45:29,650 - ERROR - Future exception was never retrieved
future: <Future finished exception=ClientConnectionError('Connection lost: [SSL: APPLICATION_DATA_AFTER_CLOSE_NOTIFY] application data after close notify (_ssl.c:2712)')>
Traceback (most recent call last):
  File "/opt/hostedtoolcache/Python/3.10.17/x64/lib/python3.10/asyncio/sslproto.py", line 534, in data_received
    ssldata, appdata = self._sslpipe.feed_ssldata(data)
  File "/opt/hostedtoolcache/Python/3.10.17/x64/lib/python3.10/asyncio/sslproto.py", line 206, in feed_ssldata
    self._sslobj.unwrap()
  File "/opt/hostedtoolcache/Python/3.10.17/x64/lib/python3.10/ssl.py", line 979, in unwrap
    return self._sslobj.shutdown()
ssl.SSLError: [SSL: APPLICATION_DATA_AFTER_CLOSE_NOTIFY] application data after close notify (_ssl.c:2712)

The above exception was the direct cause of the following exception:

aiohttp.client_exceptions.ClientConnectionError: Connection lost: [SSL: APPLICATION_DATA_AFTER_CLOSE_NOTIFY] application data after close notify (_ssl.c:2712)
