2025-05-30 09:53:09,611 - INFO - url: https://raw.githubusercontent.com/YanG-1989/m3u/refs/heads/main/Gather.m3u è·å–æˆåŠŸï¼Œåˆ¤æ–­ä¸ºm3uæ ¼å¼
2025-05-30 09:53:09,612 - INFO - url: https://raw.githubusercontent.com/YanG-1989/m3u/refs/heads/main/Gather.m3u çˆ¬å–æˆåŠŸâœ…ï¼ŒåŒ…å«é¢‘é“åˆ†ç±»: â€¢æ¸©é¦¨ã€Œæç¤ºã€, â€¢å’ªå’•ã€ŒIPV4ã€, â€¢æ¸¸æˆã€Œèµ›äº‹ã€, â€¢å½±è§†ã€Œè½®æ’­ã€
2025-05-30 09:53:48,740 - ERROR - url: http://aktv.top/live.txt çˆ¬å–å¤±è´¥âŒ, Error: 522 Server Error:  for url: http://aktv.top/live.txt
2025-05-30 09:53:48,912 - INFO - url: https://live.fanmingming.com/tv/m3u/ipv6.m3u è·å–æˆåŠŸï¼Œåˆ¤æ–­ä¸ºm3uæ ¼å¼
2025-05-30 09:53:48,912 - INFO - url: https://live.fanmingming.com/tv/m3u/ipv6.m3u çˆ¬å–æˆåŠŸâœ…ï¼ŒåŒ…å«é¢‘é“åˆ†ç±»: å¤®è§†é¢‘é“, å«è§†é¢‘é“, æµ™æ±Ÿé¢‘é“, å†…è’™é¢‘é“
2025-05-30 09:53:48,925 - INFO - url: https://raw.githubusercontent.com/yuanzl77/IPTV/main/ç›´æ’­/å¤®è§†é¢‘é“.txt è·å–æˆåŠŸï¼Œåˆ¤æ–­ä¸ºtxtæ ¼å¼
2025-05-30 09:53:48,926 - INFO - url: https://raw.githubusercontent.com/yuanzl77/IPTV/main/ç›´æ’­/å¤®è§†é¢‘é“.txt çˆ¬å–æˆåŠŸâœ…ï¼ŒåŒ…å«é¢‘é“åˆ†ç±»: å¤®è§†é¢‘é“
2025-05-30 09:56:04,745 - ERROR - url: http://120.79.4.185/new/mdlive.txt çˆ¬å–å¤±è´¥âŒ, Error: HTTPConnectionPool(host='120.79.4.185', port=80): Max retries exceeded with url: /new/mdlive.txt (Caused by ConnectTimeoutError(<urllib3.connection.HTTPConnection object at 0x7fc01e928340>, 'Connection to 120.79.4.185 timed out. (connect timeout=None)'))
2025-05-30 09:56:04,758 - ERROR - url: https://raw.githubusercontent.com/Fairy8o/IPTV/main/PDX-V4.txt çˆ¬å–å¤±è´¥âŒ, Error: 404 Client Error: Not Found for url: https://raw.githubusercontent.com/Fairy8o/IPTV/main/PDX-V4.txt
2025-05-30 09:56:04,770 - ERROR - url: https://raw.githubusercontent.com/Fairy8o/IPTV/main/PDX-V6.txt çˆ¬å–å¤±è´¥âŒ, Error: 404 Client Error: Not Found for url: https://raw.githubusercontent.com/Fairy8o/IPTV/main/PDX-V6.txt
2025-05-30 09:56:06,418 - INFO - url: https://live.zhoujie218.top/tv/iptv6.txt è·å–æˆåŠŸï¼Œåˆ¤æ–­ä¸ºtxtæ ¼å¼
2025-05-30 09:56:06,419 - INFO - url: https://live.zhoujie218.top/tv/iptv6.txt çˆ¬å–æˆåŠŸâœ…ï¼ŒåŒ…å«é¢‘é“åˆ†ç±»: å¤®è§†é¢‘é“, å«è§†é¢‘é“, ç”µå½±é¢‘é“, å„¿ç«¥é¢‘é“, åœ°æ–¹é¢‘é“, ä½“è‚²é¢‘é“, æ›´æ–°æ—¶é—´
2025-05-30 09:56:07,833 - INFO - url: https://live.zhoujie218.top/tv/iptv4.txt è·å–æˆåŠŸï¼Œåˆ¤æ–­ä¸ºtxtæ ¼å¼
2025-05-30 09:56:07,836 - INFO - url: https://live.zhoujie218.top/tv/iptv4.txt çˆ¬å–æˆåŠŸâœ…ï¼ŒåŒ…å«é¢‘é“åˆ†ç±»: å¤®è§†é¢‘é“, å«è§†é¢‘é“, ç”µå½±é¢‘é“, æ•°å­—é¢‘é“, å„¿ç«¥é¢‘é“, åœ°æ–¹é¢‘é“, çºªå½•é¢‘é“, ä½“è‚²é¢‘é“, è§£è¯´é¢‘é“, éŸ³ä¹é¢‘é“, æ˜¥æ™šé¢‘é“, ç›´æ’­ä¸­å›½, æ›´æ–°æ—¶é—´
2025-05-30 09:56:07,983 - ERROR - url: https://www.mytvsuper.xyz/m3u/Live.m3u çˆ¬å–å¤±è´¥âŒ, Error: HTTPSConnectionPool(host='www.mytvsuper.xyz', port=443): Max retries exceeded with url: /m3u/Live.m3u (Caused by SSLError(SSLCertVerificationError(1, "[SSL: CERTIFICATE_VERIFY_FAILED] certificate verify failed: Hostname mismatch, certificate is not valid for 'www.mytvsuper.xyz'. (_ssl.c:1017)")))
2025-05-30 09:56:09,825 - INFO - url: https://tv.youdu.fan:666/live/ è·å–æˆåŠŸï¼Œåˆ¤æ–­ä¸ºtxtæ ¼å¼
2025-05-30 09:56:09,844 - INFO - url: https://tv.youdu.fan:666/live/ çˆ¬å–æˆåŠŸâœ…ï¼ŒåŒ…å«é¢‘é“åˆ†ç±»: ğŸŒ¹é˜²å¤±è”, ğŸ“¡æ¸¸å±±ç©æ°´, å¤®è§†èŠ‚ç›®, å«è§†èŠ‚ç›®, IPV6å¤®è§†é¢‘é“, IPV6å«è§†é¢‘é“, å¤®è§†é¢‘é“, å«è§†é¢‘é“, åœ°æ–¹é¢‘é“, ğŸ“¡å„¿ç«¥é¢‘é“, ğŸ“¡æ¸¯æ¾³å°é¢‘é“, ğŸ“¡å†å±Šæ˜¥æ™š, ğŸ“¡ç›´æ’­ä¸­å›½, ğŸŒå›½é™…é¢‘é“, ğŸ’ç”µå½±é¢‘é“, ğŸ’ƒä¸¨MTVç°ä»£, ğŸ“›ä¸¨MTVæ€€æ—§, ğŸ“¡æµ‹è¯•
2025-05-30 09:56:10,621 - ERROR - url: http://ww.weidonglong.com/dsj.txt çˆ¬å–å¤±è´¥âŒ, Error: HTTPConnectionPool(host='ww.weidonglong.com', port=80): Max retries exceeded with url: /dsj.txt (Caused by NameResolutionError("<urllib3.connection.HTTPConnection object at 0x7fc01e92b2e0>: Failed to resolve 'ww.weidonglong.com' ([Errno -2] Name or service not known)"))
2025-05-30 09:56:11,008 - ERROR - url: http://xhztv.top/zbc.txt çˆ¬å–å¤±è´¥âŒ, Error: 404 Client Error: Not Found for url: http://xhztv.top/zbc.txt
2025-05-30 09:56:11,030 - INFO - url: https://raw.githubusercontent.com/qingwen07/awesome-iptv/main/tvbox_live_all.txt è·å–æˆåŠŸï¼Œåˆ¤æ–­ä¸ºtxtæ ¼å¼
2025-05-30 09:56:11,051 - INFO - url: https://raw.githubusercontent.com/qingwen07/awesome-iptv/main/tvbox_live_all.txt çˆ¬å–æˆåŠŸâœ…ï¼ŒåŒ…å«é¢‘é“åˆ†ç±»: å¤®è§†, æ–°é—», å«è§†å°, åœ°æ–¹å°, æ¸¯æ¾³å°, åŸ‹å †å †, å½±è§†, ä½“è‚², éŸ³ä¹, å°å“, å’ªå’•, æ–—é±¼, å°‘å„¿, å›½å¤–, IPV6, 
2025-05-30 09:56:11,066 - INFO - url: https://raw.githubusercontent.com/Guovin/TV/gd/output/result.txt è·å–æˆåŠŸï¼Œåˆ¤æ–­ä¸ºtxtæ ¼å¼
2025-05-30 09:56:11,073 - INFO - url: https://raw.githubusercontent.com/Guovin/TV/gd/output/result.txt çˆ¬å–æˆåŠŸâœ…ï¼ŒåŒ…å«é¢‘é“åˆ†ç±»: ğŸ•˜ï¸æ›´æ–°æ—¶é—´, ğŸ“ºå¤®è§†é¢‘é“, ğŸ’°å¤®è§†ä»˜è´¹é¢‘é“, ğŸ“¡å«è§†é¢‘é“, â˜˜ï¸å¹¿ä¸œé¢‘é“, â˜˜ï¸æµ™æ±Ÿé¢‘é“, â˜˜ï¸åŒ—äº¬é¢‘é“, â˜˜ï¸ä¸Šæµ·é¢‘é“, â˜˜ï¸é‡åº†é¢‘é“, â˜˜ï¸æ±Ÿè‹é¢‘é“, â˜˜ï¸è¾½å®é¢‘é“, â˜˜ï¸æ¹–å—é¢‘é“, â˜˜ï¸æ¹–åŒ—é¢‘é“, â˜˜ï¸å¹¿è¥¿é¢‘é“, â˜˜ï¸å¤©æ´¥é¢‘é“, â˜˜ï¸å››å·é¢‘é“, â˜˜ï¸é™•è¥¿é¢‘é“, â˜˜ï¸ç¦å»ºé¢‘é“, â˜˜ï¸æµ·å—é¢‘é“, â˜˜ï¸æ²³å—é¢‘é“, â˜˜ï¸æ²³åŒ—é¢‘é“, â˜˜ï¸è´µå·é¢‘é“, â˜˜ï¸ç”˜è‚ƒé¢‘é“, â˜˜ï¸æ–°ç–†é¢‘é“, â˜˜ï¸å±±ä¸œé¢‘é“, â˜˜ï¸å±±è¥¿é¢‘é“, â˜˜ï¸å®‰å¾½é¢‘é“, â˜˜ï¸å®å¤é¢‘é“, â˜˜ï¸å‰æ—é¢‘é“, â˜˜ï¸å†…è’™å¤é¢‘é“, â˜˜ï¸äº‘å—é¢‘é“, â˜˜ï¸é’æµ·é¢‘é“, â˜˜ï¸é»‘é¾™æ±Ÿé¢‘é“, ğŸŒŠæ¸¯Â·æ¾³Â·å°, ğŸ¬ç”µå½±é¢‘é“, ğŸ¥å’ªå’•ç›´æ’­, ğŸ€ä½“è‚²é¢‘é“, ğŸªåŠ¨ç”»é¢‘é“, ğŸ®æ¸¸æˆé¢‘é“, ğŸµéŸ³ä¹é¢‘é“, ğŸ›ç»å…¸å‰§åœº
2025-05-30 09:56:12,342 - INFO - url: http://home.jundie.top:81/Cat/tv/live.txt è·å–æˆåŠŸï¼Œåˆ¤æ–­ä¸ºtxtæ ¼å¼
2025-05-30 09:56:12,345 - INFO - url: http://home.jundie.top:81/Cat/tv/live.txt çˆ¬å–æˆåŠŸâœ…ï¼ŒåŒ…å«é¢‘é“åˆ†ç±»: ğŸ“ºå¤®è§†é¢‘é“, ğŸ’°å¤®è§†ä»˜è´¹é¢‘é“, ğŸ“¡å«è§†é¢‘é“, â˜˜ï¸å¹¿ä¸œé¢‘é“, â˜˜ï¸æµ™æ±Ÿé¢‘é“, â˜˜ï¸åŒ—äº¬é¢‘é“, â˜˜ï¸ä¸Šæµ·é¢‘é“, â˜˜ï¸é‡åº†é¢‘é“, â˜˜ï¸æ±Ÿè‹é¢‘é“, â˜˜ï¸è¾½å®é¢‘é“, â˜˜ï¸æ¹–å—é¢‘é“, â˜˜ï¸æ¹–åŒ—é¢‘é“, â˜˜ï¸å¹¿è¥¿é¢‘é“, â˜˜ï¸å¤©æ´¥é¢‘é“, â˜˜ï¸å››å·é¢‘é“, â˜˜ï¸é™•è¥¿é¢‘é“, â˜˜ï¸ç¦å»ºé¢‘é“, â˜˜ï¸æ²³å—é¢‘é“, â˜˜ï¸æ²³åŒ—é¢‘é“, â˜˜ï¸è´µå·é¢‘é“, â˜˜ï¸ç”˜è‚ƒé¢‘é“, â˜˜ï¸æ–°ç–†é¢‘é“, â˜˜ï¸å±±ä¸œé¢‘é“, â˜˜ï¸å±±è¥¿é¢‘é“, â˜˜ï¸å®‰å¾½é¢‘é“, â˜˜ï¸å®å¤é¢‘é“, â˜˜ï¸å‰æ—é¢‘é“, â˜˜ï¸äº‘å—é¢‘é“, â˜˜ï¸é’æµ·é¢‘é“, â˜˜ï¸é»‘é¾™æ±Ÿé¢‘é“, ğŸŒŠæ¸¯Â·æ¾³Â·å°, ğŸ¬ç”µå½±é¢‘é“, ğŸ¥å’ªå’•ç›´æ’­, ğŸ€ä½“è‚²é¢‘é“, ğŸªåŠ¨ç”»é¢‘é“, ğŸ®æ¸¸æˆé¢‘é“, ğŸµéŸ³ä¹é¢‘é“, ğŸ›ç»å…¸å‰§åœº, åŸ‹å †å †
2025-05-30 09:56:12,360 - INFO - url: https://raw.githubusercontent.com/vbskycn/iptv/master/tv/hd.txt è·å–æˆåŠŸï¼Œåˆ¤æ–­ä¸ºtxtæ ¼å¼
2025-05-30 09:56:12,365 - INFO - url: https://raw.githubusercontent.com/vbskycn/iptv/master/tv/hd.txt çˆ¬å–æˆåŠŸâœ…ï¼ŒåŒ…å«é¢‘é“åˆ†ç±»: å¤®è§†é¢‘é“jyd, æ¸¯æ¾³å°jyd, å«è§†é¢‘é“jyd, æ±Ÿè¥¿æœ¬åœ°jyd, å„¿ç«¥é¢‘é“jyd, ç”µå½±é¢‘é“jyd, å…¶ä»–é¢‘é“jyd, å¤®è§†é¢‘é“jdx, æ±Ÿè¥¿æœ¬åœ°jdx, å«è§†é¢‘é“jdx, ç”µå½±é¢‘é“jdx, ä½“è‚²é¢‘é“jdx, å„¿ç«¥é¢‘é“jdx, ç‰¹è‰²é¢‘é“jdx, å…¶ä»–é¢‘é“jdx, å¤®è§†é¢‘é“ip6, å«è§†é¢‘é“ip6, ç”µå½±é¢‘é“ip6, å„¿ç«¥é¢‘é“ip6, åœ°æ–¹é¢‘é“ip6, ä½“è‚²é¢‘é“ip6, æ›´æ–°æ—¶é—´ip6, å¤®è§†é¢‘é“ip4, å«è§†é¢‘é“ip4, ç”µå½±é¢‘é“ip4, æ•°å­—é¢‘é“ip4, å„¿ç«¥é¢‘é“ip4, åœ°æ–¹é¢‘é“ip4, çºªå½•é¢‘é“ip4, ä½“è‚²é¢‘é“ip4, è§£è¯´é¢‘é“ip4, éŸ³ä¹é¢‘é“ip4, æ˜¥æ™šé¢‘é“ip4, ç›´æ’­ä¸­å›½ip4, æ›´æ–°æ—¶é—´ip4
2025-05-30 09:56:12,470 - INFO - url: https://cdn.jsdelivr.net/gh/YueChan/live@main/IPTV.m3u è·å–æˆåŠŸï¼Œåˆ¤æ–­ä¸ºm3uæ ¼å¼
2025-05-30 09:56:12,470 - INFO - url: https://cdn.jsdelivr.net/gh/YueChan/live@main/IPTV.m3u çˆ¬å–æˆåŠŸâœ…ï¼ŒåŒ…å«é¢‘é“åˆ†ç±»: å¤®è§†, å«è§†, åœ°æ–¹, æ•°å­—
2025-05-30 09:56:12,490 - INFO - url: https://raw.githubusercontent.com/cymz6/AutoIPTV-Hotel/main/lives.txt è·å–æˆåŠŸï¼Œåˆ¤æ–­ä¸ºtxtæ ¼å¼
2025-05-30 09:56:12,490 - INFO - url: https://raw.githubusercontent.com/cymz6/AutoIPTV-Hotel/main/lives.txt çˆ¬å–æˆåŠŸâœ…ï¼ŒåŒ…å«é¢‘é“åˆ†ç±»: å¤®è§†é¢‘é“, å«è§†é¢‘é“, å…¶ä»–é¢‘é“
2025-05-30 09:56:12,504 - INFO - url: https://raw.githubusercontent.com/PizazzGY/TVBox_warehouse/main/live.txt è·å–æˆåŠŸï¼Œåˆ¤æ–­ä¸ºtxtæ ¼å¼
2025-05-30 09:56:12,504 - INFO - url: https://raw.githubusercontent.com/PizazzGY/TVBox_warehouse/main/live.txt çˆ¬å–æˆåŠŸâœ…ï¼ŒåŒ…å«é¢‘é“åˆ†ç±»: å¤®è§†
2025-05-30 09:56:13,306 - INFO - url: https://fm1077.serv00.net/SmartTV.m3u è·å–æˆåŠŸï¼Œåˆ¤æ–­ä¸ºm3uæ ¼å¼
2025-05-30 09:56:13,307 - INFO - url: https://fm1077.serv00.net/SmartTV.m3u çˆ¬å–æˆåŠŸâœ…ï¼ŒåŒ…å«é¢‘é“åˆ†ç±»: è‡ºç£ Taiwan, é¦¬ä¾†è¥¿äº Malaysia, æ–°åŠ å¡ Singapore, å°å°¼ Indonesia, é¦™æ¸¯ Hongkong, ä¸­åœ‹ China, é«”è‚² Sports, å°åº¦ Indian, é›»å½± Movie, ç´€éŒ„ Documentary, æ–°è News, å…’ç«¥ Kids, æ³°åœ‹ Thailand, è‹±åœ‹ United Kingdom, è¶Šå— Vietnam, éŸ“åœ‹ Korea, æ—¥æœ¬ Japan
2025-05-30 09:56:13,318 - INFO - url: https://raw.githubusercontent.com/ssili126/tv/main/itvlist.txt è·å–æˆåŠŸï¼Œåˆ¤æ–­ä¸ºtxtæ ¼å¼
2025-05-30 09:56:13,319 - INFO - url: https://raw.githubusercontent.com/ssili126/tv/main/itvlist.txt çˆ¬å–æˆåŠŸâœ…ï¼ŒåŒ…å«é¢‘é“åˆ†ç±»: å¤®è§†é¢‘é“, å«è§†é¢‘é“, å…¶ä»–é¢‘é“
2025-05-30 09:56:13,329 - INFO - url: https://raw.githubusercontent.com/kimwang1978/collect-tv-txt/main/merged_output.txt è·å–æˆåŠŸï¼Œåˆ¤æ–­ä¸ºtxtæ ¼å¼
2025-05-30 09:56:13,330 - INFO - url: https://raw.githubusercontent.com/kimwang1978/collect-tv-txt/main/merged_output.txt çˆ¬å–æˆåŠŸâœ…ï¼ŒåŒ…å«é¢‘é“åˆ†ç±»: æ›´æ–°æ—¶é—´
2025-05-30 09:56:16,148 - INFO - url: https://ghp.ci/raw.githubusercontent.com/MemoryCollection/IPTV/refs/heads/main/itvlist.m3u è·å–æˆåŠŸï¼Œåˆ¤æ–­ä¸ºtxtæ ¼å¼
2025-05-30 09:56:16,674 - INFO - url: https://github.moeyy.xyz/https://raw.githubusercontent.com/Ftindy/IPTV-URL/main/huyayqk.m3u è·å–æˆåŠŸï¼Œåˆ¤æ–­ä¸ºm3uæ ¼å¼
2025-05-30 09:56:16,676 - INFO - url: https://github.moeyy.xyz/https://raw.githubusercontent.com/Ftindy/IPTV-URL/main/huyayqk.m3u çˆ¬å–æˆåŠŸâœ…ï¼ŒåŒ…å«é¢‘é“åˆ†ç±»: ä¸€èµ·çœ‹, åŸåˆ›, ç§‘æŠ€
2025-05-30 09:56:17,258 - INFO - url: http://www.lyyytv.cn/yt/zhibo/1.txt è·å–æˆåŠŸï¼Œåˆ¤æ–­ä¸ºtxtæ ¼å¼
2025-05-30 09:56:17,260 - INFO - url: http://www.lyyytv.cn/yt/zhibo/1.txt çˆ¬å–æˆåŠŸâœ…ï¼ŒåŒ…å«é¢‘é“åˆ†ç±»: å¤®å«é¢‘é“, â˜˜ï¸æµ™æ±Ÿé¢‘é“, â˜˜ï¸åŒ—äº¬é¢‘é“, â˜˜ï¸ä¸Šæµ·é¢‘é“, â˜˜ï¸é‡åº†é¢‘é“, â˜˜ï¸æ±Ÿè‹é¢‘é“, â˜˜ï¸è¾½å®é¢‘é“, â˜˜ï¸æ¹–å—é¢‘é“, â˜˜ï¸æ¹–åŒ—é¢‘é“, â˜˜ï¸å¹¿è¥¿é¢‘é“, â˜˜ï¸å¤©æ´¥é¢‘é“, â˜˜ï¸å››å·é¢‘é“, â˜˜ï¸é™•è¥¿é¢‘é“, â˜˜ï¸ç¦å»ºé¢‘é“, â˜˜ï¸æµ·å—é¢‘é“, â˜˜ï¸æ²³å—é¢‘é“, â˜˜ï¸æ²³åŒ—é¢‘é“, â˜˜ï¸è´µå·é¢‘é“, â˜˜ï¸ç”˜è‚ƒé¢‘é“, â˜˜ï¸æ–°ç–†é¢‘é“, â˜˜ï¸å±±ä¸œé¢‘é“, â˜˜ï¸å±±è¥¿é¢‘é“, â˜˜ï¸å®‰å¾½é¢‘é“, â˜˜ï¸å®å¤é¢‘é“, â˜˜ï¸å‰æ—é¢‘é“, â˜˜ï¸å†…è’™å¤é¢‘é“, â˜˜ï¸äº‘å—é¢‘é“, â˜˜ï¸é’æµ·é¢‘é“, â˜˜ï¸é»‘é¾™æ±Ÿé¢‘é“, ğŸŒŠæ¸¯Â·æ¾³Â·å°, ğŸ¬ç”µå½±é¢‘é“, ğŸ¥å’ªå’•ç›´æ’­, ğŸ€ä½“è‚²é¢‘é“, ğŸªåŠ¨ç”»é¢‘é“, ğŸ®æ¸¸æˆé¢‘é“, ğŸµéŸ³ä¹é¢‘é“, å†å±Šæ˜¥æ™š
2025-05-30 09:56:19,240 - INFO - url: http://live.nctv.top/x.txt è·å–æˆåŠŸï¼Œåˆ¤æ–­ä¸ºtxtæ ¼å¼
2025-05-30 09:56:19,279 - INFO - url: http://live.nctv.top/x.txt çˆ¬å–æˆåŠŸâœ…ï¼ŒåŒ…å«é¢‘é“åˆ†ç±»: ğŸ“¡  æ›´æ–°æ—¥æœŸ, ğŸ“¡  å¤®è§†é¢‘é“, ğŸ“¡  å«è§†é¢‘é“, ğŸ“¡  æ±Ÿè¥¿é¢‘é“, ğŸ“¡  ç§»åŠ¨å¤®è§†, ğŸ“¡  ç§»åŠ¨å«è§†, ğŸ“¡  æ¸¯å°é¢‘é“, ğŸ“¡  åŠ¨ä½œé¢‘é“, ğŸ“¡  ç§‘å¹»é¢‘é“, ğŸ“¡  ææ€–é¢‘é“, ğŸ“¡  æˆ˜äº‰é¢‘é“, ğŸ“¡  ä¸Šæµ·é¢‘é“, ğŸ“¡  åŒ—äº¬é¢‘é“, ğŸ“¡  å¹¿ä¸œé¢‘é“, ğŸ“¡  æ¹–å—é¢‘é“, ğŸ“¡  æµ™æ±Ÿé¢‘é“, ğŸ“¡  æ±Ÿè‹é¢‘é“, ğŸ“¡  å®‰å¾½é¢‘é“, ğŸ“¡  é™•è¥¿é¢‘é“, ğŸ“¡  ç¦å»ºé¢‘é“, ğŸ“¡  æ²³å—é¢‘é“, ğŸ“¡  æ²³åŒ—é¢‘é“, ğŸ“¡  æ¹–åŒ—é¢‘é“, ğŸ“¡  å››å·é¢‘é“, ğŸ“¡  é‡åº†é¢‘é“, ğŸ“¡  å±±ä¸œé¢‘é“, ğŸ“¡  å†…è’™é¢‘é“, ğŸ“¡  è´µå·é¢‘é“, ğŸ“¡  è¾½å®é¢‘é“, ğŸ“¡  é»‘é¾™æ±Ÿé¢‘é“, ğŸ“¡  å›½é™…, ğŸ‡­ğŸ‡°æ¸¯å°, ğŸ‡¨ğŸ‡³è™ç‰™ç›´æ’­, ğŸ‡¨ğŸ‡³æ–—é±¼ç›´æ’­, ğŸ‡¨ğŸ‡³å’ªå’•é¢‘é“, ğŸ‡¨ğŸ‡³è½®æ’­, ğŸ‡¨ğŸ‡³ç”µè§†å‰§è½®æ’­, ğŸ‡¨ğŸ‡³ YYé¢‘é“, ğŸ‡¨ğŸ‡³åŸ‹å †å †ï¼ˆæ¸¯å‰§ï¼‰, ğŸ‡¨ğŸ‡³æ•°å­—ç”µè§†, ğŸ‡¨ğŸ‡³å†å¹´æ˜¥æ™š, ğŸ‡¨ğŸ‡³ç›´æ’­ä¸­å›½, ğŸ’« ç»å…¸ç”µå½±, ğŸ’« è¥¿æ¸¸è®°, ğŸ’« ç»å…¸å°å“, ğŸ’«ç”µå°å¹¿æ’­, ğŸ’« å¹¿åœºèˆ, ğŸ’«æ­Œæ˜Ÿé‡‘æ›², ğŸ’«MTV, ğŸ’«DJéŸ³ä¹, ğŸ’«æ¼”å”±ä¼š
2025-05-30 09:56:20,086 - INFO - url: http://www.lyyytv.cn/yt/zhibo/1.txt è·å–æˆåŠŸï¼Œåˆ¤æ–­ä¸ºtxtæ ¼å¼
2025-05-30 09:56:20,089 - INFO - url: http://www.lyyytv.cn/yt/zhibo/1.txt çˆ¬å–æˆåŠŸâœ…ï¼ŒåŒ…å«é¢‘é“åˆ†ç±»: å¤®å«é¢‘é“, â˜˜ï¸æµ™æ±Ÿé¢‘é“, â˜˜ï¸åŒ—äº¬é¢‘é“, â˜˜ï¸ä¸Šæµ·é¢‘é“, â˜˜ï¸é‡åº†é¢‘é“, â˜˜ï¸æ±Ÿè‹é¢‘é“, â˜˜ï¸è¾½å®é¢‘é“, â˜˜ï¸æ¹–å—é¢‘é“, â˜˜ï¸æ¹–åŒ—é¢‘é“, â˜˜ï¸å¹¿è¥¿é¢‘é“, â˜˜ï¸å¤©æ´¥é¢‘é“, â˜˜ï¸å››å·é¢‘é“, â˜˜ï¸é™•è¥¿é¢‘é“, â˜˜ï¸ç¦å»ºé¢‘é“, â˜˜ï¸æµ·å—é¢‘é“, â˜˜ï¸æ²³å—é¢‘é“, â˜˜ï¸æ²³åŒ—é¢‘é“, â˜˜ï¸è´µå·é¢‘é“, â˜˜ï¸ç”˜è‚ƒé¢‘é“, â˜˜ï¸æ–°ç–†é¢‘é“, â˜˜ï¸å±±ä¸œé¢‘é“, â˜˜ï¸å±±è¥¿é¢‘é“, â˜˜ï¸å®‰å¾½é¢‘é“, â˜˜ï¸å®å¤é¢‘é“, â˜˜ï¸å‰æ—é¢‘é“, â˜˜ï¸å†…è’™å¤é¢‘é“, â˜˜ï¸äº‘å—é¢‘é“, â˜˜ï¸é’æµ·é¢‘é“, â˜˜ï¸é»‘é¾™æ±Ÿé¢‘é“, ğŸŒŠæ¸¯Â·æ¾³Â·å°, ğŸ¬ç”µå½±é¢‘é“, ğŸ¥å’ªå’•ç›´æ’­, ğŸ€ä½“è‚²é¢‘é“, ğŸªåŠ¨ç”»é¢‘é“, ğŸ®æ¸¸æˆé¢‘é“, ğŸµéŸ³ä¹é¢‘é“, å†å±Šæ˜¥æ™š
2025-05-30 09:56:20,406 - ERROR - url: https://tv.iill.top/m3u/Live çˆ¬å–å¤±è´¥âŒ, Error: 403 Client Error: Forbidden for url: https://tv.iill.top/m3u/Live
2025-05-30 09:56:21,697 - ERROR - url: http://tipu.xjqxz.top/live1213.txt çˆ¬å–å¤±è´¥âŒ, Error: ('Connection aborted.', RemoteDisconnected('Remote end closed connection without response'))
2025-05-30 09:56:27,211 - ERROR - Future exception was never retrieved
future: <Future finished exception=ClientConnectionError('Connection lost: [SSL: APPLICATION_DATA_AFTER_CLOSE_NOTIFY] application data after close notify (_ssl.c:2712)')>
Traceback (most recent call last):
  File "/opt/hostedtoolcache/Python/3.10.17/x64/lib/python3.10/asyncio/sslproto.py", line 534, in data_received
    ssldata, appdata = self._sslpipe.feed_ssldata(data)
  File "/opt/hostedtoolcache/Python/3.10.17/x64/lib/python3.10/asyncio/sslproto.py", line 206, in feed_ssldata
    self._sslobj.unwrap()
  File "/opt/hostedtoolcache/Python/3.10.17/x64/lib/python3.10/ssl.py", line 979, in unwrap
    return self._sslobj.shutdown()
ssl.SSLError: [SSL: APPLICATION_DATA_AFTER_CLOSE_NOTIFY] application data after close notify (_ssl.c:2712)

The above exception was the direct cause of the following exception:

aiohttp.client_exceptions.ClientConnectionError: Connection lost: [SSL: APPLICATION_DATA_AFTER_CLOSE_NOTIFY] application data after close notify (_ssl.c:2712)
2025-05-30 09:56:27,364 - ERROR - Future exception was never retrieved
future: <Future finished exception=ClientConnectionError('Connection lost: [SSL: APPLICATION_DATA_AFTER_CLOSE_NOTIFY] application data after close notify (_ssl.c:2712)')>
Traceback (most recent call last):
  File "/opt/hostedtoolcache/Python/3.10.17/x64/lib/python3.10/asyncio/sslproto.py", line 534, in data_received
    ssldata, appdata = self._sslpipe.feed_ssldata(data)
  File "/opt/hostedtoolcache/Python/3.10.17/x64/lib/python3.10/asyncio/sslproto.py", line 206, in feed_ssldata
    self._sslobj.unwrap()
  File "/opt/hostedtoolcache/Python/3.10.17/x64/lib/python3.10/ssl.py", line 979, in unwrap
    return self._sslobj.shutdown()
ssl.SSLError: [SSL: APPLICATION_DATA_AFTER_CLOSE_NOTIFY] application data after close notify (_ssl.c:2712)

The above exception was the direct cause of the following exception:

aiohttp.client_exceptions.ClientConnectionError: Connection lost: [SSL: APPLICATION_DATA_AFTER_CLOSE_NOTIFY] application data after close notify (_ssl.c:2712)
2025-05-30 09:56:27,364 - ERROR - Future exception was never retrieved
future: <Future finished exception=ClientConnectionError('Connection lost: [SSL: APPLICATION_DATA_AFTER_CLOSE_NOTIFY] application data after close notify (_ssl.c:2712)')>
Traceback (most recent call last):
  File "/opt/hostedtoolcache/Python/3.10.17/x64/lib/python3.10/asyncio/sslproto.py", line 534, in data_received
    ssldata, appdata = self._sslpipe.feed_ssldata(data)
  File "/opt/hostedtoolcache/Python/3.10.17/x64/lib/python3.10/asyncio/sslproto.py", line 206, in feed_ssldata
    self._sslobj.unwrap()
  File "/opt/hostedtoolcache/Python/3.10.17/x64/lib/python3.10/ssl.py", line 979, in unwrap
    return self._sslobj.shutdown()
ssl.SSLError: [SSL: APPLICATION_DATA_AFTER_CLOSE_NOTIFY] application data after close notify (_ssl.c:2712)

The above exception was the direct cause of the following exception:

aiohttp.client_exceptions.ClientConnectionError: Connection lost: [SSL: APPLICATION_DATA_AFTER_CLOSE_NOTIFY] application data after close notify (_ssl.c:2712)
2025-05-30 09:56:27,364 - ERROR - Future exception was never retrieved
future: <Future finished exception=ClientConnectionError('Connection lost: [SSL: APPLICATION_DATA_AFTER_CLOSE_NOTIFY] application data after close notify (_ssl.c:2712)')>
Traceback (most recent call last):
  File "/opt/hostedtoolcache/Python/3.10.17/x64/lib/python3.10/asyncio/sslproto.py", line 534, in data_received
    ssldata, appdata = self._sslpipe.feed_ssldata(data)
  File "/opt/hostedtoolcache/Python/3.10.17/x64/lib/python3.10/asyncio/sslproto.py", line 206, in feed_ssldata
    self._sslobj.unwrap()
  File "/opt/hostedtoolcache/Python/3.10.17/x64/lib/python3.10/ssl.py", line 979, in unwrap
    return self._sslobj.shutdown()
ssl.SSLError: [SSL: APPLICATION_DATA_AFTER_CLOSE_NOTIFY] application data after close notify (_ssl.c:2712)

The above exception was the direct cause of the following exception:

aiohttp.client_exceptions.ClientConnectionError: Connection lost: [SSL: APPLICATION_DATA_AFTER_CLOSE_NOTIFY] application data after close notify (_ssl.c:2712)
2025-05-30 09:56:29,855 - ERROR - Future exception was never retrieved
future: <Future finished exception=ClientConnectionError('Connection lost: [SSL: APPLICATION_DATA_AFTER_CLOSE_NOTIFY] application data after close notify (_ssl.c:2712)')>
Traceback (most recent call last):
  File "/opt/hostedtoolcache/Python/3.10.17/x64/lib/python3.10/asyncio/sslproto.py", line 534, in data_received
    ssldata, appdata = self._sslpipe.feed_ssldata(data)
  File "/opt/hostedtoolcache/Python/3.10.17/x64/lib/python3.10/asyncio/sslproto.py", line 206, in feed_ssldata
    self._sslobj.unwrap()
  File "/opt/hostedtoolcache/Python/3.10.17/x64/lib/python3.10/ssl.py", line 979, in unwrap
    return self._sslobj.shutdown()
ssl.SSLError: [SSL: APPLICATION_DATA_AFTER_CLOSE_NOTIFY] application data after close notify (_ssl.c:2712)

The above exception was the direct cause of the following exception:

aiohttp.client_exceptions.ClientConnectionError: Connection lost: [SSL: APPLICATION_DATA_AFTER_CLOSE_NOTIFY] application data after close notify (_ssl.c:2712)
2025-05-30 09:56:32,052 - ERROR - Future exception was never retrieved
future: <Future finished exception=ClientConnectionError('Connection lost: [SSL: APPLICATION_DATA_AFTER_CLOSE_NOTIFY] application data after close notify (_ssl.c:2712)')>
Traceback (most recent call last):
  File "/opt/hostedtoolcache/Python/3.10.17/x64/lib/python3.10/asyncio/sslproto.py", line 534, in data_received
    ssldata, appdata = self._sslpipe.feed_ssldata(data)
  File "/opt/hostedtoolcache/Python/3.10.17/x64/lib/python3.10/asyncio/sslproto.py", line 206, in feed_ssldata
    self._sslobj.unwrap()
  File "/opt/hostedtoolcache/Python/3.10.17/x64/lib/python3.10/ssl.py", line 979, in unwrap
    return self._sslobj.shutdown()
ssl.SSLError: [SSL: APPLICATION_DATA_AFTER_CLOSE_NOTIFY] application data after close notify (_ssl.c:2712)

The above exception was the direct cause of the following exception:

aiohttp.client_exceptions.ClientConnectionError: Connection lost: [SSL: APPLICATION_DATA_AFTER_CLOSE_NOTIFY] application data after close notify (_ssl.c:2712)
2025-05-30 09:56:32,053 - ERROR - Future exception was never retrieved
future: <Future finished exception=ClientConnectionError('Connection lost: [SSL: APPLICATION_DATA_AFTER_CLOSE_NOTIFY] application data after close notify (_ssl.c:2712)')>
Traceback (most recent call last):
  File "/opt/hostedtoolcache/Python/3.10.17/x64/lib/python3.10/asyncio/sslproto.py", line 534, in data_received
    ssldata, appdata = self._sslpipe.feed_ssldata(data)
  File "/opt/hostedtoolcache/Python/3.10.17/x64/lib/python3.10/asyncio/sslproto.py", line 206, in feed_ssldata
    self._sslobj.unwrap()
  File "/opt/hostedtoolcache/Python/3.10.17/x64/lib/python3.10/ssl.py", line 979, in unwrap
    return self._sslobj.shutdown()
ssl.SSLError: [SSL: APPLICATION_DATA_AFTER_CLOSE_NOTIFY] application data after close notify (_ssl.c:2712)

The above exception was the direct cause of the following exception:

aiohttp.client_exceptions.ClientConnectionError: Connection lost: [SSL: APPLICATION_DATA_AFTER_CLOSE_NOTIFY] application data after close notify (_ssl.c:2712)
2025-05-30 09:56:32,053 - ERROR - Future exception was never retrieved
future: <Future finished exception=ClientConnectionError('Connection lost: [SSL: APPLICATION_DATA_AFTER_CLOSE_NOTIFY] application data after close notify (_ssl.c:2712)')>
Traceback (most recent call last):
  File "/opt/hostedtoolcache/Python/3.10.17/x64/lib/python3.10/asyncio/sslproto.py", line 534, in data_received
    ssldata, appdata = self._sslpipe.feed_ssldata(data)
  File "/opt/hostedtoolcache/Python/3.10.17/x64/lib/python3.10/asyncio/sslproto.py", line 206, in feed_ssldata
    self._sslobj.unwrap()
  File "/opt/hostedtoolcache/Python/3.10.17/x64/lib/python3.10/ssl.py", line 979, in unwrap
    return self._sslobj.shutdown()
ssl.SSLError: [SSL: APPLICATION_DATA_AFTER_CLOSE_NOTIFY] application data after close notify (_ssl.c:2712)

The above exception was the direct cause of the following exception:

aiohttp.client_exceptions.ClientConnectionError: Connection lost: [SSL: APPLICATION_DATA_AFTER_CLOSE_NOTIFY] application data after close notify (_ssl.c:2712)
2025-05-30 09:56:32,053 - ERROR - Future exception was never retrieved
future: <Future finished exception=ClientConnectionError('Connection lost: [SSL: APPLICATION_DATA_AFTER_CLOSE_NOTIFY] application data after close notify (_ssl.c:2712)')>
Traceback (most recent call last):
  File "/opt/hostedtoolcache/Python/3.10.17/x64/lib/python3.10/asyncio/sslproto.py", line 534, in data_received
    ssldata, appdata = self._sslpipe.feed_ssldata(data)
  File "/opt/hostedtoolcache/Python/3.10.17/x64/lib/python3.10/asyncio/sslproto.py", line 206, in feed_ssldata
    self._sslobj.unwrap()
  File "/opt/hostedtoolcache/Python/3.10.17/x64/lib/python3.10/ssl.py", line 979, in unwrap
    return self._sslobj.shutdown()
ssl.SSLError: [SSL: APPLICATION_DATA_AFTER_CLOSE_NOTIFY] application data after close notify (_ssl.c:2712)

The above exception was the direct cause of the following exception:

aiohttp.client_exceptions.ClientConnectionError: Connection lost: [SSL: APPLICATION_DATA_AFTER_CLOSE_NOTIFY] application data after close notify (_ssl.c:2712)
2025-05-30 09:56:37,877 - ERROR - Future exception was never retrieved
future: <Future finished exception=ClientConnectionError('Connection lost: [SSL: APPLICATION_DATA_AFTER_CLOSE_NOTIFY] application data after close notify (_ssl.c:2712)')>
Traceback (most recent call last):
  File "/opt/hostedtoolcache/Python/3.10.17/x64/lib/python3.10/asyncio/sslproto.py", line 534, in data_received
    ssldata, appdata = self._sslpipe.feed_ssldata(data)
  File "/opt/hostedtoolcache/Python/3.10.17/x64/lib/python3.10/asyncio/sslproto.py", line 206, in feed_ssldata
    self._sslobj.unwrap()
  File "/opt/hostedtoolcache/Python/3.10.17/x64/lib/python3.10/ssl.py", line 979, in unwrap
    return self._sslobj.shutdown()
ssl.SSLError: [SSL: APPLICATION_DATA_AFTER_CLOSE_NOTIFY] application data after close notify (_ssl.c:2712)

The above exception was the direct cause of the following exception:

aiohttp.client_exceptions.ClientConnectionError: Connection lost: [SSL: APPLICATION_DATA_AFTER_CLOSE_NOTIFY] application data after close notify (_ssl.c:2712)
2025-05-30 09:56:42,992 - ERROR - Future exception was never retrieved
future: <Future finished exception=ClientConnectionError('Connection lost: [SSL: APPLICATION_DATA_AFTER_CLOSE_NOTIFY] application data after close notify (_ssl.c:2712)')>
Traceback (most recent call last):
  File "/opt/hostedtoolcache/Python/3.10.17/x64/lib/python3.10/asyncio/sslproto.py", line 534, in data_received
    ssldata, appdata = self._sslpipe.feed_ssldata(data)
  File "/opt/hostedtoolcache/Python/3.10.17/x64/lib/python3.10/asyncio/sslproto.py", line 206, in feed_ssldata
    self._sslobj.unwrap()
  File "/opt/hostedtoolcache/Python/3.10.17/x64/lib/python3.10/ssl.py", line 979, in unwrap
    return self._sslobj.shutdown()
ssl.SSLError: [SSL: APPLICATION_DATA_AFTER_CLOSE_NOTIFY] application data after close notify (_ssl.c:2712)

The above exception was the direct cause of the following exception:

aiohttp.client_exceptions.ClientConnectionError: Connection lost: [SSL: APPLICATION_DATA_AFTER_CLOSE_NOTIFY] application data after close notify (_ssl.c:2712)
2025-05-30 09:56:42,999 - ERROR - Future exception was never retrieved
future: <Future finished exception=ClientConnectionError('Connection lost: [SSL: APPLICATION_DATA_AFTER_CLOSE_NOTIFY] application data after close notify (_ssl.c:2712)')>
Traceback (most recent call last):
  File "/opt/hostedtoolcache/Python/3.10.17/x64/lib/python3.10/asyncio/sslproto.py", line 534, in data_received
    ssldata, appdata = self._sslpipe.feed_ssldata(data)
  File "/opt/hostedtoolcache/Python/3.10.17/x64/lib/python3.10/asyncio/sslproto.py", line 206, in feed_ssldata
    self._sslobj.unwrap()
  File "/opt/hostedtoolcache/Python/3.10.17/x64/lib/python3.10/ssl.py", line 979, in unwrap
    return self._sslobj.shutdown()
ssl.SSLError: [SSL: APPLICATION_DATA_AFTER_CLOSE_NOTIFY] application data after close notify (_ssl.c:2712)

The above exception was the direct cause of the following exception:

aiohttp.client_exceptions.ClientConnectionError: Connection lost: [SSL: APPLICATION_DATA_AFTER_CLOSE_NOTIFY] application data after close notify (_ssl.c:2712)
2025-05-30 09:56:45,323 - ERROR - Future exception was never retrieved
future: <Future finished exception=ClientConnectionError('Connection lost: [SSL: APPLICATION_DATA_AFTER_CLOSE_NOTIFY] application data after close notify (_ssl.c:2712)')>
Traceback (most recent call last):
  File "/opt/hostedtoolcache/Python/3.10.17/x64/lib/python3.10/asyncio/sslproto.py", line 534, in data_received
    ssldata, appdata = self._sslpipe.feed_ssldata(data)
  File "/opt/hostedtoolcache/Python/3.10.17/x64/lib/python3.10/asyncio/sslproto.py", line 206, in feed_ssldata
    self._sslobj.unwrap()
  File "/opt/hostedtoolcache/Python/3.10.17/x64/lib/python3.10/ssl.py", line 979, in unwrap
    return self._sslobj.shutdown()
ssl.SSLError: [SSL: APPLICATION_DATA_AFTER_CLOSE_NOTIFY] application data after close notify (_ssl.c:2712)

The above exception was the direct cause of the following exception:

aiohttp.client_exceptions.ClientConnectionError: Connection lost: [SSL: APPLICATION_DATA_AFTER_CLOSE_NOTIFY] application data after close notify (_ssl.c:2712)
2025-05-30 09:56:45,325 - ERROR - Future exception was never retrieved
future: <Future finished exception=ClientConnectionError('Connection lost: [SSL: APPLICATION_DATA_AFTER_CLOSE_NOTIFY] application data after close notify (_ssl.c:2712)')>
Traceback (most recent call last):
  File "/opt/hostedtoolcache/Python/3.10.17/x64/lib/python3.10/asyncio/sslproto.py", line 534, in data_received
    ssldata, appdata = self._sslpipe.feed_ssldata(data)
  File "/opt/hostedtoolcache/Python/3.10.17/x64/lib/python3.10/asyncio/sslproto.py", line 206, in feed_ssldata
    self._sslobj.unwrap()
  File "/opt/hostedtoolcache/Python/3.10.17/x64/lib/python3.10/ssl.py", line 979, in unwrap
    return self._sslobj.shutdown()
ssl.SSLError: [SSL: APPLICATION_DATA_AFTER_CLOSE_NOTIFY] application data after close notify (_ssl.c:2712)

The above exception was the direct cause of the following exception:

aiohttp.client_exceptions.ClientConnectionError: Connection lost: [SSL: APPLICATION_DATA_AFTER_CLOSE_NOTIFY] application data after close notify (_ssl.c:2712)
2025-05-30 09:56:45,332 - ERROR - Future exception was never retrieved
future: <Future finished exception=ClientConnectionError('Connection lost: [SSL: APPLICATION_DATA_AFTER_CLOSE_NOTIFY] application data after close notify (_ssl.c:2712)')>
Traceback (most recent call last):
  File "/opt/hostedtoolcache/Python/3.10.17/x64/lib/python3.10/asyncio/sslproto.py", line 534, in data_received
    ssldata, appdata = self._sslpipe.feed_ssldata(data)
  File "/opt/hostedtoolcache/Python/3.10.17/x64/lib/python3.10/asyncio/sslproto.py", line 206, in feed_ssldata
    self._sslobj.unwrap()
  File "/opt/hostedtoolcache/Python/3.10.17/x64/lib/python3.10/ssl.py", line 979, in unwrap
    return self._sslobj.shutdown()
ssl.SSLError: [SSL: APPLICATION_DATA_AFTER_CLOSE_NOTIFY] application data after close notify (_ssl.c:2712)

The above exception was the direct cause of the following exception:

aiohttp.client_exceptions.ClientConnectionError: Connection lost: [SSL: APPLICATION_DATA_AFTER_CLOSE_NOTIFY] application data after close notify (_ssl.c:2712)
2025-05-30 09:56:47,687 - ERROR - Future exception was never retrieved
future: <Future finished exception=ClientConnectionError('Connection lost: [SSL: APPLICATION_DATA_AFTER_CLOSE_NOTIFY] application data after close notify (_ssl.c:2712)')>
Traceback (most recent call last):
  File "/opt/hostedtoolcache/Python/3.10.17/x64/lib/python3.10/asyncio/sslproto.py", line 534, in data_received
    ssldata, appdata = self._sslpipe.feed_ssldata(data)
  File "/opt/hostedtoolcache/Python/3.10.17/x64/lib/python3.10/asyncio/sslproto.py", line 206, in feed_ssldata
    self._sslobj.unwrap()
  File "/opt/hostedtoolcache/Python/3.10.17/x64/lib/python3.10/ssl.py", line 979, in unwrap
    return self._sslobj.shutdown()
ssl.SSLError: [SSL: APPLICATION_DATA_AFTER_CLOSE_NOTIFY] application data after close notify (_ssl.c:2712)

The above exception was the direct cause of the following exception:

aiohttp.client_exceptions.ClientConnectionError: Connection lost: [SSL: APPLICATION_DATA_AFTER_CLOSE_NOTIFY] application data after close notify (_ssl.c:2712)
2025-05-30 09:56:47,691 - ERROR - Future exception was never retrieved
future: <Future finished exception=ClientConnectionError('Connection lost: [SSL: APPLICATION_DATA_AFTER_CLOSE_NOTIFY] application data after close notify (_ssl.c:2712)')>
Traceback (most recent call last):
  File "/opt/hostedtoolcache/Python/3.10.17/x64/lib/python3.10/asyncio/sslproto.py", line 534, in data_received
    ssldata, appdata = self._sslpipe.feed_ssldata(data)
  File "/opt/hostedtoolcache/Python/3.10.17/x64/lib/python3.10/asyncio/sslproto.py", line 206, in feed_ssldata
    self._sslobj.unwrap()
  File "/opt/hostedtoolcache/Python/3.10.17/x64/lib/python3.10/ssl.py", line 979, in unwrap
    return self._sslobj.shutdown()
ssl.SSLError: [SSL: APPLICATION_DATA_AFTER_CLOSE_NOTIFY] application data after close notify (_ssl.c:2712)

The above exception was the direct cause of the following exception:

aiohttp.client_exceptions.ClientConnectionError: Connection lost: [SSL: APPLICATION_DATA_AFTER_CLOSE_NOTIFY] application data after close notify (_ssl.c:2712)
2025-05-30 09:56:50,185 - ERROR - Future exception was never retrieved
future: <Future finished exception=ClientConnectionError('Connection lost: [SSL: APPLICATION_DATA_AFTER_CLOSE_NOTIFY] application data after close notify (_ssl.c:2712)')>
Traceback (most recent call last):
  File "/opt/hostedtoolcache/Python/3.10.17/x64/lib/python3.10/asyncio/sslproto.py", line 534, in data_received
    ssldata, appdata = self._sslpipe.feed_ssldata(data)
  File "/opt/hostedtoolcache/Python/3.10.17/x64/lib/python3.10/asyncio/sslproto.py", line 206, in feed_ssldata
    self._sslobj.unwrap()
  File "/opt/hostedtoolcache/Python/3.10.17/x64/lib/python3.10/ssl.py", line 979, in unwrap
    return self._sslobj.shutdown()
ssl.SSLError: [SSL: APPLICATION_DATA_AFTER_CLOSE_NOTIFY] application data after close notify (_ssl.c:2712)

The above exception was the direct cause of the following exception:

aiohttp.client_exceptions.ClientConnectionError: Connection lost: [SSL: APPLICATION_DATA_AFTER_CLOSE_NOTIFY] application data after close notify (_ssl.c:2712)
2025-05-30 09:56:52,654 - ERROR - Future exception was never retrieved
future: <Future finished exception=ClientConnectionError('Connection lost: [SSL: APPLICATION_DATA_AFTER_CLOSE_NOTIFY] application data after close notify (_ssl.c:2712)')>
Traceback (most recent call last):
  File "/opt/hostedtoolcache/Python/3.10.17/x64/lib/python3.10/asyncio/sslproto.py", line 534, in data_received
    ssldata, appdata = self._sslpipe.feed_ssldata(data)
  File "/opt/hostedtoolcache/Python/3.10.17/x64/lib/python3.10/asyncio/sslproto.py", line 206, in feed_ssldata
    self._sslobj.unwrap()
  File "/opt/hostedtoolcache/Python/3.10.17/x64/lib/python3.10/ssl.py", line 979, in unwrap
    return self._sslobj.shutdown()
ssl.SSLError: [SSL: APPLICATION_DATA_AFTER_CLOSE_NOTIFY] application data after close notify (_ssl.c:2712)

The above exception was the direct cause of the following exception:

aiohttp.client_exceptions.ClientConnectionError: Connection lost: [SSL: APPLICATION_DATA_AFTER_CLOSE_NOTIFY] application data after close notify (_ssl.c:2712)
2025-05-30 09:56:52,657 - ERROR - Future exception was never retrieved
future: <Future finished exception=ClientConnectionError('Connection lost: [SSL: APPLICATION_DATA_AFTER_CLOSE_NOTIFY] application data after close notify (_ssl.c:2712)')>
Traceback (most recent call last):
  File "/opt/hostedtoolcache/Python/3.10.17/x64/lib/python3.10/asyncio/sslproto.py", line 534, in data_received
    ssldata, appdata = self._sslpipe.feed_ssldata(data)
  File "/opt/hostedtoolcache/Python/3.10.17/x64/lib/python3.10/asyncio/sslproto.py", line 206, in feed_ssldata
    self._sslobj.unwrap()
  File "/opt/hostedtoolcache/Python/3.10.17/x64/lib/python3.10/ssl.py", line 979, in unwrap
    return self._sslobj.shutdown()
ssl.SSLError: [SSL: APPLICATION_DATA_AFTER_CLOSE_NOTIFY] application data after close notify (_ssl.c:2712)

The above exception was the direct cause of the following exception:

aiohttp.client_exceptions.ClientConnectionError: Connection lost: [SSL: APPLICATION_DATA_AFTER_CLOSE_NOTIFY] application data after close notify (_ssl.c:2712)
2025-05-30 09:56:54,768 - ERROR - Future exception was never retrieved
future: <Future finished exception=ClientConnectionError('Connection lost: [SSL: APPLICATION_DATA_AFTER_CLOSE_NOTIFY] application data after close notify (_ssl.c:2712)')>
Traceback (most recent call last):
  File "/opt/hostedtoolcache/Python/3.10.17/x64/lib/python3.10/asyncio/sslproto.py", line 534, in data_received
    ssldata, appdata = self._sslpipe.feed_ssldata(data)
  File "/opt/hostedtoolcache/Python/3.10.17/x64/lib/python3.10/asyncio/sslproto.py", line 206, in feed_ssldata
    self._sslobj.unwrap()
  File "/opt/hostedtoolcache/Python/3.10.17/x64/lib/python3.10/ssl.py", line 979, in unwrap
    return self._sslobj.shutdown()
ssl.SSLError: [SSL: APPLICATION_DATA_AFTER_CLOSE_NOTIFY] application data after close notify (_ssl.c:2712)

The above exception was the direct cause of the following exception:

aiohttp.client_exceptions.ClientConnectionError: Connection lost: [SSL: APPLICATION_DATA_AFTER_CLOSE_NOTIFY] application data after close notify (_ssl.c:2712)
2025-05-30 09:56:54,771 - ERROR - Future exception was never retrieved
future: <Future finished exception=ClientConnectionError('Connection lost: [SSL: APPLICATION_DATA_AFTER_CLOSE_NOTIFY] application data after close notify (_ssl.c:2712)')>
Traceback (most recent call last):
  File "/opt/hostedtoolcache/Python/3.10.17/x64/lib/python3.10/asyncio/sslproto.py", line 534, in data_received
    ssldata, appdata = self._sslpipe.feed_ssldata(data)
  File "/opt/hostedtoolcache/Python/3.10.17/x64/lib/python3.10/asyncio/sslproto.py", line 206, in feed_ssldata
    self._sslobj.unwrap()
  File "/opt/hostedtoolcache/Python/3.10.17/x64/lib/python3.10/ssl.py", line 979, in unwrap
    return self._sslobj.shutdown()
ssl.SSLError: [SSL: APPLICATION_DATA_AFTER_CLOSE_NOTIFY] application data after close notify (_ssl.c:2712)

The above exception was the direct cause of the following exception:

aiohttp.client_exceptions.ClientConnectionError: Connection lost: [SSL: APPLICATION_DATA_AFTER_CLOSE_NOTIFY] application data after close notify (_ssl.c:2712)
2025-05-30 09:56:54,773 - ERROR - Future exception was never retrieved
future: <Future finished exception=ClientConnectionError('Connection lost: [SSL: APPLICATION_DATA_AFTER_CLOSE_NOTIFY] application data after close notify (_ssl.c:2712)')>
Traceback (most recent call last):
  File "/opt/hostedtoolcache/Python/3.10.17/x64/lib/python3.10/asyncio/sslproto.py", line 534, in data_received
    ssldata, appdata = self._sslpipe.feed_ssldata(data)
  File "/opt/hostedtoolcache/Python/3.10.17/x64/lib/python3.10/asyncio/sslproto.py", line 206, in feed_ssldata
    self._sslobj.unwrap()
  File "/opt/hostedtoolcache/Python/3.10.17/x64/lib/python3.10/ssl.py", line 979, in unwrap
    return self._sslobj.shutdown()
ssl.SSLError: [SSL: APPLICATION_DATA_AFTER_CLOSE_NOTIFY] application data after close notify (_ssl.c:2712)

The above exception was the direct cause of the following exception:

aiohttp.client_exceptions.ClientConnectionError: Connection lost: [SSL: APPLICATION_DATA_AFTER_CLOSE_NOTIFY] application data after close notify (_ssl.c:2712)
2025-05-30 09:56:54,776 - ERROR - Future exception was never retrieved
future: <Future finished exception=ClientConnectionError('Connection lost: [SSL: APPLICATION_DATA_AFTER_CLOSE_NOTIFY] application data after close notify (_ssl.c:2712)')>
Traceback (most recent call last):
  File "/opt/hostedtoolcache/Python/3.10.17/x64/lib/python3.10/asyncio/sslproto.py", line 534, in data_received
    ssldata, appdata = self._sslpipe.feed_ssldata(data)
  File "/opt/hostedtoolcache/Python/3.10.17/x64/lib/python3.10/asyncio/sslproto.py", line 206, in feed_ssldata
    self._sslobj.unwrap()
  File "/opt/hostedtoolcache/Python/3.10.17/x64/lib/python3.10/ssl.py", line 979, in unwrap
    return self._sslobj.shutdown()
ssl.SSLError: [SSL: APPLICATION_DATA_AFTER_CLOSE_NOTIFY] application data after close notify (_ssl.c:2712)

The above exception was the direct cause of the following exception:

aiohttp.client_exceptions.ClientConnectionError: Connection lost: [SSL: APPLICATION_DATA_AFTER_CLOSE_NOTIFY] application data after close notify (_ssl.c:2712)
2025-05-30 09:56:54,778 - ERROR - Future exception was never retrieved
future: <Future finished exception=ClientConnectionError('Connection lost: [SSL: APPLICATION_DATA_AFTER_CLOSE_NOTIFY] application data after close notify (_ssl.c:2712)')>
Traceback (most recent call last):
  File "/opt/hostedtoolcache/Python/3.10.17/x64/lib/python3.10/asyncio/sslproto.py", line 534, in data_received
    ssldata, appdata = self._sslpipe.feed_ssldata(data)
  File "/opt/hostedtoolcache/Python/3.10.17/x64/lib/python3.10/asyncio/sslproto.py", line 206, in feed_ssldata
    self._sslobj.unwrap()
  File "/opt/hostedtoolcache/Python/3.10.17/x64/lib/python3.10/ssl.py", line 979, in unwrap
    return self._sslobj.shutdown()
ssl.SSLError: [SSL: APPLICATION_DATA_AFTER_CLOSE_NOTIFY] application data after close notify (_ssl.c:2712)

The above exception was the direct cause of the following exception:

aiohttp.client_exceptions.ClientConnectionError: Connection lost: [SSL: APPLICATION_DATA_AFTER_CLOSE_NOTIFY] application data after close notify (_ssl.c:2712)
2025-05-30 09:56:54,784 - ERROR - Future exception was never retrieved
future: <Future finished exception=ClientConnectionError('Connection lost: [SSL: APPLICATION_DATA_AFTER_CLOSE_NOTIFY] application data after close notify (_ssl.c:2712)')>
Traceback (most recent call last):
  File "/opt/hostedtoolcache/Python/3.10.17/x64/lib/python3.10/asyncio/sslproto.py", line 534, in data_received
    ssldata, appdata = self._sslpipe.feed_ssldata(data)
  File "/opt/hostedtoolcache/Python/3.10.17/x64/lib/python3.10/asyncio/sslproto.py", line 206, in feed_ssldata
    self._sslobj.unwrap()
  File "/opt/hostedtoolcache/Python/3.10.17/x64/lib/python3.10/ssl.py", line 979, in unwrap
    return self._sslobj.shutdown()
ssl.SSLError: [SSL: APPLICATION_DATA_AFTER_CLOSE_NOTIFY] application data after close notify (_ssl.c:2712)

The above exception was the direct cause of the following exception:

aiohttp.client_exceptions.ClientConnectionError: Connection lost: [SSL: APPLICATION_DATA_AFTER_CLOSE_NOTIFY] application data after close notify (_ssl.c:2712)
2025-05-30 09:56:57,319 - ERROR - Future exception was never retrieved
future: <Future finished exception=ClientConnectionError('Connection lost: [SSL: APPLICATION_DATA_AFTER_CLOSE_NOTIFY] application data after close notify (_ssl.c:2712)')>
Traceback (most recent call last):
  File "/opt/hostedtoolcache/Python/3.10.17/x64/lib/python3.10/asyncio/sslproto.py", line 534, in data_received
    ssldata, appdata = self._sslpipe.feed_ssldata(data)
  File "/opt/hostedtoolcache/Python/3.10.17/x64/lib/python3.10/asyncio/sslproto.py", line 206, in feed_ssldata
    self._sslobj.unwrap()
  File "/opt/hostedtoolcache/Python/3.10.17/x64/lib/python3.10/ssl.py", line 979, in unwrap
    return self._sslobj.shutdown()
ssl.SSLError: [SSL: APPLICATION_DATA_AFTER_CLOSE_NOTIFY] application data after close notify (_ssl.c:2712)

The above exception was the direct cause of the following exception:

aiohttp.client_exceptions.ClientConnectionError: Connection lost: [SSL: APPLICATION_DATA_AFTER_CLOSE_NOTIFY] application data after close notify (_ssl.c:2712)
2025-05-30 09:56:57,319 - ERROR - Future exception was never retrieved
future: <Future finished exception=ClientConnectionError('Connection lost: [SSL: APPLICATION_DATA_AFTER_CLOSE_NOTIFY] application data after close notify (_ssl.c:2712)')>
Traceback (most recent call last):
  File "/opt/hostedtoolcache/Python/3.10.17/x64/lib/python3.10/asyncio/sslproto.py", line 534, in data_received
    ssldata, appdata = self._sslpipe.feed_ssldata(data)
  File "/opt/hostedtoolcache/Python/3.10.17/x64/lib/python3.10/asyncio/sslproto.py", line 206, in feed_ssldata
    self._sslobj.unwrap()
  File "/opt/hostedtoolcache/Python/3.10.17/x64/lib/python3.10/ssl.py", line 979, in unwrap
    return self._sslobj.shutdown()
ssl.SSLError: [SSL: APPLICATION_DATA_AFTER_CLOSE_NOTIFY] application data after close notify (_ssl.c:2712)

The above exception was the direct cause of the following exception:

aiohttp.client_exceptions.ClientConnectionError: Connection lost: [SSL: APPLICATION_DATA_AFTER_CLOSE_NOTIFY] application data after close notify (_ssl.c:2712)
2025-05-30 09:56:57,319 - ERROR - Future exception was never retrieved
future: <Future finished exception=ClientConnectionError('Connection lost: [SSL: APPLICATION_DATA_AFTER_CLOSE_NOTIFY] application data after close notify (_ssl.c:2712)')>
Traceback (most recent call last):
  File "/opt/hostedtoolcache/Python/3.10.17/x64/lib/python3.10/asyncio/sslproto.py", line 534, in data_received
    ssldata, appdata = self._sslpipe.feed_ssldata(data)
  File "/opt/hostedtoolcache/Python/3.10.17/x64/lib/python3.10/asyncio/sslproto.py", line 206, in feed_ssldata
    self._sslobj.unwrap()
  File "/opt/hostedtoolcache/Python/3.10.17/x64/lib/python3.10/ssl.py", line 979, in unwrap
    return self._sslobj.shutdown()
ssl.SSLError: [SSL: APPLICATION_DATA_AFTER_CLOSE_NOTIFY] application data after close notify (_ssl.c:2712)

The above exception was the direct cause of the following exception:

aiohttp.client_exceptions.ClientConnectionError: Connection lost: [SSL: APPLICATION_DATA_AFTER_CLOSE_NOTIFY] application data after close notify (_ssl.c:2712)
2025-05-30 09:56:57,320 - ERROR - Future exception was never retrieved
future: <Future finished exception=ClientConnectionError('Connection lost: [SSL: APPLICATION_DATA_AFTER_CLOSE_NOTIFY] application data after close notify (_ssl.c:2712)')>
Traceback (most recent call last):
  File "/opt/hostedtoolcache/Python/3.10.17/x64/lib/python3.10/asyncio/sslproto.py", line 534, in data_received
    ssldata, appdata = self._sslpipe.feed_ssldata(data)
  File "/opt/hostedtoolcache/Python/3.10.17/x64/lib/python3.10/asyncio/sslproto.py", line 206, in feed_ssldata
    self._sslobj.unwrap()
  File "/opt/hostedtoolcache/Python/3.10.17/x64/lib/python3.10/ssl.py", line 979, in unwrap
    return self._sslobj.shutdown()
ssl.SSLError: [SSL: APPLICATION_DATA_AFTER_CLOSE_NOTIFY] application data after close notify (_ssl.c:2712)

The above exception was the direct cause of the following exception:

aiohttp.client_exceptions.ClientConnectionError: Connection lost: [SSL: APPLICATION_DATA_AFTER_CLOSE_NOTIFY] application data after close notify (_ssl.c:2712)
2025-05-30 09:56:57,320 - ERROR - Future exception was never retrieved
future: <Future finished exception=ClientConnectionError('Connection lost: [SSL: APPLICATION_DATA_AFTER_CLOSE_NOTIFY] application data after close notify (_ssl.c:2712)')>
Traceback (most recent call last):
  File "/opt/hostedtoolcache/Python/3.10.17/x64/lib/python3.10/asyncio/sslproto.py", line 534, in data_received
    ssldata, appdata = self._sslpipe.feed_ssldata(data)
  File "/opt/hostedtoolcache/Python/3.10.17/x64/lib/python3.10/asyncio/sslproto.py", line 206, in feed_ssldata
    self._sslobj.unwrap()
  File "/opt/hostedtoolcache/Python/3.10.17/x64/lib/python3.10/ssl.py", line 979, in unwrap
    return self._sslobj.shutdown()
ssl.SSLError: [SSL: APPLICATION_DATA_AFTER_CLOSE_NOTIFY] application data after close notify (_ssl.c:2712)

The above exception was the direct cause of the following exception:

aiohttp.client_exceptions.ClientConnectionError: Connection lost: [SSL: APPLICATION_DATA_AFTER_CLOSE_NOTIFY] application data after close notify (_ssl.c:2712)
2025-05-30 09:56:59,382 - ERROR - Future exception was never retrieved
future: <Future finished exception=ClientConnectionError('Connection lost: [SSL: APPLICATION_DATA_AFTER_CLOSE_NOTIFY] application data after close notify (_ssl.c:2712)')>
Traceback (most recent call last):
  File "/opt/hostedtoolcache/Python/3.10.17/x64/lib/python3.10/asyncio/sslproto.py", line 534, in data_received
    ssldata, appdata = self._sslpipe.feed_ssldata(data)
  File "/opt/hostedtoolcache/Python/3.10.17/x64/lib/python3.10/asyncio/sslproto.py", line 206, in feed_ssldata
    self._sslobj.unwrap()
  File "/opt/hostedtoolcache/Python/3.10.17/x64/lib/python3.10/ssl.py", line 979, in unwrap
    return self._sslobj.shutdown()
ssl.SSLError: [SSL: APPLICATION_DATA_AFTER_CLOSE_NOTIFY] application data after close notify (_ssl.c:2712)

The above exception was the direct cause of the following exception:

aiohttp.client_exceptions.ClientConnectionError: Connection lost: [SSL: APPLICATION_DATA_AFTER_CLOSE_NOTIFY] application data after close notify (_ssl.c:2712)
2025-05-30 09:57:01,945 - ERROR - Future exception was never retrieved
future: <Future finished exception=ClientConnectionError('Connection lost: [SSL: APPLICATION_DATA_AFTER_CLOSE_NOTIFY] application data after close notify (_ssl.c:2712)')>
Traceback (most recent call last):
  File "/opt/hostedtoolcache/Python/3.10.17/x64/lib/python3.10/asyncio/sslproto.py", line 534, in data_received
    ssldata, appdata = self._sslpipe.feed_ssldata(data)
  File "/opt/hostedtoolcache/Python/3.10.17/x64/lib/python3.10/asyncio/sslproto.py", line 206, in feed_ssldata
    self._sslobj.unwrap()
  File "/opt/hostedtoolcache/Python/3.10.17/x64/lib/python3.10/ssl.py", line 979, in unwrap
    return self._sslobj.shutdown()
ssl.SSLError: [SSL: APPLICATION_DATA_AFTER_CLOSE_NOTIFY] application data after close notify (_ssl.c:2712)

The above exception was the direct cause of the following exception:

aiohttp.client_exceptions.ClientConnectionError: Connection lost: [SSL: APPLICATION_DATA_AFTER_CLOSE_NOTIFY] application data after close notify (_ssl.c:2712)
2025-05-30 09:57:01,948 - ERROR - Future exception was never retrieved
future: <Future finished exception=ClientConnectionError('Connection lost: [SSL: APPLICATION_DATA_AFTER_CLOSE_NOTIFY] application data after close notify (_ssl.c:2712)')>
Traceback (most recent call last):
  File "/opt/hostedtoolcache/Python/3.10.17/x64/lib/python3.10/asyncio/sslproto.py", line 534, in data_received
    ssldata, appdata = self._sslpipe.feed_ssldata(data)
  File "/opt/hostedtoolcache/Python/3.10.17/x64/lib/python3.10/asyncio/sslproto.py", line 206, in feed_ssldata
    self._sslobj.unwrap()
  File "/opt/hostedtoolcache/Python/3.10.17/x64/lib/python3.10/ssl.py", line 979, in unwrap
    return self._sslobj.shutdown()
ssl.SSLError: [SSL: APPLICATION_DATA_AFTER_CLOSE_NOTIFY] application data after close notify (_ssl.c:2712)

The above exception was the direct cause of the following exception:

aiohttp.client_exceptions.ClientConnectionError: Connection lost: [SSL: APPLICATION_DATA_AFTER_CLOSE_NOTIFY] application data after close notify (_ssl.c:2712)
2025-05-30 09:57:01,954 - ERROR - Future exception was never retrieved
future: <Future finished exception=ClientConnectionError('Connection lost: [SSL: APPLICATION_DATA_AFTER_CLOSE_NOTIFY] application data after close notify (_ssl.c:2712)')>
Traceback (most recent call last):
  File "/opt/hostedtoolcache/Python/3.10.17/x64/lib/python3.10/asyncio/sslproto.py", line 534, in data_received
    ssldata, appdata = self._sslpipe.feed_ssldata(data)
  File "/opt/hostedtoolcache/Python/3.10.17/x64/lib/python3.10/asyncio/sslproto.py", line 206, in feed_ssldata
    self._sslobj.unwrap()
  File "/opt/hostedtoolcache/Python/3.10.17/x64/lib/python3.10/ssl.py", line 979, in unwrap
    return self._sslobj.shutdown()
ssl.SSLError: [SSL: APPLICATION_DATA_AFTER_CLOSE_NOTIFY] application data after close notify (_ssl.c:2712)

The above exception was the direct cause of the following exception:

aiohttp.client_exceptions.ClientConnectionError: Connection lost: [SSL: APPLICATION_DATA_AFTER_CLOSE_NOTIFY] application data after close notify (_ssl.c:2712)
2025-05-30 09:57:01,957 - ERROR - Future exception was never retrieved
future: <Future finished exception=ClientConnectionError('Connection lost: [SSL: APPLICATION_DATA_AFTER_CLOSE_NOTIFY] application data after close notify (_ssl.c:2712)')>
Traceback (most recent call last):
  File "/opt/hostedtoolcache/Python/3.10.17/x64/lib/python3.10/asyncio/sslproto.py", line 534, in data_received
    ssldata, appdata = self._sslpipe.feed_ssldata(data)
  File "/opt/hostedtoolcache/Python/3.10.17/x64/lib/python3.10/asyncio/sslproto.py", line 206, in feed_ssldata
    self._sslobj.unwrap()
  File "/opt/hostedtoolcache/Python/3.10.17/x64/lib/python3.10/ssl.py", line 979, in unwrap
    return self._sslobj.shutdown()
ssl.SSLError: [SSL: APPLICATION_DATA_AFTER_CLOSE_NOTIFY] application data after close notify (_ssl.c:2712)

The above exception was the direct cause of the following exception:

aiohttp.client_exceptions.ClientConnectionError: Connection lost: [SSL: APPLICATION_DATA_AFTER_CLOSE_NOTIFY] application data after close notify (_ssl.c:2712)
2025-05-30 09:57:02,057 - ERROR - Future exception was never retrieved
future: <Future finished exception=ClientConnectionError('Connection lost: [SSL: APPLICATION_DATA_AFTER_CLOSE_NOTIFY] application data after close notify (_ssl.c:2712)')>
Traceback (most recent call last):
  File "/opt/hostedtoolcache/Python/3.10.17/x64/lib/python3.10/asyncio/sslproto.py", line 534, in data_received
    ssldata, appdata = self._sslpipe.feed_ssldata(data)
  File "/opt/hostedtoolcache/Python/3.10.17/x64/lib/python3.10/asyncio/sslproto.py", line 206, in feed_ssldata
    self._sslobj.unwrap()
  File "/opt/hostedtoolcache/Python/3.10.17/x64/lib/python3.10/ssl.py", line 979, in unwrap
    return self._sslobj.shutdown()
ssl.SSLError: [SSL: APPLICATION_DATA_AFTER_CLOSE_NOTIFY] application data after close notify (_ssl.c:2712)

The above exception was the direct cause of the following exception:

aiohttp.client_exceptions.ClientConnectionError: Connection lost: [SSL: APPLICATION_DATA_AFTER_CLOSE_NOTIFY] application data after close notify (_ssl.c:2712)
2025-05-30 09:57:10,822 - ERROR - Future exception was never retrieved
future: <Future finished exception=ClientConnectionError('Connection lost: [SSL: APPLICATION_DATA_AFTER_CLOSE_NOTIFY] application data after close notify (_ssl.c:2712)')>
Traceback (most recent call last):
  File "/opt/hostedtoolcache/Python/3.10.17/x64/lib/python3.10/asyncio/sslproto.py", line 534, in data_received
    ssldata, appdata = self._sslpipe.feed_ssldata(data)
  File "/opt/hostedtoolcache/Python/3.10.17/x64/lib/python3.10/asyncio/sslproto.py", line 206, in feed_ssldata
    self._sslobj.unwrap()
  File "/opt/hostedtoolcache/Python/3.10.17/x64/lib/python3.10/ssl.py", line 979, in unwrap
    return self._sslobj.shutdown()
ssl.SSLError: [SSL: APPLICATION_DATA_AFTER_CLOSE_NOTIFY] application data after close notify (_ssl.c:2712)

The above exception was the direct cause of the following exception:

aiohttp.client_exceptions.ClientConnectionError: Connection lost: [SSL: APPLICATION_DATA_AFTER_CLOSE_NOTIFY] application data after close notify (_ssl.c:2712)
2025-05-30 09:57:10,823 - ERROR - Future exception was never retrieved
future: <Future finished exception=ClientConnectionError('Connection lost: [SSL: APPLICATION_DATA_AFTER_CLOSE_NOTIFY] application data after close notify (_ssl.c:2712)')>
Traceback (most recent call last):
  File "/opt/hostedtoolcache/Python/3.10.17/x64/lib/python3.10/asyncio/sslproto.py", line 534, in data_received
    ssldata, appdata = self._sslpipe.feed_ssldata(data)
  File "/opt/hostedtoolcache/Python/3.10.17/x64/lib/python3.10/asyncio/sslproto.py", line 206, in feed_ssldata
    self._sslobj.unwrap()
  File "/opt/hostedtoolcache/Python/3.10.17/x64/lib/python3.10/ssl.py", line 979, in unwrap
    return self._sslobj.shutdown()
ssl.SSLError: [SSL: APPLICATION_DATA_AFTER_CLOSE_NOTIFY] application data after close notify (_ssl.c:2712)

The above exception was the direct cause of the following exception:

aiohttp.client_exceptions.ClientConnectionError: Connection lost: [SSL: APPLICATION_DATA_AFTER_CLOSE_NOTIFY] application data after close notify (_ssl.c:2712)
2025-05-30 09:57:10,823 - ERROR - Future exception was never retrieved
future: <Future finished exception=ClientConnectionError('Connection lost: [SSL: APPLICATION_DATA_AFTER_CLOSE_NOTIFY] application data after close notify (_ssl.c:2712)')>
Traceback (most recent call last):
  File "/opt/hostedtoolcache/Python/3.10.17/x64/lib/python3.10/asyncio/sslproto.py", line 534, in data_received
    ssldata, appdata = self._sslpipe.feed_ssldata(data)
  File "/opt/hostedtoolcache/Python/3.10.17/x64/lib/python3.10/asyncio/sslproto.py", line 206, in feed_ssldata
    self._sslobj.unwrap()
  File "/opt/hostedtoolcache/Python/3.10.17/x64/lib/python3.10/ssl.py", line 979, in unwrap
    return self._sslobj.shutdown()
ssl.SSLError: [SSL: APPLICATION_DATA_AFTER_CLOSE_NOTIFY] application data after close notify (_ssl.c:2712)

The above exception was the direct cause of the following exception:

aiohttp.client_exceptions.ClientConnectionError: Connection lost: [SSL: APPLICATION_DATA_AFTER_CLOSE_NOTIFY] application data after close notify (_ssl.c:2712)
2025-05-30 09:57:10,827 - ERROR - Future exception was never retrieved
future: <Future finished exception=ClientConnectionError('Connection lost: [SSL: APPLICATION_DATA_AFTER_CLOSE_NOTIFY] application data after close notify (_ssl.c:2712)')>
Traceback (most recent call last):
  File "/opt/hostedtoolcache/Python/3.10.17/x64/lib/python3.10/asyncio/sslproto.py", line 534, in data_received
    ssldata, appdata = self._sslpipe.feed_ssldata(data)
  File "/opt/hostedtoolcache/Python/3.10.17/x64/lib/python3.10/asyncio/sslproto.py", line 206, in feed_ssldata
    self._sslobj.unwrap()
  File "/opt/hostedtoolcache/Python/3.10.17/x64/lib/python3.10/ssl.py", line 979, in unwrap
    return self._sslobj.shutdown()
ssl.SSLError: [SSL: APPLICATION_DATA_AFTER_CLOSE_NOTIFY] application data after close notify (_ssl.c:2712)

The above exception was the direct cause of the following exception:

aiohttp.client_exceptions.ClientConnectionError: Connection lost: [SSL: APPLICATION_DATA_AFTER_CLOSE_NOTIFY] application data after close notify (_ssl.c:2712)
2025-05-30 09:57:10,833 - ERROR - Future exception was never retrieved
future: <Future finished exception=ClientConnectionError('Connection lost: [SSL: APPLICATION_DATA_AFTER_CLOSE_NOTIFY] application data after close notify (_ssl.c:2712)')>
Traceback (most recent call last):
  File "/opt/hostedtoolcache/Python/3.10.17/x64/lib/python3.10/asyncio/sslproto.py", line 534, in data_received
    ssldata, appdata = self._sslpipe.feed_ssldata(data)
  File "/opt/hostedtoolcache/Python/3.10.17/x64/lib/python3.10/asyncio/sslproto.py", line 206, in feed_ssldata
    self._sslobj.unwrap()
  File "/opt/hostedtoolcache/Python/3.10.17/x64/lib/python3.10/ssl.py", line 979, in unwrap
    return self._sslobj.shutdown()
ssl.SSLError: [SSL: APPLICATION_DATA_AFTER_CLOSE_NOTIFY] application data after close notify (_ssl.c:2712)

The above exception was the direct cause of the following exception:

aiohttp.client_exceptions.ClientConnectionError: Connection lost: [SSL: APPLICATION_DATA_AFTER_CLOSE_NOTIFY] application data after close notify (_ssl.c:2712)
2025-05-30 09:57:10,839 - ERROR - Future exception was never retrieved
future: <Future finished exception=ClientConnectionError('Connection lost: [SSL: APPLICATION_DATA_AFTER_CLOSE_NOTIFY] application data after close notify (_ssl.c:2712)')>
Traceback (most recent call last):
  File "/opt/hostedtoolcache/Python/3.10.17/x64/lib/python3.10/asyncio/sslproto.py", line 534, in data_received
    ssldata, appdata = self._sslpipe.feed_ssldata(data)
  File "/opt/hostedtoolcache/Python/3.10.17/x64/lib/python3.10/asyncio/sslproto.py", line 206, in feed_ssldata
    self._sslobj.unwrap()
  File "/opt/hostedtoolcache/Python/3.10.17/x64/lib/python3.10/ssl.py", line 979, in unwrap
    return self._sslobj.shutdown()
ssl.SSLError: [SSL: APPLICATION_DATA_AFTER_CLOSE_NOTIFY] application data after close notify (_ssl.c:2712)

The above exception was the direct cause of the following exception:

aiohttp.client_exceptions.ClientConnectionError: Connection lost: [SSL: APPLICATION_DATA_AFTER_CLOSE_NOTIFY] application data after close notify (_ssl.c:2712)
2025-05-30 09:57:10,841 - ERROR - Future exception was never retrieved
future: <Future finished exception=ClientConnectionError('Connection lost: [SSL: APPLICATION_DATA_AFTER_CLOSE_NOTIFY] application data after close notify (_ssl.c:2712)')>
Traceback (most recent call last):
  File "/opt/hostedtoolcache/Python/3.10.17/x64/lib/python3.10/asyncio/sslproto.py", line 534, in data_received
    ssldata, appdata = self._sslpipe.feed_ssldata(data)
  File "/opt/hostedtoolcache/Python/3.10.17/x64/lib/python3.10/asyncio/sslproto.py", line 206, in feed_ssldata
    self._sslobj.unwrap()
  File "/opt/hostedtoolcache/Python/3.10.17/x64/lib/python3.10/ssl.py", line 979, in unwrap
    return self._sslobj.shutdown()
ssl.SSLError: [SSL: APPLICATION_DATA_AFTER_CLOSE_NOTIFY] application data after close notify (_ssl.c:2712)

The above exception was the direct cause of the following exception:

aiohttp.client_exceptions.ClientConnectionError: Connection lost: [SSL: APPLICATION_DATA_AFTER_CLOSE_NOTIFY] application data after close notify (_ssl.c:2712)
2025-05-30 09:57:13,141 - ERROR - Future exception was never retrieved
future: <Future finished exception=ClientConnectionError('Connection lost: [SSL: APPLICATION_DATA_AFTER_CLOSE_NOTIFY] application data after close notify (_ssl.c:2712)')>
Traceback (most recent call last):
  File "/opt/hostedtoolcache/Python/3.10.17/x64/lib/python3.10/asyncio/sslproto.py", line 534, in data_received
    ssldata, appdata = self._sslpipe.feed_ssldata(data)
  File "/opt/hostedtoolcache/Python/3.10.17/x64/lib/python3.10/asyncio/sslproto.py", line 206, in feed_ssldata
    self._sslobj.unwrap()
  File "/opt/hostedtoolcache/Python/3.10.17/x64/lib/python3.10/ssl.py", line 979, in unwrap
    return self._sslobj.shutdown()
ssl.SSLError: [SSL: APPLICATION_DATA_AFTER_CLOSE_NOTIFY] application data after close notify (_ssl.c:2712)

The above exception was the direct cause of the following exception:

aiohttp.client_exceptions.ClientConnectionError: Connection lost: [SSL: APPLICATION_DATA_AFTER_CLOSE_NOTIFY] application data after close notify (_ssl.c:2712)
2025-05-30 09:57:13,341 - ERROR - Future exception was never retrieved
future: <Future finished exception=ClientConnectionError('Connection lost: [SSL: APPLICATION_DATA_AFTER_CLOSE_NOTIFY] application data after close notify (_ssl.c:2712)')>
Traceback (most recent call last):
  File "/opt/hostedtoolcache/Python/3.10.17/x64/lib/python3.10/asyncio/sslproto.py", line 534, in data_received
    ssldata, appdata = self._sslpipe.feed_ssldata(data)
  File "/opt/hostedtoolcache/Python/3.10.17/x64/lib/python3.10/asyncio/sslproto.py", line 206, in feed_ssldata
    self._sslobj.unwrap()
  File "/opt/hostedtoolcache/Python/3.10.17/x64/lib/python3.10/ssl.py", line 979, in unwrap
    return self._sslobj.shutdown()
ssl.SSLError: [SSL: APPLICATION_DATA_AFTER_CLOSE_NOTIFY] application data after close notify (_ssl.c:2712)

The above exception was the direct cause of the following exception:

aiohttp.client_exceptions.ClientConnectionError: Connection lost: [SSL: APPLICATION_DATA_AFTER_CLOSE_NOTIFY] application data after close notify (_ssl.c:2712)
2025-05-30 09:57:13,343 - ERROR - Future exception was never retrieved
future: <Future finished exception=ClientConnectionError('Connection lost: [SSL: APPLICATION_DATA_AFTER_CLOSE_NOTIFY] application data after close notify (_ssl.c:2712)')>
Traceback (most recent call last):
  File "/opt/hostedtoolcache/Python/3.10.17/x64/lib/python3.10/asyncio/sslproto.py", line 534, in data_received
    ssldata, appdata = self._sslpipe.feed_ssldata(data)
  File "/opt/hostedtoolcache/Python/3.10.17/x64/lib/python3.10/asyncio/sslproto.py", line 206, in feed_ssldata
    self._sslobj.unwrap()
  File "/opt/hostedtoolcache/Python/3.10.17/x64/lib/python3.10/ssl.py", line 979, in unwrap
    return self._sslobj.shutdown()
ssl.SSLError: [SSL: APPLICATION_DATA_AFTER_CLOSE_NOTIFY] application data after close notify (_ssl.c:2712)

The above exception was the direct cause of the following exception:

aiohttp.client_exceptions.ClientConnectionError: Connection lost: [SSL: APPLICATION_DATA_AFTER_CLOSE_NOTIFY] application data after close notify (_ssl.c:2712)
2025-05-30 09:57:17,977 - ERROR - Future exception was never retrieved
future: <Future finished exception=ClientConnectionError('Connection lost: [SSL: APPLICATION_DATA_AFTER_CLOSE_NOTIFY] application data after close notify (_ssl.c:2712)')>
Traceback (most recent call last):
  File "/opt/hostedtoolcache/Python/3.10.17/x64/lib/python3.10/asyncio/sslproto.py", line 534, in data_received
    ssldata, appdata = self._sslpipe.feed_ssldata(data)
  File "/opt/hostedtoolcache/Python/3.10.17/x64/lib/python3.10/asyncio/sslproto.py", line 206, in feed_ssldata
    self._sslobj.unwrap()
  File "/opt/hostedtoolcache/Python/3.10.17/x64/lib/python3.10/ssl.py", line 979, in unwrap
    return self._sslobj.shutdown()
ssl.SSLError: [SSL: APPLICATION_DATA_AFTER_CLOSE_NOTIFY] application data after close notify (_ssl.c:2712)

The above exception was the direct cause of the following exception:

aiohttp.client_exceptions.ClientConnectionError: Connection lost: [SSL: APPLICATION_DATA_AFTER_CLOSE_NOTIFY] application data after close notify (_ssl.c:2712)
2025-05-30 09:57:17,977 - ERROR - Future exception was never retrieved
future: <Future finished exception=ClientConnectionError('Connection lost: [SSL: APPLICATION_DATA_AFTER_CLOSE_NOTIFY] application data after close notify (_ssl.c:2712)')>
Traceback (most recent call last):
  File "/opt/hostedtoolcache/Python/3.10.17/x64/lib/python3.10/asyncio/sslproto.py", line 534, in data_received
    ssldata, appdata = self._sslpipe.feed_ssldata(data)
  File "/opt/hostedtoolcache/Python/3.10.17/x64/lib/python3.10/asyncio/sslproto.py", line 206, in feed_ssldata
    self._sslobj.unwrap()
  File "/opt/hostedtoolcache/Python/3.10.17/x64/lib/python3.10/ssl.py", line 979, in unwrap
    return self._sslobj.shutdown()
ssl.SSLError: [SSL: APPLICATION_DATA_AFTER_CLOSE_NOTIFY] application data after close notify (_ssl.c:2712)

The above exception was the direct cause of the following exception:

aiohttp.client_exceptions.ClientConnectionError: Connection lost: [SSL: APPLICATION_DATA_AFTER_CLOSE_NOTIFY] application data after close notify (_ssl.c:2712)
2025-05-30 09:57:17,979 - ERROR - Future exception was never retrieved
future: <Future finished exception=ClientConnectionError('Connection lost: [SSL: APPLICATION_DATA_AFTER_CLOSE_NOTIFY] application data after close notify (_ssl.c:2712)')>
Traceback (most recent call last):
  File "/opt/hostedtoolcache/Python/3.10.17/x64/lib/python3.10/asyncio/sslproto.py", line 534, in data_received
    ssldata, appdata = self._sslpipe.feed_ssldata(data)
  File "/opt/hostedtoolcache/Python/3.10.17/x64/lib/python3.10/asyncio/sslproto.py", line 206, in feed_ssldata
    self._sslobj.unwrap()
  File "/opt/hostedtoolcache/Python/3.10.17/x64/lib/python3.10/ssl.py", line 979, in unwrap
    return self._sslobj.shutdown()
ssl.SSLError: [SSL: APPLICATION_DATA_AFTER_CLOSE_NOTIFY] application data after close notify (_ssl.c:2712)

The above exception was the direct cause of the following exception:

aiohttp.client_exceptions.ClientConnectionError: Connection lost: [SSL: APPLICATION_DATA_AFTER_CLOSE_NOTIFY] application data after close notify (_ssl.c:2712)
2025-05-30 09:57:20,013 - ERROR - Future exception was never retrieved
future: <Future finished exception=ClientConnectionError('Connection lost: [SSL: APPLICATION_DATA_AFTER_CLOSE_NOTIFY] application data after close notify (_ssl.c:2712)')>
Traceback (most recent call last):
  File "/opt/hostedtoolcache/Python/3.10.17/x64/lib/python3.10/asyncio/sslproto.py", line 534, in data_received
    ssldata, appdata = self._sslpipe.feed_ssldata(data)
  File "/opt/hostedtoolcache/Python/3.10.17/x64/lib/python3.10/asyncio/sslproto.py", line 206, in feed_ssldata
    self._sslobj.unwrap()
  File "/opt/hostedtoolcache/Python/3.10.17/x64/lib/python3.10/ssl.py", line 979, in unwrap
    return self._sslobj.shutdown()
ssl.SSLError: [SSL: APPLICATION_DATA_AFTER_CLOSE_NOTIFY] application data after close notify (_ssl.c:2712)

The above exception was the direct cause of the following exception:

aiohttp.client_exceptions.ClientConnectionError: Connection lost: [SSL: APPLICATION_DATA_AFTER_CLOSE_NOTIFY] application data after close notify (_ssl.c:2712)
2025-05-30 09:57:20,024 - ERROR - Future exception was never retrieved
future: <Future finished exception=ClientConnectionError('Connection lost: [SSL: APPLICATION_DATA_AFTER_CLOSE_NOTIFY] application data after close notify (_ssl.c:2712)')>
Traceback (most recent call last):
  File "/opt/hostedtoolcache/Python/3.10.17/x64/lib/python3.10/asyncio/sslproto.py", line 534, in data_received
    ssldata, appdata = self._sslpipe.feed_ssldata(data)
  File "/opt/hostedtoolcache/Python/3.10.17/x64/lib/python3.10/asyncio/sslproto.py", line 206, in feed_ssldata
    self._sslobj.unwrap()
  File "/opt/hostedtoolcache/Python/3.10.17/x64/lib/python3.10/ssl.py", line 979, in unwrap
    return self._sslobj.shutdown()
ssl.SSLError: [SSL: APPLICATION_DATA_AFTER_CLOSE_NOTIFY] application data after close notify (_ssl.c:2712)

The above exception was the direct cause of the following exception:

aiohttp.client_exceptions.ClientConnectionError: Connection lost: [SSL: APPLICATION_DATA_AFTER_CLOSE_NOTIFY] application data after close notify (_ssl.c:2712)
2025-05-30 09:57:20,026 - ERROR - Future exception was never retrieved
future: <Future finished exception=ClientConnectionError('Connection lost: [SSL: APPLICATION_DATA_AFTER_CLOSE_NOTIFY] application data after close notify (_ssl.c:2712)')>
Traceback (most recent call last):
  File "/opt/hostedtoolcache/Python/3.10.17/x64/lib/python3.10/asyncio/sslproto.py", line 534, in data_received
    ssldata, appdata = self._sslpipe.feed_ssldata(data)
  File "/opt/hostedtoolcache/Python/3.10.17/x64/lib/python3.10/asyncio/sslproto.py", line 206, in feed_ssldata
    self._sslobj.unwrap()
  File "/opt/hostedtoolcache/Python/3.10.17/x64/lib/python3.10/ssl.py", line 979, in unwrap
    return self._sslobj.shutdown()
ssl.SSLError: [SSL: APPLICATION_DATA_AFTER_CLOSE_NOTIFY] application data after close notify (_ssl.c:2712)

The above exception was the direct cause of the following exception:

aiohttp.client_exceptions.ClientConnectionError: Connection lost: [SSL: APPLICATION_DATA_AFTER_CLOSE_NOTIFY] application data after close notify (_ssl.c:2712)
2025-05-30 09:57:20,027 - ERROR - Future exception was never retrieved
future: <Future finished exception=ClientConnectionError('Connection lost: [SSL: APPLICATION_DATA_AFTER_CLOSE_NOTIFY] application data after close notify (_ssl.c:2712)')>
Traceback (most recent call last):
  File "/opt/hostedtoolcache/Python/3.10.17/x64/lib/python3.10/asyncio/sslproto.py", line 534, in data_received
    ssldata, appdata = self._sslpipe.feed_ssldata(data)
  File "/opt/hostedtoolcache/Python/3.10.17/x64/lib/python3.10/asyncio/sslproto.py", line 206, in feed_ssldata
    self._sslobj.unwrap()
  File "/opt/hostedtoolcache/Python/3.10.17/x64/lib/python3.10/ssl.py", line 979, in unwrap
    return self._sslobj.shutdown()
ssl.SSLError: [SSL: APPLICATION_DATA_AFTER_CLOSE_NOTIFY] application data after close notify (_ssl.c:2712)

The above exception was the direct cause of the following exception:

aiohttp.client_exceptions.ClientConnectionError: Connection lost: [SSL: APPLICATION_DATA_AFTER_CLOSE_NOTIFY] application data after close notify (_ssl.c:2712)
2025-05-30 09:57:30,505 - ERROR - Future exception was never retrieved
future: <Future finished exception=ClientConnectionError('Connection lost: [SSL: APPLICATION_DATA_AFTER_CLOSE_NOTIFY] application data after close notify (_ssl.c:2712)')>
Traceback (most recent call last):
  File "/opt/hostedtoolcache/Python/3.10.17/x64/lib/python3.10/asyncio/sslproto.py", line 534, in data_received
    ssldata, appdata = self._sslpipe.feed_ssldata(data)
  File "/opt/hostedtoolcache/Python/3.10.17/x64/lib/python3.10/asyncio/sslproto.py", line 206, in feed_ssldata
    self._sslobj.unwrap()
  File "/opt/hostedtoolcache/Python/3.10.17/x64/lib/python3.10/ssl.py", line 979, in unwrap
    return self._sslobj.shutdown()
ssl.SSLError: [SSL: APPLICATION_DATA_AFTER_CLOSE_NOTIFY] application data after close notify (_ssl.c:2712)

The above exception was the direct cause of the following exception:

aiohttp.client_exceptions.ClientConnectionError: Connection lost: [SSL: APPLICATION_DATA_AFTER_CLOSE_NOTIFY] application data after close notify (_ssl.c:2712)
2025-05-30 09:57:30,550 - ERROR - Future exception was never retrieved
future: <Future finished exception=ClientConnectionError('Connection lost: [SSL: APPLICATION_DATA_AFTER_CLOSE_NOTIFY] application data after close notify (_ssl.c:2712)')>
Traceback (most recent call last):
  File "/opt/hostedtoolcache/Python/3.10.17/x64/lib/python3.10/asyncio/sslproto.py", line 534, in data_received
    ssldata, appdata = self._sslpipe.feed_ssldata(data)
  File "/opt/hostedtoolcache/Python/3.10.17/x64/lib/python3.10/asyncio/sslproto.py", line 206, in feed_ssldata
    self._sslobj.unwrap()
  File "/opt/hostedtoolcache/Python/3.10.17/x64/lib/python3.10/ssl.py", line 979, in unwrap
    return self._sslobj.shutdown()
ssl.SSLError: [SSL: APPLICATION_DATA_AFTER_CLOSE_NOTIFY] application data after close notify (_ssl.c:2712)

The above exception was the direct cause of the following exception:

aiohttp.client_exceptions.ClientConnectionError: Connection lost: [SSL: APPLICATION_DATA_AFTER_CLOSE_NOTIFY] application data after close notify (_ssl.c:2712)
2025-05-30 09:57:30,561 - ERROR - Future exception was never retrieved
future: <Future finished exception=ClientConnectionError('Connection lost: [SSL: APPLICATION_DATA_AFTER_CLOSE_NOTIFY] application data after close notify (_ssl.c:2712)')>
Traceback (most recent call last):
  File "/opt/hostedtoolcache/Python/3.10.17/x64/lib/python3.10/asyncio/sslproto.py", line 534, in data_received
    ssldata, appdata = self._sslpipe.feed_ssldata(data)
  File "/opt/hostedtoolcache/Python/3.10.17/x64/lib/python3.10/asyncio/sslproto.py", line 206, in feed_ssldata
    self._sslobj.unwrap()
  File "/opt/hostedtoolcache/Python/3.10.17/x64/lib/python3.10/ssl.py", line 979, in unwrap
    return self._sslobj.shutdown()
ssl.SSLError: [SSL: APPLICATION_DATA_AFTER_CLOSE_NOTIFY] application data after close notify (_ssl.c:2712)

The above exception was the direct cause of the following exception:

aiohttp.client_exceptions.ClientConnectionError: Connection lost: [SSL: APPLICATION_DATA_AFTER_CLOSE_NOTIFY] application data after close notify (_ssl.c:2712)
2025-05-30 09:57:38,556 - ERROR - Future exception was never retrieved
future: <Future finished exception=ClientConnectionError('Connection lost: [SSL: APPLICATION_DATA_AFTER_CLOSE_NOTIFY] application data after close notify (_ssl.c:2712)')>
Traceback (most recent call last):
  File "/opt/hostedtoolcache/Python/3.10.17/x64/lib/python3.10/asyncio/sslproto.py", line 534, in data_received
    ssldata, appdata = self._sslpipe.feed_ssldata(data)
  File "/opt/hostedtoolcache/Python/3.10.17/x64/lib/python3.10/asyncio/sslproto.py", line 206, in feed_ssldata
    self._sslobj.unwrap()
  File "/opt/hostedtoolcache/Python/3.10.17/x64/lib/python3.10/ssl.py", line 979, in unwrap
    return self._sslobj.shutdown()
ssl.SSLError: [SSL: APPLICATION_DATA_AFTER_CLOSE_NOTIFY] application data after close notify (_ssl.c:2712)

The above exception was the direct cause of the following exception:

aiohttp.client_exceptions.ClientConnectionError: Connection lost: [SSL: APPLICATION_DATA_AFTER_CLOSE_NOTIFY] application data after close notify (_ssl.c:2712)
2025-05-30 09:57:43,195 - ERROR - Future exception was never retrieved
future: <Future finished exception=ClientConnectionError('Connection lost: [SSL: APPLICATION_DATA_AFTER_CLOSE_NOTIFY] application data after close notify (_ssl.c:2712)')>
Traceback (most recent call last):
  File "/opt/hostedtoolcache/Python/3.10.17/x64/lib/python3.10/asyncio/sslproto.py", line 534, in data_received
    ssldata, appdata = self._sslpipe.feed_ssldata(data)
  File "/opt/hostedtoolcache/Python/3.10.17/x64/lib/python3.10/asyncio/sslproto.py", line 206, in feed_ssldata
    self._sslobj.unwrap()
  File "/opt/hostedtoolcache/Python/3.10.17/x64/lib/python3.10/ssl.py", line 979, in unwrap
    return self._sslobj.shutdown()
ssl.SSLError: [SSL: APPLICATION_DATA_AFTER_CLOSE_NOTIFY] application data after close notify (_ssl.c:2712)

The above exception was the direct cause of the following exception:

aiohttp.client_exceptions.ClientConnectionError: Connection lost: [SSL: APPLICATION_DATA_AFTER_CLOSE_NOTIFY] application data after close notify (_ssl.c:2712)
2025-05-30 09:58:11,486 - ERROR - Future exception was never retrieved
future: <Future finished exception=ClientConnectionError('Connection lost: [SSL: APPLICATION_DATA_AFTER_CLOSE_NOTIFY] application data after close notify (_ssl.c:2712)')>
Traceback (most recent call last):
  File "/opt/hostedtoolcache/Python/3.10.17/x64/lib/python3.10/asyncio/sslproto.py", line 534, in data_received
    ssldata, appdata = self._sslpipe.feed_ssldata(data)
  File "/opt/hostedtoolcache/Python/3.10.17/x64/lib/python3.10/asyncio/sslproto.py", line 206, in feed_ssldata
    self._sslobj.unwrap()
  File "/opt/hostedtoolcache/Python/3.10.17/x64/lib/python3.10/ssl.py", line 979, in unwrap
    return self._sslobj.shutdown()
ssl.SSLError: [SSL: APPLICATION_DATA_AFTER_CLOSE_NOTIFY] application data after close notify (_ssl.c:2712)

The above exception was the direct cause of the following exception:

aiohttp.client_exceptions.ClientConnectionError: Connection lost: [SSL: APPLICATION_DATA_AFTER_CLOSE_NOTIFY] application data after close notify (_ssl.c:2712)
2025-05-30 09:58:11,488 - ERROR - Future exception was never retrieved
future: <Future finished exception=ClientConnectionError('Connection lost: [SSL: APPLICATION_DATA_AFTER_CLOSE_NOTIFY] application data after close notify (_ssl.c:2712)')>
Traceback (most recent call last):
  File "/opt/hostedtoolcache/Python/3.10.17/x64/lib/python3.10/asyncio/sslproto.py", line 534, in data_received
    ssldata, appdata = self._sslpipe.feed_ssldata(data)
  File "/opt/hostedtoolcache/Python/3.10.17/x64/lib/python3.10/asyncio/sslproto.py", line 206, in feed_ssldata
    self._sslobj.unwrap()
  File "/opt/hostedtoolcache/Python/3.10.17/x64/lib/python3.10/ssl.py", line 979, in unwrap
    return self._sslobj.shutdown()
ssl.SSLError: [SSL: APPLICATION_DATA_AFTER_CLOSE_NOTIFY] application data after close notify (_ssl.c:2712)

The above exception was the direct cause of the following exception:

aiohttp.client_exceptions.ClientConnectionError: Connection lost: [SSL: APPLICATION_DATA_AFTER_CLOSE_NOTIFY] application data after close notify (_ssl.c:2712)
2025-05-30 09:58:28,713 - ERROR - Future exception was never retrieved
future: <Future finished exception=ClientConnectionError('Connection lost: [SSL: APPLICATION_DATA_AFTER_CLOSE_NOTIFY] application data after close notify (_ssl.c:2712)')>
Traceback (most recent call last):
  File "/opt/hostedtoolcache/Python/3.10.17/x64/lib/python3.10/asyncio/sslproto.py", line 534, in data_received
    ssldata, appdata = self._sslpipe.feed_ssldata(data)
  File "/opt/hostedtoolcache/Python/3.10.17/x64/lib/python3.10/asyncio/sslproto.py", line 206, in feed_ssldata
    self._sslobj.unwrap()
  File "/opt/hostedtoolcache/Python/3.10.17/x64/lib/python3.10/ssl.py", line 979, in unwrap
    return self._sslobj.shutdown()
ssl.SSLError: [SSL: APPLICATION_DATA_AFTER_CLOSE_NOTIFY] application data after close notify (_ssl.c:2712)

The above exception was the direct cause of the following exception:

aiohttp.client_exceptions.ClientConnectionError: Connection lost: [SSL: APPLICATION_DATA_AFTER_CLOSE_NOTIFY] application data after close notify (_ssl.c:2712)
2025-05-30 09:58:28,714 - ERROR - Future exception was never retrieved
future: <Future finished exception=ClientConnectionError('Connection lost: [SSL: APPLICATION_DATA_AFTER_CLOSE_NOTIFY] application data after close notify (_ssl.c:2712)')>
Traceback (most recent call last):
  File "/opt/hostedtoolcache/Python/3.10.17/x64/lib/python3.10/asyncio/sslproto.py", line 534, in data_received
    ssldata, appdata = self._sslpipe.feed_ssldata(data)
  File "/opt/hostedtoolcache/Python/3.10.17/x64/lib/python3.10/asyncio/sslproto.py", line 206, in feed_ssldata
    self._sslobj.unwrap()
  File "/opt/hostedtoolcache/Python/3.10.17/x64/lib/python3.10/ssl.py", line 979, in unwrap
    return self._sslobj.shutdown()
ssl.SSLError: [SSL: APPLICATION_DATA_AFTER_CLOSE_NOTIFY] application data after close notify (_ssl.c:2712)

The above exception was the direct cause of the following exception:

aiohttp.client_exceptions.ClientConnectionError: Connection lost: [SSL: APPLICATION_DATA_AFTER_CLOSE_NOTIFY] application data after close notify (_ssl.c:2712)
2025-05-30 09:58:28,716 - ERROR - Future exception was never retrieved
future: <Future finished exception=ClientConnectionError('Connection lost: [SSL: APPLICATION_DATA_AFTER_CLOSE_NOTIFY] application data after close notify (_ssl.c:2712)')>
Traceback (most recent call last):
  File "/opt/hostedtoolcache/Python/3.10.17/x64/lib/python3.10/asyncio/sslproto.py", line 534, in data_received
    ssldata, appdata = self._sslpipe.feed_ssldata(data)
  File "/opt/hostedtoolcache/Python/3.10.17/x64/lib/python3.10/asyncio/sslproto.py", line 206, in feed_ssldata
    self._sslobj.unwrap()
  File "/opt/hostedtoolcache/Python/3.10.17/x64/lib/python3.10/ssl.py", line 979, in unwrap
    return self._sslobj.shutdown()
ssl.SSLError: [SSL: APPLICATION_DATA_AFTER_CLOSE_NOTIFY] application data after close notify (_ssl.c:2712)

The above exception was the direct cause of the following exception:

aiohttp.client_exceptions.ClientConnectionError: Connection lost: [SSL: APPLICATION_DATA_AFTER_CLOSE_NOTIFY] application data after close notify (_ssl.c:2712)
2025-05-30 09:58:28,717 - ERROR - Future exception was never retrieved
future: <Future finished exception=ClientConnectionError('Connection lost: [SSL: APPLICATION_DATA_AFTER_CLOSE_NOTIFY] application data after close notify (_ssl.c:2712)')>
Traceback (most recent call last):
  File "/opt/hostedtoolcache/Python/3.10.17/x64/lib/python3.10/asyncio/sslproto.py", line 534, in data_received
    ssldata, appdata = self._sslpipe.feed_ssldata(data)
  File "/opt/hostedtoolcache/Python/3.10.17/x64/lib/python3.10/asyncio/sslproto.py", line 206, in feed_ssldata
    self._sslobj.unwrap()
  File "/opt/hostedtoolcache/Python/3.10.17/x64/lib/python3.10/ssl.py", line 979, in unwrap
    return self._sslobj.shutdown()
ssl.SSLError: [SSL: APPLICATION_DATA_AFTER_CLOSE_NOTIFY] application data after close notify (_ssl.c:2712)

The above exception was the direct cause of the following exception:

aiohttp.client_exceptions.ClientConnectionError: Connection lost: [SSL: APPLICATION_DATA_AFTER_CLOSE_NOTIFY] application data after close notify (_ssl.c:2712)
2025-05-30 09:58:28,723 - ERROR - Future exception was never retrieved
future: <Future finished exception=ClientConnectionError('Connection lost: [SSL: APPLICATION_DATA_AFTER_CLOSE_NOTIFY] application data after close notify (_ssl.c:2712)')>
Traceback (most recent call last):
  File "/opt/hostedtoolcache/Python/3.10.17/x64/lib/python3.10/asyncio/sslproto.py", line 534, in data_received
    ssldata, appdata = self._sslpipe.feed_ssldata(data)
  File "/opt/hostedtoolcache/Python/3.10.17/x64/lib/python3.10/asyncio/sslproto.py", line 206, in feed_ssldata
    self._sslobj.unwrap()
  File "/opt/hostedtoolcache/Python/3.10.17/x64/lib/python3.10/ssl.py", line 979, in unwrap
    return self._sslobj.shutdown()
ssl.SSLError: [SSL: APPLICATION_DATA_AFTER_CLOSE_NOTIFY] application data after close notify (_ssl.c:2712)

The above exception was the direct cause of the following exception:

aiohttp.client_exceptions.ClientConnectionError: Connection lost: [SSL: APPLICATION_DATA_AFTER_CLOSE_NOTIFY] application data after close notify (_ssl.c:2712)
2025-05-30 09:58:28,730 - ERROR - Future exception was never retrieved
future: <Future finished exception=ClientConnectionError('Connection lost: [SSL: APPLICATION_DATA_AFTER_CLOSE_NOTIFY] application data after close notify (_ssl.c:2712)')>
Traceback (most recent call last):
  File "/opt/hostedtoolcache/Python/3.10.17/x64/lib/python3.10/asyncio/sslproto.py", line 534, in data_received
    ssldata, appdata = self._sslpipe.feed_ssldata(data)
  File "/opt/hostedtoolcache/Python/3.10.17/x64/lib/python3.10/asyncio/sslproto.py", line 206, in feed_ssldata
    self._sslobj.unwrap()
  File "/opt/hostedtoolcache/Python/3.10.17/x64/lib/python3.10/ssl.py", line 979, in unwrap
    return self._sslobj.shutdown()
ssl.SSLError: [SSL: APPLICATION_DATA_AFTER_CLOSE_NOTIFY] application data after close notify (_ssl.c:2712)

The above exception was the direct cause of the following exception:

aiohttp.client_exceptions.ClientConnectionError: Connection lost: [SSL: APPLICATION_DATA_AFTER_CLOSE_NOTIFY] application data after close notify (_ssl.c:2712)
2025-05-30 09:58:40,089 - ERROR - Future exception was never retrieved
future: <Future finished exception=ClientConnectionError('Connection lost: [SSL: APPLICATION_DATA_AFTER_CLOSE_NOTIFY] application data after close notify (_ssl.c:2712)')>
Traceback (most recent call last):
  File "/opt/hostedtoolcache/Python/3.10.17/x64/lib/python3.10/asyncio/sslproto.py", line 534, in data_received
    ssldata, appdata = self._sslpipe.feed_ssldata(data)
  File "/opt/hostedtoolcache/Python/3.10.17/x64/lib/python3.10/asyncio/sslproto.py", line 206, in feed_ssldata
    self._sslobj.unwrap()
  File "/opt/hostedtoolcache/Python/3.10.17/x64/lib/python3.10/ssl.py", line 979, in unwrap
    return self._sslobj.shutdown()
ssl.SSLError: [SSL: APPLICATION_DATA_AFTER_CLOSE_NOTIFY] application data after close notify (_ssl.c:2712)

The above exception was the direct cause of the following exception:

aiohttp.client_exceptions.ClientConnectionError: Connection lost: [SSL: APPLICATION_DATA_AFTER_CLOSE_NOTIFY] application data after close notify (_ssl.c:2712)
2025-05-30 10:07:24,325 - ERROR - Future exception was never retrieved
future: <Future finished exception=ClientConnectionError('Connection lost: [SSL: APPLICATION_DATA_AFTER_CLOSE_NOTIFY] application data after close notify (_ssl.c:2712)')>
Traceback (most recent call last):
  File "/opt/hostedtoolcache/Python/3.10.17/x64/lib/python3.10/asyncio/sslproto.py", line 534, in data_received
    ssldata, appdata = self._sslpipe.feed_ssldata(data)
  File "/opt/hostedtoolcache/Python/3.10.17/x64/lib/python3.10/asyncio/sslproto.py", line 206, in feed_ssldata
    self._sslobj.unwrap()
  File "/opt/hostedtoolcache/Python/3.10.17/x64/lib/python3.10/ssl.py", line 979, in unwrap
    return self._sslobj.shutdown()
ssl.SSLError: [SSL: APPLICATION_DATA_AFTER_CLOSE_NOTIFY] application data after close notify (_ssl.c:2712)

The above exception was the direct cause of the following exception:

aiohttp.client_exceptions.ClientConnectionError: Connection lost: [SSL: APPLICATION_DATA_AFTER_CLOSE_NOTIFY] application data after close notify (_ssl.c:2712)
